{"/Users/TuzsNewMacBook/Library/Mobile Documents/com~apple~CloudDocs/Development/code/Rails/fares-you-can-use-rails/app/assets/config/manifest.js":{"path":"/Users/TuzsNewMacBook/Library/Mobile Documents/com~apple~CloudDocs/Development/code/Rails/fares-you-can-use-rails/app/assets/config/manifest.js","statementMap":{},"fnMap":{},"branchMap":{},"s":{},"f":{},"b":{}},"/Users/TuzsNewMacBook/Library/Mobile Documents/com~apple~CloudDocs/Development/code/Rails/fares-you-can-use-rails/app/assets/javascripts/application.js":{"path":"/Users/TuzsNewMacBook/Library/Mobile Documents/com~apple~CloudDocs/Development/code/Rails/fares-you-can-use-rails/app/assets/javascripts/application.js","statementMap":{},"fnMap":{},"branchMap":{},"s":{},"f":{},"b":{}},"/Users/TuzsNewMacBook/Library/Mobile Documents/com~apple~CloudDocs/Development/code/Rails/fares-you-can-use-rails/app/assets/javascripts/cable.js":{"path":"/Users/TuzsNewMacBook/Library/Mobile Documents/com~apple~CloudDocs/Development/code/Rails/fares-you-can-use-rails/app/assets/javascripts/cable.js","statementMap":{"0":{"start":{"line":8,"column":0},"end":{"line":13,"column":14}},"1":{"start":{"line":9,"column":2},"end":{"line":9,"column":30}},"2":{"start":{"line":11,"column":2},"end":{"line":11,"column":43}}},"fnMap":{"0":{"name":"(anonymous_0)","decl":{"start":{"line":8,"column":1},"end":{"line":8,"column":2}},"loc":{"start":{"line":8,"column":12},"end":{"line":13,"column":1}},"line":8}},"branchMap":{"0":{"loc":{"start":{"line":9,"column":2},"end":{"line":9,"column":29}},"type":"binary-expr","locations":[{"start":{"line":9,"column":2},"end":{"line":9,"column":10}},{"start":{"line":9,"column":15},"end":{"line":9,"column":28}}],"line":9}},"s":{"0":0,"1":0,"2":0},"f":{"0":0},"b":{"0":[0,0]}},"/Users/TuzsNewMacBook/Library/Mobile Documents/com~apple~CloudDocs/Development/code/Rails/fares-you-can-use-rails/app/assets/javascripts/deal.js":{"path":"/Users/TuzsNewMacBook/Library/Mobile Documents/com~apple~CloudDocs/Development/code/Rails/fares-you-can-use-rails/app/assets/javascripts/deal.js","statementMap":{"0":{"start":{"line":13,"column":4},"end":{"line":13,"column":25}},"1":{"start":{"line":14,"column":4},"end":{"line":14,"column":29}},"2":{"start":{"line":15,"column":4},"end":{"line":15,"column":35}},"3":{"start":{"line":17,"column":4},"end":{"line":17,"column":43}},"4":{"start":{"line":18,"column":4},"end":{"line":18,"column":39}},"5":{"start":{"line":20,"column":4},"end":{"line":20,"column":35}},"6":{"start":{"line":21,"column":4},"end":{"line":21,"column":25}},"7":{"start":{"line":22,"column":4},"end":{"line":22,"column":27}},"8":{"start":{"line":23,"column":4},"end":{"line":23,"column":37}},"9":{"start":{"line":26,"column":0},"end":{"line":31,"column":2}},"10":{"start":{"line":27,"column":13},"end":{"line":27,"column":26}},"11":{"start":{"line":28,"column":12},"end":{"line":28,"column":26}},"12":{"start":{"line":29,"column":2},"end":{"line":29,"column":24}},"13":{"start":{"line":30,"column":2},"end":{"line":30,"column":14}}},"fnMap":{"0":{"name":"(anonymous_0)","decl":{"start":{"line":2,"column":2},"end":{"line":2,"column":3}},"loc":{"start":{"line":12,"column":5},"end":{"line":24,"column":3}},"line":12},"1":{"name":"(anonymous_1)","decl":{"start":{"line":26,"column":20},"end":{"line":26,"column":21}},"loc":{"start":{"line":26,"column":34},"end":{"line":31,"column":1}},"line":26}},"branchMap":{},"s":{"0":0,"1":0,"2":0,"3":0,"4":0,"5":0,"6":0,"7":0,"8":0,"9":0,"10":0,"11":0,"12":0,"13":0},"f":{"0":0,"1":0},"b":{}},"/Users/TuzsNewMacBook/Library/Mobile Documents/com~apple~CloudDocs/Development/code/Rails/fares-you-can-use-rails/spec/javascripts/classes_spec.js":{"path":"/Users/TuzsNewMacBook/Library/Mobile Documents/com~apple~CloudDocs/Development/code/Rails/fares-you-can-use-rails/spec/javascripts/classes_spec.js","statementMap":{"0":{"start":{"line":1,"column":0},"end":{"line":46,"column":3}},"1":{"start":{"line":7,"column":2},"end":{"line":45,"column":5}},"2":{"start":{"line":8,"column":15},"end":{"line":35,"column":5}},"3":{"start":{"line":36,"column":15},"end":{"line":36,"column":29}},"4":{"start":{"line":37,"column":4},"end":{"line":37,"column":40}},"5":{"start":{"line":38,"column":4},"end":{"line":38,"column":52}},"6":{"start":{"line":39,"column":4},"end":{"line":39,"column":58}},"7":{"start":{"line":42,"column":4},"end":{"line":42,"column":58}},"8":{"start":{"line":43,"column":4},"end":{"line":43,"column":50}},"9":{"start":{"line":44,"column":4},"end":{"line":44,"column":60}}},"fnMap":{"0":{"name":"(anonymous_0)","decl":{"start":{"line":1,"column":24},"end":{"line":1,"column":25}},"loc":{"start":{"line":1,"column":30},"end":{"line":46,"column":1}},"line":1},"1":{"name":"(anonymous_1)","decl":{"start":{"line":7,"column":44},"end":{"line":7,"column":45}},"loc":{"start":{"line":7,"column":50},"end":{"line":45,"column":3}},"line":7}},"branchMap":{},"s":{"0":0,"1":0,"2":0,"3":0,"4":0,"5":0,"6":0,"7":0,"8":0,"9":0},"f":{"0":0,"1":0},"b":{}},"/Users/TuzsNewMacBook/Library/Mobile Documents/com~apple~CloudDocs/Development/code/Rails/fares-you-can-use-rails/spec/javascripts/spec_helper.js":{"path":"/Users/TuzsNewMacBook/Library/Mobile Documents/com~apple~CloudDocs/Development/code/Rails/fares-you-can-use-rails/spec/javascripts/spec_helper.js","statementMap":{"0":{"start":{"line":40,"column":0},"end":{"line":40,"column":28}}},"fnMap":{},"branchMap":{},"s":{"0":0},"f":{},"b":{}},"/Users/TuzsNewMacBook/Library/Mobile Documents/com~apple~CloudDocs/Development/code/Rails/fares-you-can-use-rails/spec/javascripts/test_spec.js":{"path":"/Users/TuzsNewMacBook/Library/Mobile Documents/com~apple~CloudDocs/Development/code/Rails/fares-you-can-use-rails/spec/javascripts/test_spec.js","statementMap":{},"fnMap":{},"branchMap":{},"s":{},"f":{},"b":{}},"/Users/TuzsNewMacBook/Library/Mobile Documents/com~apple~CloudDocs/Development/code/Rails/fares-you-can-use-rails/vendor/jquery-3.2.1.min.js":{"path":"/Users/TuzsNewMacBook/Library/Mobile Documents/com~apple~CloudDocs/Development/code/Rails/fares-you-can-use-rails/vendor/jquery-3.2.1.min.js","statementMap":{"0":{"start":{"line":2,"column":0},"end":{"line":4,"column":22480}},"1":{"start":{"line":2,"column":28},"end":{"line":2,"column":223}},"2":{"start":{"line":2,"column":131},"end":{"line":2,"column":206}},"3":{"start":{"line":2,"column":146},"end":{"line":2,"column":206}},"4":{"start":{"line":2,"column":206},"end":{"line":2,"column":217}},"5":{"start":{"line":2,"column":297},"end":{"line":2,"column":299}},"6":{"start":{"line":2,"column":302},"end":{"line":2,"column":312}},"7":{"start":{"line":2,"column":315},"end":{"line":2,"column":336}},"8":{"start":{"line":2,"column":339},"end":{"line":2,"column":346}},"9":{"start":{"line":2,"column":349},"end":{"line":2,"column":357}},"10":{"start":{"line":2,"column":360},"end":{"line":2,"column":366}},"11":{"start":{"line":2,"column":369},"end":{"line":2,"column":378}},"12":{"start":{"line":2,"column":381},"end":{"line":2,"column":383}},"13":{"start":{"line":2,"column":386},"end":{"line":2,"column":396}},"14":{"start":{"line":2,"column":399},"end":{"line":2,"column":415}},"15":{"start":{"line":2,"column":418},"end":{"line":2,"column":428}},"16":{"start":{"line":2,"column":431},"end":{"line":2,"column":445}},"17":{"start":{"line":2,"column":448},"end":{"line":2,"column":450}},"18":{"start":{"line":2,"column":467},"end":{"line":2,"column":474}},"19":{"start":{"line":2,"column":480},"end":{"line":2,"column":505}},"20":{"start":{"line":2,"column":506},"end":{"line":2,"column":562}},"21":{"start":{"line":2,"column":569},"end":{"line":2,"column":576}},"22":{"start":{"line":2,"column":579},"end":{"line":2,"column":619}},"23":{"start":{"line":2,"column":593},"end":{"line":2,"column":618}},"24":{"start":{"line":2,"column":622},"end":{"line":2,"column":658}},"25":{"start":{"line":2,"column":661},"end":{"line":2,"column":668}},"26":{"start":{"line":2,"column":671},"end":{"line":2,"column":682}},"27":{"start":{"line":2,"column":685},"end":{"line":2,"column":722}},"28":{"start":{"line":2,"column":699},"end":{"line":2,"column":721}},"29":{"start":{"line":2,"column":723},"end":{"line":2,"column":3868}},"30":{"start":{"line":2,"column":792},"end":{"line":2,"column":811}},"31":{"start":{"line":2,"column":829},"end":{"line":2,"column":888}},"32":{"start":{"line":2,"column":918},"end":{"line":2,"column":947}},"33":{"start":{"line":2,"column":948},"end":{"line":2,"column":974}},"34":{"start":{"line":2,"column":993},"end":{"line":2,"column":1014}},"35":{"start":{"line":2,"column":1032},"end":{"line":2,"column":1102}},"36":{"start":{"line":2,"column":1079},"end":{"line":2,"column":1099}},"37":{"start":{"line":2,"column":1121},"end":{"line":2,"column":1167}},"38":{"start":{"line":2,"column":1186},"end":{"line":2,"column":1203}},"39":{"start":{"line":2,"column":1221},"end":{"line":2,"column":1239}},"40":{"start":{"line":2,"column":1262},"end":{"line":2,"column":1273}},"41":{"start":{"line":2,"column":1276},"end":{"line":2,"column":1288}},"42":{"start":{"line":2,"column":1289},"end":{"line":2,"column":1334}},"43":{"start":{"line":2,"column":1351},"end":{"line":2,"column":1393}},"44":{"start":{"line":2,"column":1481},"end":{"line":2,"column":1497}},"45":{"start":{"line":2,"column":1500},"end":{"line":2,"column":1501}},"46":{"start":{"line":2,"column":1504},"end":{"line":2,"column":1520}},"47":{"start":{"line":2,"column":1523},"end":{"line":2,"column":1525}},"48":{"start":{"line":2,"column":1526},"end":{"line":2,"column":1870}},"49":{"start":{"line":2,"column":1652},"end":{"line":2,"column":1870}},"50":{"start":{"line":2,"column":1678},"end":{"line":2,"column":1870}},"51":{"start":{"line":2,"column":1689},"end":{"line":2,"column":1870}},"52":{"start":{"line":2,"column":1870},"end":{"line":2,"column":1878}},"53":{"start":{"line":2,"column":1972},"end":{"line":2,"column":1990}},"54":{"start":{"line":2,"column":2033},"end":{"line":2,"column":2061}},"55":{"start":{"line":2,"column":2084},"end":{"line":2,"column":2112}},"56":{"start":{"line":2,"column":2142},"end":{"line":2,"column":2151}},"57":{"start":{"line":2,"column":2152},"end":{"line":2,"column":2211}},"58":{"start":{"line":2,"column":2247},"end":{"line":2,"column":2382}},"59":{"start":{"line":2,"column":2416},"end":{"line":2,"column":2436}},"60":{"start":{"line":2,"column":2427},"end":{"line":2,"column":2436}},"61":{"start":{"line":2,"column":2436},"end":{"line":2,"column":2444}},"62":{"start":{"line":2,"column":2463},"end":{"line":2,"column":2555}},"63":{"start":{"line":2,"column":2580},"end":{"line":2,"column":2584}},"64":{"start":{"line":2,"column":2608},"end":{"line":2,"column":2646}},"65":{"start":{"line":2,"column":2675},"end":{"line":2,"column":2676}},"66":{"start":{"line":2,"column":2677},"end":{"line":2,"column":2793}},"67":{"start":{"line":2,"column":2686},"end":{"line":2,"column":2742}},"68":{"start":{"line":2,"column":2709},"end":{"line":2,"column":2742}},"69":{"start":{"line":2,"column":2737},"end":{"line":2,"column":2742}},"70":{"start":{"line":2,"column":2748},"end":{"line":2,"column":2793}},"71":{"start":{"line":2,"column":2759},"end":{"line":2,"column":2793}},"72":{"start":{"line":2,"column":2787},"end":{"line":2,"column":2793}},"73":{"start":{"line":2,"column":2793},"end":{"line":2,"column":2801}},"74":{"start":{"line":2,"column":2820},"end":{"line":2,"column":2858}},"75":{"start":{"line":2,"column":2890},"end":{"line":2,"column":2895}},"76":{"start":{"line":2,"column":2896},"end":{"line":2,"column":2976}},"77":{"start":{"line":2,"column":3002},"end":{"line":2,"column":3033}},"78":{"start":{"line":2,"column":3055},"end":{"line":2,"column":3110}},"79":{"start":{"line":2,"column":3098},"end":{"line":2,"column":3110}},"80":{"start":{"line":2,"column":3110},"end":{"line":2,"column":3129}},"81":{"start":{"line":2,"column":3152},"end":{"line":2,"column":3228}},"82":{"start":{"line":2,"column":3195},"end":{"line":2,"column":3228}},"83":{"start":{"line":2,"column":3228},"end":{"line":2,"column":3236}},"84":{"start":{"line":2,"column":3268},"end":{"line":2,"column":3269}},"85":{"start":{"line":2,"column":3272},"end":{"line":2,"column":3274}},"86":{"start":{"line":2,"column":3275},"end":{"line":2,"column":3388}},"87":{"start":{"line":2,"column":3283},"end":{"line":2,"column":3339}},"88":{"start":{"line":2,"column":3306},"end":{"line":2,"column":3339}},"89":{"start":{"line":2,"column":3344},"end":{"line":2,"column":3388}},"90":{"start":{"line":2,"column":3355},"end":{"line":2,"column":3388}},"91":{"start":{"line":2,"column":3388},"end":{"line":2,"column":3408}},"92":{"start":{"line":2,"column":3447},"end":{"line":2,"column":3630}},"93":{"start":{"line":2,"column":3503},"end":{"line":2,"column":3630}},"94":{"start":{"line":2,"column":3545},"end":{"line":2,"column":3596}},"95":{"start":{"line":2,"column":3830},"end":{"line":2,"column":3865}},"96":{"start":{"line":2,"column":3888},"end":{"line":2,"column":3915}},"97":{"start":{"line":2,"column":3918},"end":{"line":2,"column":3927}},"98":{"start":{"line":2,"column":3928},"end":{"line":2,"column":4021}},"99":{"start":{"line":2,"column":4028},"end":{"line":2,"column":23610}},"100":{"start":{"line":2,"column":4084},"end":{"line":2,"column":4103}},"101":{"start":{"line":2,"column":4106},"end":{"line":2,"column":4116}},"102":{"start":{"line":2,"column":4119},"end":{"line":2,"column":4120}},"103":{"start":{"line":2,"column":4123},"end":{"line":2,"column":4124}},"104":{"start":{"line":2,"column":4127},"end":{"line":2,"column":4131}},"105":{"start":{"line":2,"column":4134},"end":{"line":2,"column":4138}},"106":{"start":{"line":2,"column":4141},"end":{"line":2,"column":4145}},"107":{"start":{"line":2,"column":4148},"end":{"line":2,"column":4185}},"108":{"start":{"line":2,"column":4162},"end":{"line":2,"column":4184}},"109":{"start":{"line":2,"column":4188},"end":{"line":2,"column":4205}},"110":{"start":{"line":2,"column":4208},"end":{"line":2,"column":4210}},"111":{"start":{"line":2,"column":4213},"end":{"line":2,"column":4218}},"112":{"start":{"line":2,"column":4221},"end":{"line":2,"column":4227}},"113":{"start":{"line":2,"column":4230},"end":{"line":2,"column":4236}},"114":{"start":{"line":2,"column":4239},"end":{"line":2,"column":4246}},"115":{"start":{"line":2,"column":4249},"end":{"line":2,"column":4324}},"116":{"start":{"line":2,"column":4263},"end":{"line":2,"column":4315}},"117":{"start":{"line":2,"column":4294},"end":{"line":2,"column":4315}},"118":{"start":{"line":2,"column":4306},"end":{"line":2,"column":4315}},"119":{"start":{"line":2,"column":4315},"end":{"line":2,"column":4323}},"120":{"start":{"line":2,"column":4327},"end":{"line":2,"column":4451}},"121":{"start":{"line":2,"column":4454},"end":{"line":2,"column":4475}},"122":{"start":{"line":2,"column":4478},"end":{"line":2,"column":4509}},"123":{"start":{"line":2,"column":4512},"end":{"line":2,"column":4630}},"124":{"start":{"line":2,"column":4633},"end":{"line":2,"column":4744}},"125":{"start":{"line":2,"column":4747},"end":{"line":2,"column":4768}},"126":{"start":{"line":2,"column":4771},"end":{"line":2,"column":4829}},"127":{"start":{"line":2,"column":4832},"end":{"line":2,"column":4860}},"128":{"start":{"line":2,"column":4863},"end":{"line":2,"column":4903}},"129":{"start":{"line":2,"column":4906},"end":{"line":2,"column":4953}},"130":{"start":{"line":2,"column":4956},"end":{"line":2,"column":4969}},"131":{"start":{"line":2,"column":4972},"end":{"line":2,"column":4993}},"132":{"start":{"line":2,"column":4996},"end":{"line":2,"column":5452}},"133":{"start":{"line":2,"column":5455},"end":{"line":2,"column":5492}},"134":{"start":{"line":2,"column":5495},"end":{"line":2,"column":5503}},"135":{"start":{"line":2,"column":5506},"end":{"line":2,"column":5530}},"136":{"start":{"line":2,"column":5533},"end":{"line":2,"column":5567}},"137":{"start":{"line":2,"column":5570},"end":{"line":2,"column":5576}},"138":{"start":{"line":2,"column":5579},"end":{"line":2,"column":5633}},"139":{"start":{"line":2,"column":5637},"end":{"line":2,"column":5769}},"140":{"start":{"line":2,"column":5659},"end":{"line":2,"column":5671}},"141":{"start":{"line":2,"column":5672},"end":{"line":2,"column":5768}},"142":{"start":{"line":2,"column":5773},"end":{"line":2,"column":5826}},"143":{"start":{"line":2,"column":5830},"end":{"line":2,"column":5939}},"144":{"start":{"line":2,"column":5844},"end":{"line":2,"column":5938}},"145":{"start":{"line":2,"column":5943},"end":{"line":2,"column":5958}},"146":{"start":{"line":2,"column":5954},"end":{"line":2,"column":5957}},"147":{"start":{"line":2,"column":5962},"end":{"line":2,"column":6061}},"148":{"start":{"line":2,"column":5977},"end":{"line":2,"column":6026}},"149":{"start":{"line":2,"column":6062},"end":{"line":2,"column":6276}},"150":{"start":{"line":2,"column":6066},"end":{"line":2,"column":6142}},"151":{"start":{"line":2,"column":6153},"end":{"line":2,"column":6275}},"152":{"start":{"line":2,"column":6185},"end":{"line":2,"column":6205}},"153":{"start":{"line":2,"column":6227},"end":{"line":2,"column":6235}},"154":{"start":{"line":2,"column":6238},"end":{"line":2,"column":6239}},"155":{"start":{"line":2,"column":6240},"end":{"line":2,"column":6261}},"156":{"start":{"line":2,"column":6261},"end":{"line":2,"column":6273}},"157":{"start":{"line":2,"column":6317},"end":{"line":2,"column":6335}},"158":{"start":{"line":2,"column":6338},"end":{"line":2,"column":6352}},"159":{"start":{"line":2,"column":6353},"end":{"line":2,"column":6418}},"160":{"start":{"line":2,"column":6409},"end":{"line":2,"column":6418}},"161":{"start":{"line":2,"column":6418},"end":{"line":2,"column":7200}},"162":{"start":{"line":2,"column":6472},"end":{"line":2,"column":6829}},"163":{"start":{"line":2,"column":6497},"end":{"line":2,"column":6829}},"164":{"start":{"line":2,"column":6508},"end":{"line":2,"column":6657}},"165":{"start":{"line":2,"column":6518},"end":{"line":2,"column":6555}},"166":{"start":{"line":2,"column":6546},"end":{"line":2,"column":6555}},"167":{"start":{"line":2,"column":6555},"end":{"line":2,"column":6585}},"168":{"start":{"line":2,"column":6567},"end":{"line":2,"column":6585}},"169":{"start":{"line":2,"column":6591},"end":{"line":2,"column":6657}},"170":{"start":{"line":2,"column":6639},"end":{"line":2,"column":6657}},"171":{"start":{"line":2,"column":6663},"end":{"line":2,"column":6717}},"172":{"start":{"line":2,"column":6671},"end":{"line":2,"column":6717}},"173":{"start":{"line":2,"column":6717},"end":{"line":2,"column":6828}},"174":{"start":{"line":2,"column":6781},"end":{"line":2,"column":6828}},"175":{"start":{"line":2,"column":6829},"end":{"line":2,"column":7199}},"176":{"start":{"line":2,"column":6868},"end":{"line":2,"column":7098}},"177":{"start":{"line":2,"column":6877},"end":{"line":2,"column":6885}},"178":{"start":{"line":2,"column":6890},"end":{"line":2,"column":7098}},"179":{"start":{"line":2,"column":6930},"end":{"line":2,"column":7017}},"180":{"start":{"line":2,"column":7017},"end":{"line":2,"column":7051}},"181":{"start":{"line":2,"column":7027},"end":{"line":2,"column":7051}},"182":{"start":{"line":2,"column":7051},"end":{"line":2,"column":7097}},"183":{"start":{"line":2,"column":7098},"end":{"line":2,"column":7198}},"184":{"start":{"line":2,"column":7103},"end":{"line":2,"column":7198}},"185":{"start":{"line":2,"column":7107},"end":{"line":2,"column":7148}},"186":{"start":{"line":2,"column":7167},"end":{"line":2,"column":7197}},"187":{"start":{"line":2,"column":7200},"end":{"line":2,"column":7233}},"188":{"start":{"line":2,"column":7254},"end":{"line":2,"column":7256}},"189":{"start":{"line":2,"column":7273},"end":{"line":2,"column":7339}},"190":{"start":{"line":2,"column":7340},"end":{"line":2,"column":7348}},"191":{"start":{"line":2,"column":7364},"end":{"line":2,"column":7380}},"192":{"start":{"line":2,"column":7402},"end":{"line":2,"column":7429}},"193":{"start":{"line":2,"column":7430},"end":{"line":2,"column":7522}},"194":{"start":{"line":2,"column":7434},"end":{"line":2,"column":7446}},"195":{"start":{"line":2,"column":7456},"end":{"line":2,"column":7464}},"196":{"start":{"line":2,"column":7473},"end":{"line":2,"column":7521}},"197":{"start":{"line":2,"column":7546},"end":{"line":2,"column":7558}},"198":{"start":{"line":2,"column":7561},"end":{"line":2,"column":7569}},"199":{"start":{"line":2,"column":7570},"end":{"line":2,"column":7600}},"200":{"start":{"line":2,"column":7580},"end":{"line":2,"column":7600}},"201":{"start":{"line":2,"column":7624},"end":{"line":2,"column":7628}},"202":{"start":{"line":2,"column":7631},"end":{"line":2,"column":7693}},"203":{"start":{"line":2,"column":7694},"end":{"line":2,"column":7708}},"204":{"start":{"line":2,"column":7699},"end":{"line":2,"column":7708}},"205":{"start":{"line":2,"column":7708},"end":{"line":2,"column":7753}},"206":{"start":{"line":2,"column":7713},"end":{"line":2,"column":7753}},"207":{"start":{"line":2,"column":7735},"end":{"line":2,"column":7753}},"208":{"start":{"line":2,"column":7744},"end":{"line":2,"column":7753}},"209":{"start":{"line":2,"column":7753},"end":{"line":2,"column":7766}},"210":{"start":{"line":2,"column":7782},"end":{"line":2,"column":7862}},"211":{"start":{"line":2,"column":7807},"end":{"line":2,"column":7831}},"212":{"start":{"line":2,"column":7832},"end":{"line":2,"column":7861}},"213":{"start":{"line":2,"column":7878},"end":{"line":2,"column":7974}},"214":{"start":{"line":2,"column":7903},"end":{"line":2,"column":7927}},"215":{"start":{"line":2,"column":7928},"end":{"line":2,"column":7973}},"216":{"start":{"line":2,"column":7990},"end":{"line":2,"column":8222}},"217":{"start":{"line":2,"column":8009},"end":{"line":2,"column":8221}},"218":{"start":{"line":2,"column":8238},"end":{"line":2,"column":8369}},"219":{"start":{"line":2,"column":8260},"end":{"line":2,"column":8367}},"220":{"start":{"line":2,"column":8297},"end":{"line":2,"column":8313}},"221":{"start":{"line":2,"column":8316},"end":{"line":2,"column":8324}},"222":{"start":{"line":2,"column":8325},"end":{"line":2,"column":8365}},"223":{"start":{"line":2,"column":8335},"end":{"line":2,"column":8365}},"224":{"start":{"line":2,"column":8385},"end":{"line":2,"column":8440}},"225":{"start":{"line":2,"column":8441},"end":{"line":2,"column":18724}},"226":{"start":{"line":2,"column":8486},"end":{"line":2,"column":8525}},"227":{"start":{"line":2,"column":8526},"end":{"line":2,"column":8556}},"228":{"start":{"line":2,"column":8597},"end":{"line":2,"column":8619}},"229":{"start":{"line":2,"column":8620},"end":{"line":2,"column":12613}},"230":{"start":{"line":2,"column":8866},"end":{"line":2,"column":8917}},"231":{"start":{"line":2,"column":8958},"end":{"line":2,"column":9035}},"232":{"start":{"line":2,"column":9121},"end":{"line":2,"column":9202}},"233":{"start":{"line":2,"column":9246},"end":{"line":2,"column":9261}},"234":{"start":{"line":2,"column":9262},"end":{"line":2,"column":9313}},"235":{"start":{"line":2,"column":9281},"end":{"line":2,"column":9312}},"236":{"start":{"line":2,"column":9339},"end":{"line":2,"column":9425}},"237":{"start":{"line":2,"column":9389},"end":{"line":2,"column":9408}},"238":{"start":{"line":2,"column":9409},"end":{"line":2,"column":9424}},"239":{"start":{"line":2,"column":9459},"end":{"line":2,"column":9474}},"240":{"start":{"line":2,"column":9475},"end":{"line":2,"column":9587}},"241":{"start":{"line":2,"column":9500},"end":{"line":2,"column":9564}},"242":{"start":{"line":2,"column":9565},"end":{"line":2,"column":9586}},"243":{"start":{"line":2,"column":9613},"end":{"line":2,"column":9858}},"244":{"start":{"line":2,"column":9669},"end":{"line":2,"column":9688}},"245":{"start":{"line":2,"column":9689},"end":{"line":2,"column":9849}},"246":{"start":{"line":2,"column":9695},"end":{"line":2,"column":9750}},"247":{"start":{"line":2,"column":9740},"end":{"line":2,"column":9750}},"248":{"start":{"line":2,"column":9750},"end":{"line":2,"column":9779}},"249":{"start":{"line":2,"column":9779},"end":{"line":2,"column":9848}},"250":{"start":{"line":2,"column":9794},"end":{"line":2,"column":9848}},"251":{"start":{"line":2,"column":9839},"end":{"line":2,"column":9848}},"252":{"start":{"line":2,"column":9849},"end":{"line":2,"column":9857}},"253":{"start":{"line":2,"column":9909},"end":{"line":2,"column":10018}},"254":{"start":{"line":2,"column":10042},"end":{"line":2,"column":10044}},"255":{"start":{"line":2,"column":10047},"end":{"line":2,"column":10048}},"256":{"start":{"line":2,"column":10051},"end":{"line":2,"column":10076}},"257":{"start":{"line":2,"column":10077},"end":{"line":2,"column":10139}},"258":{"start":{"line":2,"column":10089},"end":{"line":2,"column":10130}},"259":{"start":{"line":2,"column":10104},"end":{"line":2,"column":10130}},"260":{"start":{"line":2,"column":10130},"end":{"line":2,"column":10138}},"261":{"start":{"line":2,"column":10139},"end":{"line":2,"column":10147}},"262":{"start":{"line":2,"column":10202},"end":{"line":2,"column":10287}},"263":{"start":{"line":2,"column":10253},"end":{"line":2,"column":10287}},"264":{"start":{"line":2,"column":10351},"end":{"line":2,"column":10812}},"265":{"start":{"line":2,"column":10830},"end":{"line":2,"column":10926}},"266":{"start":{"line":2,"column":10932},"end":{"line":2,"column":10956}},"267":{"start":{"line":2,"column":10957},"end":{"line":2,"column":11320}},"268":{"start":{"line":2,"column":11468},"end":{"line":2,"column":11538}},"269":{"start":{"line":2,"column":11693},"end":{"line":2,"column":11727}},"270":{"start":{"line":2,"column":11730},"end":{"line":2,"column":11745}},"271":{"start":{"line":2,"column":11746},"end":{"line":2,"column":11869}},"272":{"start":{"line":2,"column":11885},"end":{"line":2,"column":11929}},"273":{"start":{"line":2,"column":11890},"end":{"line":2,"column":11929}},"274":{"start":{"line":2,"column":11911},"end":{"line":2,"column":11929}},"275":{"start":{"line":2,"column":11920},"end":{"line":2,"column":11929}},"276":{"start":{"line":2,"column":11929},"end":{"line":2,"column":11937}},"277":{"start":{"line":2,"column":11957},"end":{"line":2,"column":11980}},"278":{"start":{"line":2,"column":11966},"end":{"line":2,"column":11980}},"279":{"start":{"line":2,"column":11986},"end":{"line":2,"column":12039}},"280":{"start":{"line":2,"column":12040},"end":{"line":2,"column":12286}},"281":{"start":{"line":2,"column":12302},"end":{"line":2,"column":12325}},"282":{"start":{"line":2,"column":12311},"end":{"line":2,"column":12325}},"283":{"start":{"line":2,"column":12333},"end":{"line":2,"column":12334}},"284":{"start":{"line":2,"column":12337},"end":{"line":2,"column":12349}},"285":{"start":{"line":2,"column":12352},"end":{"line":2,"column":12364}},"286":{"start":{"line":2,"column":12367},"end":{"line":2,"column":12370}},"287":{"start":{"line":2,"column":12373},"end":{"line":2,"column":12376}},"288":{"start":{"line":2,"column":12377},"end":{"line":2,"column":12438}},"289":{"start":{"line":2,"column":12387},"end":{"line":2,"column":12438}},"290":{"start":{"line":2,"column":12438},"end":{"line":2,"column":12462}},"291":{"start":{"line":2,"column":12447},"end":{"line":2,"column":12462}},"292":{"start":{"line":2,"column":12462},"end":{"line":2,"column":12466}},"293":{"start":{"line":2,"column":12466},"end":{"line":2,"column":12500}},"294":{"start":{"line":2,"column":12487},"end":{"line":2,"column":12500}},"295":{"start":{"line":2,"column":12500},"end":{"line":2,"column":12504}},"296":{"start":{"line":2,"column":12504},"end":{"line":2,"column":12538}},"297":{"start":{"line":2,"column":12525},"end":{"line":2,"column":12538}},"298":{"start":{"line":2,"column":12538},"end":{"line":2,"column":12560}},"299":{"start":{"line":2,"column":12556},"end":{"line":2,"column":12560}},"300":{"start":{"line":2,"column":12560},"end":{"line":2,"column":12607}},"301":{"start":{"line":2,"column":12640},"end":{"line":2,"column":12664}},"302":{"start":{"line":2,"column":12699},"end":{"line":2,"column":12930}},"303":{"start":{"line":2,"column":12825},"end":{"line":2,"column":12930}},"304":{"start":{"line":2,"column":12835},"end":{"line":2,"column":12846}},"305":{"start":{"line":2,"column":12847},"end":{"line":2,"column":12919}},"306":{"start":{"line":2,"column":12911},"end":{"line":2,"column":12919}},"307":{"start":{"line":2,"column":12930},"end":{"line":2,"column":12962}},"308":{"start":{"line":2,"column":12990},"end":{"line":2,"column":13033}},"309":{"start":{"line":2,"column":13057},"end":{"line":2,"column":13088}},"310":{"start":{"line":2,"column":13094},"end":{"line":2,"column":13123}},"311":{"start":{"line":2,"column":13126},"end":{"line":2,"column":13182}},"312":{"start":{"line":2,"column":13183},"end":{"line":2,"column":13289}},"313":{"start":{"line":2,"column":13313},"end":{"line":2,"column":13340}},"314":{"start":{"line":2,"column":13363},"end":{"line":2,"column":13423}},"315":{"start":{"line":2,"column":13459},"end":{"line":2,"column":13461}},"316":{"start":{"line":2,"column":13464},"end":{"line":2,"column":13465}},"317":{"start":{"line":2,"column":13468},"end":{"line":2,"column":13469}},"318":{"start":{"line":2,"column":13470},"end":{"line":2,"column":13602}},"319":{"start":{"line":2,"column":13536},"end":{"line":2,"column":13575}},"320":{"start":{"line":2,"column":13551},"end":{"line":2,"column":13575}},"321":{"start":{"line":2,"column":13575},"end":{"line":2,"column":13601}},"322":{"start":{"line":2,"column":13585},"end":{"line":2,"column":13601}},"323":{"start":{"line":2,"column":13602},"end":{"line":2,"column":13617}},"324":{"start":{"line":2,"column":13652},"end":{"line":2,"column":13654}},"325":{"start":{"line":2,"column":13657},"end":{"line":2,"column":13658}},"326":{"start":{"line":2,"column":13661},"end":{"line":2,"column":13671}},"327":{"start":{"line":2,"column":13672},"end":{"line":2,"column":13871}},"328":{"start":{"line":2,"column":13678},"end":{"line":2,"column":13842}},"329":{"start":{"line":2,"column":13703},"end":{"line":2,"column":13758}},"330":{"start":{"line":2,"column":13737},"end":{"line":2,"column":13758}},"331":{"start":{"line":2,"column":13758},"end":{"line":2,"column":13802}},"332":{"start":{"line":2,"column":13795},"end":{"line":2,"column":13802}},"333":{"start":{"line":2,"column":13808},"end":{"line":2,"column":13842}},"334":{"start":{"line":2,"column":13824},"end":{"line":2,"column":13842}},"335":{"start":{"line":2,"column":13848},"end":{"line":2,"column":13871}},"336":{"start":{"line":2,"column":13863},"end":{"line":2,"column":13871}},"337":{"start":{"line":2,"column":13871},"end":{"line":2,"column":13879}},"338":{"start":{"line":2,"column":14117},"end":{"line":2,"column":14235}},"339":{"start":{"line":2,"column":14255},"end":{"line":2,"column":14447}},"340":{"start":{"line":2,"column":14476},"end":{"line":2,"column":14487}},"341":{"start":{"line":2,"column":14488},"end":{"line":2,"column":14666}},"342":{"start":{"line":2,"column":14699},"end":{"line":2,"column":14728}},"343":{"start":{"line":2,"column":14729},"end":{"line":2,"column":14824}},"344":{"start":{"line":2,"column":14754},"end":{"line":2,"column":14762}},"345":{"start":{"line":2,"column":14776},"end":{"line":2,"column":14823}},"346":{"start":{"line":2,"column":14850},"end":{"line":2,"column":14858}},"347":{"start":{"line":2,"column":14859},"end":{"line":2,"column":15051}},"348":{"start":{"line":2,"column":14928},"end":{"line":2,"column":15049}},"349":{"start":{"line":2,"column":15074},"end":{"line":2,"column":15368}},"350":{"start":{"line":2,"column":15099},"end":{"line":2,"column":15111}},"351":{"start":{"line":2,"column":15112},"end":{"line":2,"column":15367}},"352":{"start":{"line":2,"column":15402},"end":{"line":2,"column":15422}},"353":{"start":{"line":2,"column":15425},"end":{"line":2,"column":15445}},"354":{"start":{"line":2,"column":15448},"end":{"line":2,"column":15461}},"355":{"start":{"line":2,"column":15462},"end":{"line":2,"column":16359}},"356":{"start":{"line":2,"column":15494},"end":{"line":2,"column":15514}},"357":{"start":{"line":2,"column":15550},"end":{"line":2,"column":15587}},"358":{"start":{"line":2,"column":15590},"end":{"line":2,"column":15602}},"359":{"start":{"line":2,"column":15605},"end":{"line":2,"column":15632}},"360":{"start":{"line":2,"column":15635},"end":{"line":2,"column":15641}},"361":{"start":{"line":2,"column":15644},"end":{"line":2,"column":15646}},"362":{"start":{"line":2,"column":15647},"end":{"line":2,"column":16358}},"363":{"start":{"line":2,"column":15653},"end":{"line":2,"column":15786}},"364":{"start":{"line":2,"column":15659},"end":{"line":2,"column":15777}},"365":{"start":{"line":2,"column":15668},"end":{"line":2,"column":15672}},"366":{"start":{"line":2,"column":15672},"end":{"line":2,"column":15743}},"367":{"start":{"line":2,"column":15685},"end":{"line":2,"column":15743}},"368":{"start":{"line":2,"column":15734},"end":{"line":2,"column":15743}},"369":{"start":{"line":2,"column":15743},"end":{"line":2,"column":15776}},"370":{"start":{"line":2,"column":15777},"end":{"line":2,"column":15785}},"371":{"start":{"line":2,"column":15786},"end":{"line":2,"column":16323}},"372":{"start":{"line":2,"column":15826},"end":{"line":2,"column":15943}},"373":{"start":{"line":2,"column":15943},"end":{"line":2,"column":16032}},"374":{"start":{"line":2,"column":15982},"end":{"line":2,"column":16032}},"375":{"start":{"line":2,"column":16013},"end":{"line":2,"column":16026}},"376":{"start":{"line":2,"column":16026},"end":{"line":2,"column":16031}},"377":{"start":{"line":2,"column":16038},"end":{"line":2,"column":16323}},"378":{"start":{"line":2,"column":16143},"end":{"line":2,"column":16323}},"379":{"start":{"line":2,"column":16182},"end":{"line":2,"column":16323}},"380":{"start":{"line":2,"column":16317},"end":{"line":2,"column":16323}},"381":{"start":{"line":2,"column":16323},"end":{"line":2,"column":16357}},"382":{"start":{"line":2,"column":16390},"end":{"line":2,"column":16469}},"383":{"start":{"line":2,"column":16470},"end":{"line":2,"column":16673}},"384":{"start":{"line":2,"column":16582},"end":{"line":2,"column":16588}},"385":{"start":{"line":2,"column":16591},"end":{"line":2,"column":16599}},"386":{"start":{"line":2,"column":16600},"end":{"line":2,"column":16639}},"387":{"start":{"line":2,"column":16610},"end":{"line":2,"column":16639}},"388":{"start":{"line":2,"column":16654},"end":{"line":2,"column":16669}},"389":{"start":{"line":2,"column":16710},"end":{"line":2,"column":16712}},"390":{"start":{"line":2,"column":16715},"end":{"line":2,"column":16717}},"391":{"start":{"line":2,"column":16720},"end":{"line":2,"column":16740}},"392":{"start":{"line":2,"column":16741},"end":{"line":2,"column":16910}},"393":{"start":{"line":2,"column":16782},"end":{"line":2,"column":16796}},"394":{"start":{"line":2,"column":16799},"end":{"line":2,"column":16807}},"395":{"start":{"line":2,"column":16808},"end":{"line":2,"column":16844}},"396":{"start":{"line":2,"column":16818},"end":{"line":2,"column":16844}},"397":{"start":{"line":2,"column":16863},"end":{"line":2,"column":16909}},"398":{"start":{"line":2,"column":16932},"end":{"line":2,"column":16975}},"399":{"start":{"line":2,"column":16951},"end":{"line":2,"column":16974}},"400":{"start":{"line":2,"column":17002},"end":{"line":2,"column":17094}},"401":{"start":{"line":2,"column":17039},"end":{"line":2,"column":17093}},"402":{"start":{"line":2,"column":17117},"end":{"line":2,"column":17392}},"403":{"start":{"line":2,"column":17222},"end":{"line":2,"column":17383}},"404":{"start":{"line":2,"column":17225},"end":{"line":2,"column":17343}},"405":{"start":{"line":2,"column":17290},"end":{"line":2,"column":17343}},"406":{"start":{"line":2,"column":17383},"end":{"line":2,"column":17391}},"407":{"start":{"line":2,"column":17420},"end":{"line":2,"column":17447}},"408":{"start":{"line":2,"column":17448},"end":{"line":2,"column":17475}},"409":{"start":{"line":2,"column":17494},"end":{"line":2,"column":17506}},"410":{"start":{"line":2,"column":17526},"end":{"line":2,"column":17614}},"411":{"start":{"line":2,"column":17673},"end":{"line":2,"column":17697}},"412":{"start":{"line":2,"column":17698},"end":{"line":2,"column":17756}},"413":{"start":{"line":2,"column":17779},"end":{"line":2,"column":17842}},"414":{"start":{"line":2,"column":17862},"end":{"line":2,"column":17924}},"415":{"start":{"line":2,"column":17899},"end":{"line":2,"column":17924}},"416":{"start":{"line":2,"column":17915},"end":{"line":2,"column":17924}},"417":{"start":{"line":2,"column":17924},"end":{"line":2,"column":17932}},"418":{"start":{"line":2,"column":17953},"end":{"line":2,"column":17978}},"419":{"start":{"line":2,"column":17999},"end":{"line":2,"column":18024}},"420":{"start":{"line":2,"column":18044},"end":{"line":2,"column":18069}},"421":{"start":{"line":2,"column":18096},"end":{"line":2,"column":18120}},"422":{"start":{"line":2,"column":18121},"end":{"line":2,"column":18171}},"423":{"start":{"line":2,"column":18196},"end":{"line":2,"column":18315}},"424":{"start":{"line":2,"column":18337},"end":{"line":2,"column":18346}},"425":{"start":{"line":2,"column":18371},"end":{"line":2,"column":18382}},"426":{"start":{"line":2,"column":18407},"end":{"line":2,"column":18424}},"427":{"start":{"line":2,"column":18449},"end":{"line":2,"column":18480}},"428":{"start":{"line":2,"column":18470},"end":{"line":2,"column":18480}},"429":{"start":{"line":2,"column":18480},"end":{"line":2,"column":18488}},"430":{"start":{"line":2,"column":18512},"end":{"line":2,"column":18543}},"431":{"start":{"line":2,"column":18533},"end":{"line":2,"column":18543}},"432":{"start":{"line":2,"column":18543},"end":{"line":2,"column":18551}},"433":{"start":{"line":2,"column":18576},"end":{"line":2,"column":18614}},"434":{"start":{"line":2,"column":18604},"end":{"line":2,"column":18614}},"435":{"start":{"line":2,"column":18614},"end":{"line":2,"column":18622}},"436":{"start":{"line":2,"column":18647},"end":{"line":2,"column":18684}},"437":{"start":{"line":2,"column":18674},"end":{"line":2,"column":18684}},"438":{"start":{"line":2,"column":18684},"end":{"line":2,"column":18692}},"439":{"start":{"line":2,"column":18724},"end":{"line":2,"column":18803}},"440":{"start":{"line":2,"column":18784},"end":{"line":2,"column":18803}},"441":{"start":{"line":2,"column":18803},"end":{"line":2,"column":18851}},"442":{"start":{"line":2,"column":18832},"end":{"line":2,"column":18851}},"443":{"start":{"line":2,"column":18866},"end":{"line":2,"column":19384}},"444":{"start":{"line":2,"column":18967},"end":{"line":2,"column":18975}},"445":{"start":{"line":2,"column":18976},"end":{"line":2,"column":19003}},"446":{"start":{"line":2,"column":18981},"end":{"line":2,"column":19003}},"447":{"start":{"line":2,"column":19003},"end":{"line":2,"column":19026}},"448":{"start":{"line":2,"column":19026},"end":{"line":2,"column":19335}},"449":{"start":{"line":2,"column":19035},"end":{"line":2,"column":19197}},"450":{"start":{"line":2,"column":19197},"end":{"line":2,"column":19323}},"451":{"start":{"line":2,"column":19215},"end":{"line":2,"column":19323}},"452":{"start":{"line":2,"column":19323},"end":{"line":2,"column":19334}},"453":{"start":{"line":2,"column":19329},"end":{"line":2,"column":19334}},"454":{"start":{"line":2,"column":19335},"end":{"line":2,"column":19382}},"455":{"start":{"line":2,"column":19399},"end":{"line":2,"column":19449}},"456":{"start":{"line":2,"column":19435},"end":{"line":2,"column":19449}},"457":{"start":{"line":2,"column":19449},"end":{"line":2,"column":19457}},"458":{"start":{"line":2,"column":19483},"end":{"line":2,"column":19488}},"459":{"start":{"line":2,"column":19491},"end":{"line":2,"column":19497}},"460":{"start":{"line":2,"column":19500},"end":{"line":2,"column":19504}},"461":{"start":{"line":2,"column":19507},"end":{"line":2,"column":19526}},"462":{"start":{"line":2,"column":19529},"end":{"line":2,"column":19532}},"463":{"start":{"line":2,"column":19533},"end":{"line":2,"column":19953}},"464":{"start":{"line":2,"column":19564},"end":{"line":2,"column":19614}},"465":{"start":{"line":2,"column":19577},"end":{"line":2,"column":19614}},"466":{"start":{"line":2,"column":19598},"end":{"line":2,"column":19614}},"467":{"start":{"line":2,"column":19614},"end":{"line":2,"column":19622}},"468":{"start":{"line":2,"column":19652},"end":{"line":2,"column":19657}},"469":{"start":{"line":2,"column":19658},"end":{"line":2,"column":19944}},"470":{"start":{"line":2,"column":19664},"end":{"line":2,"column":19718}},"471":{"start":{"line":2,"column":19677},"end":{"line":2,"column":19718}},"472":{"start":{"line":2,"column":19710},"end":{"line":2,"column":19718}},"473":{"start":{"line":2,"column":19724},"end":{"line":2,"column":19944}},"474":{"start":{"line":2,"column":19737},"end":{"line":2,"column":19944}},"475":{"start":{"line":2,"column":19758},"end":{"line":2,"column":19944}},"476":{"start":{"line":2,"column":19847},"end":{"line":2,"column":19857}},"477":{"start":{"line":2,"column":19862},"end":{"line":2,"column":19911}},"478":{"start":{"line":2,"column":19894},"end":{"line":2,"column":19911}},"479":{"start":{"line":2,"column":19911},"end":{"line":2,"column":19943}},"480":{"start":{"line":2,"column":19935},"end":{"line":2,"column":19943}},"481":{"start":{"line":2,"column":19944},"end":{"line":2,"column":19952}},"482":{"start":{"line":2,"column":19969},"end":{"line":2,"column":20067}},"483":{"start":{"line":2,"column":20009},"end":{"line":2,"column":20017}},"484":{"start":{"line":2,"column":20018},"end":{"line":2,"column":20053}},"485":{"start":{"line":2,"column":20028},"end":{"line":2,"column":20053}},"486":{"start":{"line":2,"column":20044},"end":{"line":2,"column":20053}},"487":{"start":{"line":2,"column":20053},"end":{"line":2,"column":20061}},"488":{"start":{"line":2,"column":20087},"end":{"line":2,"column":20131}},"489":{"start":{"line":2,"column":20118},"end":{"line":2,"column":20131}},"490":{"start":{"line":2,"column":20131},"end":{"line":2,"column":20139}},"491":{"start":{"line":2,"column":20163},"end":{"line":2,"column":20262}},"492":{"start":{"line":2,"column":20211},"end":{"line":2,"column":20262}},"493":{"start":{"line":2,"column":20262},"end":{"line":2,"column":20270}},"494":{"start":{"line":2,"column":20296},"end":{"line":2,"column":20812}},"495":{"start":{"line":2,"column":20378},"end":{"line":2,"column":20380}},"496":{"start":{"line":2,"column":20383},"end":{"line":2,"column":20385}},"497":{"start":{"line":2,"column":20388},"end":{"line":2,"column":20396}},"498":{"start":{"line":2,"column":20399},"end":{"line":2,"column":20432}},"499":{"start":{"line":2,"column":20435},"end":{"line":2,"column":20460}},"500":{"start":{"line":2,"column":20463},"end":{"line":2,"column":20485}},"501":{"start":{"line":2,"column":20486},"end":{"line":2,"column":20582}},"502":{"start":{"line":2,"column":20506},"end":{"line":2,"column":20539}},"503":{"start":{"line":2,"column":20539},"end":{"line":2,"column":20581}},"504":{"start":{"line":2,"column":20549},"end":{"line":2,"column":20581}},"505":{"start":{"line":2,"column":20582},"end":{"line":2,"column":20810}},"506":{"start":{"line":2,"column":20588},"end":{"line":2,"column":20741}},"507":{"start":{"line":2,"column":20597},"end":{"line":2,"column":20671}},"508":{"start":{"line":2,"column":20603},"end":{"line":2,"column":20619}},"509":{"start":{"line":2,"column":20619},"end":{"line":2,"column":20654}},"510":{"start":{"line":2,"column":20629},"end":{"line":2,"column":20654}},"511":{"start":{"line":2,"column":20654},"end":{"line":2,"column":20670}},"512":{"start":{"line":2,"column":20671},"end":{"line":2,"column":20682}},"513":{"start":{"line":2,"column":20682},"end":{"line":2,"column":20740}},"514":{"start":{"line":2,"column":20692},"end":{"line":2,"column":20740}},"515":{"start":{"line":2,"column":20747},"end":{"line":2,"column":20810}},"516":{"start":{"line":2,"column":20828},"end":{"line":2,"column":21409}},"517":{"start":{"line":2,"column":21086},"end":{"line":2,"column":21409}},"518":{"start":{"line":2,"column":21113},"end":{"line":2,"column":21129}},"519":{"start":{"line":2,"column":21134},"end":{"line":2,"column":21399}},"520":{"start":{"line":2,"column":21190},"end":{"line":2,"column":21239}},"521":{"start":{"line":2,"column":21208},"end":{"line":2,"column":21239}},"522":{"start":{"line":2,"column":21233},"end":{"line":2,"column":21239}},"523":{"start":{"line":2,"column":21239},"end":{"line":2,"column":21398}},"524":{"start":{"line":2,"column":21399},"end":{"line":2,"column":21408}},"525":{"start":{"line":2,"column":21409},"end":{"line":2,"column":21421}},"526":{"start":{"line":2,"column":21445},"end":{"line":2,"column":21455}},"527":{"start":{"line":2,"column":21458},"end":{"line":2,"column":21468}},"528":{"start":{"line":2,"column":21471},"end":{"line":2,"column":21979}},"529":{"start":{"line":2,"column":21503},"end":{"line":2,"column":21504}},"530":{"start":{"line":2,"column":21507},"end":{"line":2,"column":21510}},"531":{"start":{"line":2,"column":21513},"end":{"line":2,"column":21518}},"532":{"start":{"line":2,"column":21521},"end":{"line":2,"column":21523}},"533":{"start":{"line":2,"column":21526},"end":{"line":2,"column":21527}},"534":{"start":{"line":2,"column":21530},"end":{"line":2,"column":21553}},"535":{"start":{"line":2,"column":21556},"end":{"line":2,"column":21586}},"536":{"start":{"line":2,"column":21589},"end":{"line":2,"column":21597}},"537":{"start":{"line":2,"column":21598},"end":{"line":2,"column":21786}},"538":{"start":{"line":2,"column":21648},"end":{"line":2,"column":21753}},"539":{"start":{"line":2,"column":21657},"end":{"line":2,"column":21697}},"540":{"start":{"line":2,"column":21697},"end":{"line":2,"column":21744}},"541":{"start":{"line":2,"column":21712},"end":{"line":2,"column":21744}},"542":{"start":{"line":2,"column":21728},"end":{"line":2,"column":21738}},"543":{"start":{"line":2,"column":21738},"end":{"line":2,"column":21743}},"544":{"start":{"line":2,"column":21744},"end":{"line":2,"column":21752}},"545":{"start":{"line":2,"column":21753},"end":{"line":2,"column":21785}},"546":{"start":{"line":2,"column":21786},"end":{"line":2,"column":21957}},"547":{"start":{"line":2,"column":21804},"end":{"line":2,"column":21808}},"548":{"start":{"line":2,"column":21808},"end":{"line":2,"column":21834}},"549":{"start":{"line":2,"column":21823},"end":{"line":2,"column":21834}},"550":{"start":{"line":2,"column":21834},"end":{"line":2,"column":21894}},"551":{"start":{"line":2,"column":21840},"end":{"line":2,"column":21886}},"552":{"start":{"line":2,"column":21847},"end":{"line":2,"column":21886}},"553":{"start":{"line":2,"column":21857},"end":{"line":2,"column":21886}},"554":{"start":{"line":2,"column":21886},"end":{"line":2,"column":21893}},"555":{"start":{"line":2,"column":21894},"end":{"line":2,"column":21956}},"556":{"start":{"line":2,"column":21957},"end":{"line":2,"column":21978}},"557":{"start":{"line":2,"column":21980},"end":{"line":2,"column":21996}},"558":{"start":{"line":2,"column":21997},"end":{"line":2,"column":23606}},"559":{"start":{"line":2,"column":22039},"end":{"line":2,"column":22041}},"560":{"start":{"line":2,"column":22044},"end":{"line":2,"column":22046}},"561":{"start":{"line":2,"column":22049},"end":{"line":2,"column":22057}},"562":{"start":{"line":2,"column":22058},"end":{"line":2,"column":22162}},"563":{"start":{"line":2,"column":22065},"end":{"line":2,"column":22088}},"564":{"start":{"line":2,"column":22088},"end":{"line":2,"column":22134}},"565":{"start":{"line":2,"column":22098},"end":{"line":2,"column":22134}},"566":{"start":{"line":2,"column":22134},"end":{"line":2,"column":22161}},"567":{"start":{"line":2,"column":22162},"end":{"line":2,"column":22170}},"568":{"start":{"line":2,"column":22218},"end":{"line":2,"column":22241}},"569":{"start":{"line":2,"column":22244},"end":{"line":2,"column":22266}},"570":{"start":{"line":2,"column":22267},"end":{"line":2,"column":22756}},"571":{"start":{"line":2,"column":22292},"end":{"line":2,"column":22512}},"572":{"start":{"line":2,"column":22392},"end":{"line":2,"column":22458}},"573":{"start":{"line":2,"column":22449},"end":{"line":2,"column":22458}},"574":{"start":{"line":2,"column":22458},"end":{"line":2,"column":22511}},"575":{"start":{"line":2,"column":22512},"end":{"line":2,"column":22548}},"576":{"start":{"line":2,"column":22548},"end":{"line":2,"column":22755}},"577":{"start":{"line":2,"column":22559},"end":{"line":2,"column":22596}},"578":{"start":{"line":2,"column":22590},"end":{"line":2,"column":22596}},"579":{"start":{"line":2,"column":22596},"end":{"line":2,"column":22754}},"580":{"start":{"line":2,"column":22688},"end":{"line":2,"column":22748}},"581":{"start":{"line":2,"column":22726},"end":{"line":2,"column":22748}},"582":{"start":{"line":2,"column":22748},"end":{"line":2,"column":22753}},"583":{"start":{"line":2,"column":22756},"end":{"line":2,"column":22820}},"584":{"start":{"line":2,"column":22925},"end":{"line":2,"column":22988}},"585":{"start":{"line":2,"column":23006},"end":{"line":2,"column":23083}},"586":{"start":{"line":2,"column":23131},"end":{"line":2,"column":23190}},"587":{"start":{"line":2,"column":23137},"end":{"line":2,"column":23190}},"588":{"start":{"line":2,"column":23222},"end":{"line":2,"column":23329}},"589":{"start":{"line":2,"column":23360},"end":{"line":2,"column":23423}},"590":{"start":{"line":2,"column":23402},"end":{"line":2,"column":23423}},"591":{"start":{"line":2,"column":23441},"end":{"line":2,"column":23480}},"592":{"start":{"line":2,"column":23511},"end":{"line":2,"column":23601}},"593":{"start":{"line":2,"column":23517},"end":{"line":2,"column":23601}},"594":{"start":{"line":2,"column":23611},"end":{"line":2,"column":23785}},"595":{"start":{"line":2,"column":23791},"end":{"line":2,"column":23921}},"596":{"start":{"line":2,"column":23813},"end":{"line":2,"column":23815}},"597":{"start":{"line":2,"column":23818},"end":{"line":2,"column":23828}},"598":{"start":{"line":2,"column":23829},"end":{"line":2,"column":23912}},"599":{"start":{"line":2,"column":23860},"end":{"line":2,"column":23912}},"600":{"start":{"line":2,"column":23879},"end":{"line":2,"column":23902}},"601":{"start":{"line":2,"column":23896},"end":{"line":2,"column":23902}},"602":{"start":{"line":2,"column":23902},"end":{"line":2,"column":23911}},"603":{"start":{"line":2,"column":23912},"end":{"line":2,"column":23920}},"604":{"start":{"line":2,"column":23924},"end":{"line":2,"column":24011}},"605":{"start":{"line":2,"column":23938},"end":{"line":2,"column":24002}},"606":{"start":{"line":2,"column":23969},"end":{"line":2,"column":24002}},"607":{"start":{"line":2,"column":24002},"end":{"line":2,"column":24010}},"608":{"start":{"line":2,"column":24014},"end":{"line":2,"column":24039}},"609":{"start":{"line":2,"column":24056},"end":{"line":2,"column":24117}},"610":{"start":{"line":2,"column":24124},"end":{"line":2,"column":24189}},"611":{"start":{"line":2,"column":24192},"end":{"line":2,"column":24208}},"612":{"start":{"line":2,"column":24227},"end":{"line":2,"column":24528}},"613":{"start":{"line":2,"column":24273},"end":{"line":2,"column":24298}},"614":{"start":{"line":2,"column":24333},"end":{"line":2,"column":24349}},"615":{"start":{"line":2,"column":24392},"end":{"line":2,"column":24417}},"616":{"start":{"line":2,"column":24484},"end":{"line":2,"column":24525}},"617":{"start":{"line":2,"column":24529},"end":{"line":2,"column":25186}},"618":{"start":{"line":2,"column":24560},"end":{"line":2,"column":24564}},"619":{"start":{"line":2,"column":24565},"end":{"line":2,"column":24719}},"620":{"start":{"line":2,"column":24695},"end":{"line":2,"column":24716}},"621":{"start":{"line":2,"column":24761},"end":{"line":2,"column":24772}},"622":{"start":{"line":2,"column":24775},"end":{"line":2,"column":24779}},"623":{"start":{"line":2,"column":24780},"end":{"line":2,"column":24900}},"624":{"start":{"line":2,"column":24802},"end":{"line":2,"column":24900}},"625":{"start":{"line":2,"column":24847},"end":{"line":2,"column":24896}},"626":{"start":{"line":2,"column":24863},"end":{"line":2,"column":24896}},"627":{"start":{"line":2,"column":24888},"end":{"line":2,"column":24896}},"628":{"start":{"line":2,"column":24900},"end":{"line":2,"column":24954}},"629":{"start":{"line":2,"column":24937},"end":{"line":2,"column":24954}},"630":{"start":{"line":2,"column":24954},"end":{"line":2,"column":24982}},"631":{"start":{"line":2,"column":25003},"end":{"line":2,"column":25042}},"632":{"start":{"line":2,"column":25060},"end":{"line":2,"column":25099}},"633":{"start":{"line":2,"column":25116},"end":{"line":2,"column":25182}},"634":{"start":{"line":2,"column":25194},"end":{"line":2,"column":25231}},"635":{"start":{"line":2,"column":25234},"end":{"line":2,"column":25865}},"636":{"start":{"line":2,"column":25268},"end":{"line":2,"column":25286}},"637":{"start":{"line":2,"column":25274},"end":{"line":2,"column":25286}},"638":{"start":{"line":2,"column":25286},"end":{"line":2,"column":25747}},"639":{"start":{"line":2,"column":25316},"end":{"line":2,"column":25465}},"640":{"start":{"line":2,"column":25403},"end":{"line":2,"column":25465}},"641":{"start":{"line":2,"column":25465},"end":{"line":2,"column":25681}},"642":{"start":{"line":2,"column":25474},"end":{"line":2,"column":25669}},"643":{"start":{"line":2,"column":25604},"end":{"line":2,"column":25669}},"644":{"start":{"line":2,"column":25615},"end":{"line":2,"column":25669}},"645":{"start":{"line":2,"column":25669},"end":{"line":2,"column":25680}},"646":{"start":{"line":2,"column":25681},"end":{"line":2,"column":25746}},"647":{"start":{"line":2,"column":25747},"end":{"line":2,"column":25864}},"648":{"start":{"line":2,"column":25866},"end":{"line":2,"column":25890}},"649":{"start":{"line":2,"column":25896},"end":{"line":2,"column":25928}},"650":{"start":{"line":2,"column":25931},"end":{"line":2,"column":25972}},"651":{"start":{"line":2,"column":25973},"end":{"line":2,"column":26740}},"652":{"start":{"line":2,"column":26008},"end":{"line":2,"column":26017}},"653":{"start":{"line":2,"column":26020},"end":{"line":2,"column":26028}},"654":{"start":{"line":2,"column":26029},"end":{"line":2,"column":26114}},"655":{"start":{"line":2,"column":26059},"end":{"line":2,"column":26112}},"656":{"start":{"line":2,"column":26079},"end":{"line":2,"column":26112}},"657":{"start":{"line":2,"column":26104},"end":{"line":2,"column":26112}},"658":{"start":{"line":2,"column":26146},"end":{"line":2,"column":26147}},"659":{"start":{"line":2,"column":26150},"end":{"line":2,"column":26161}},"660":{"start":{"line":2,"column":26164},"end":{"line":2,"column":26166}},"661":{"start":{"line":2,"column":26169},"end":{"line":2,"column":26193}},"662":{"start":{"line":2,"column":26194},"end":{"line":2,"column":26356}},"663":{"start":{"line":2,"column":26208},"end":{"line":2,"column":26356}},"664":{"start":{"line":2,"column":26221},"end":{"line":2,"column":26356}},"665":{"start":{"line":2,"column":26259},"end":{"line":2,"column":26356}},"666":{"start":{"line":2,"column":26340},"end":{"line":2,"column":26350}},"667":{"start":{"line":2,"column":26350},"end":{"line":2,"column":26355}},"668":{"start":{"line":2,"column":26356},"end":{"line":2,"column":26407}},"669":{"start":{"line":2,"column":26427},"end":{"line":2,"column":26565}},"670":{"start":{"line":2,"column":26585},"end":{"line":2,"column":26648}},"671":{"start":{"line":2,"column":26670},"end":{"line":2,"column":26736}},"672":{"start":{"line":2,"column":26756},"end":{"line":2,"column":26788}},"673":{"start":{"line":2,"column":26788},"end":{"line":2,"column":26796}},"674":{"start":{"line":2,"column":26797},"end":{"line":2,"column":27733}},"675":{"start":{"line":2,"column":26830},"end":{"line":2,"column":26842}},"676":{"start":{"line":2,"column":26843},"end":{"line":2,"column":26875}},"677":{"start":{"line":2,"column":26897},"end":{"line":2,"column":26921}},"678":{"start":{"line":2,"column":26952},"end":{"line":2,"column":26978}},"679":{"start":{"line":2,"column":26997},"end":{"line":2,"column":27022}},"680":{"start":{"line":2,"column":27041},"end":{"line":2,"column":27070}},"681":{"start":{"line":2,"column":27092},"end":{"line":2,"column":27117}},"682":{"start":{"line":2,"column":27139},"end":{"line":2,"column":27168}},"683":{"start":{"line":2,"column":27196},"end":{"line":2,"column":27223}},"684":{"start":{"line":2,"column":27251},"end":{"line":2,"column":27282}},"685":{"start":{"line":2,"column":27305},"end":{"line":2,"column":27346}},"686":{"start":{"line":2,"column":27369},"end":{"line":2,"column":27391}},"687":{"start":{"line":2,"column":27414},"end":{"line":2,"column":27513}},"688":{"start":{"line":2,"column":27530},"end":{"line":2,"column":27730}},"689":{"start":{"line":2,"column":27558},"end":{"line":2,"column":27573}},"690":{"start":{"line":2,"column":27574},"end":{"line":2,"column":27729}},"691":{"start":{"line":2,"column":27739},"end":{"line":2,"column":27758}},"692":{"start":{"line":2,"column":27779},"end":{"line":2,"column":27781}},"693":{"start":{"line":2,"column":27782},"end":{"line":2,"column":27836}},"694":{"start":{"line":2,"column":27825},"end":{"line":2,"column":27832}},"695":{"start":{"line":2,"column":27837},"end":{"line":2,"column":28888}},"696":{"start":{"line":2,"column":27861},"end":{"line":2,"column":27902}},"697":{"start":{"line":2,"column":27916},"end":{"line":2,"column":27918}},"698":{"start":{"line":2,"column":27921},"end":{"line":2,"column":27923}},"699":{"start":{"line":2,"column":27926},"end":{"line":2,"column":27928}},"700":{"start":{"line":2,"column":27931},"end":{"line":2,"column":28109}},"701":{"start":{"line":2,"column":27942},"end":{"line":2,"column":28072}},"702":{"start":{"line":2,"column":27980},"end":{"line":2,"column":27992}},"703":{"start":{"line":2,"column":27992},"end":{"line":2,"column":28071}},"704":{"start":{"line":2,"column":28011},"end":{"line":2,"column":28071}},"705":{"start":{"line":2,"column":28072},"end":{"line":2,"column":28108}},"706":{"start":{"line":2,"column":28112},"end":{"line":2,"column":28877}},"707":{"start":{"line":2,"column":28128},"end":{"line":2,"column":28324}},"708":{"start":{"line":2,"column":28185},"end":{"line":2,"column":28295}},"709":{"start":{"line":2,"column":28208},"end":{"line":2,"column":28293}},"710":{"start":{"line":2,"column":28344},"end":{"line":2,"column":28448}},"711":{"start":{"line":2,"column":28388},"end":{"line":2,"column":28441}},"712":{"start":{"line":2,"column":28418},"end":{"line":2,"column":28441}},"713":{"start":{"line":2,"column":28466},"end":{"line":2,"column":28503}},"714":{"start":{"line":2,"column":28522},"end":{"line":2,"column":28543}},"715":{"start":{"line":2,"column":28564},"end":{"line":2,"column":28589}},"716":{"start":{"line":2,"column":28611},"end":{"line":2,"column":28619}},"717":{"start":{"line":2,"column":28637},"end":{"line":2,"column":28670}},"718":{"start":{"line":2,"column":28690},"end":{"line":2,"column":28699}},"719":{"start":{"line":2,"column":28724},"end":{"line":2,"column":28791}},"720":{"start":{"line":2,"column":28809},"end":{"line":2,"column":28847}},"721":{"start":{"line":2,"column":28866},"end":{"line":2,"column":28875}},"722":{"start":{"line":2,"column":28878},"end":{"line":2,"column":28886}},"723":{"start":{"line":2,"column":28902},"end":{"line":2,"column":28910}},"724":{"start":{"line":2,"column":28925},"end":{"line":2,"column":28932}},"725":{"start":{"line":2,"column":28959},"end":{"line":2,"column":29116}},"726":{"start":{"line":2,"column":28963},"end":{"line":2,"column":29086}},"727":{"start":{"line":2,"column":29096},"end":{"line":2,"column":29115}},"728":{"start":{"line":2,"column":29117},"end":{"line":2,"column":31420}},"729":{"start":{"line":2,"column":29154},"end":{"line":2,"column":29394}},"730":{"start":{"line":2,"column":29397},"end":{"line":2,"column":29406}},"731":{"start":{"line":2,"column":29409},"end":{"line":2,"column":30765}},"732":{"start":{"line":2,"column":29427},"end":{"line":2,"column":29435}},"733":{"start":{"line":2,"column":29455},"end":{"line":2,"column":29500}},"734":{"start":{"line":2,"column":29522},"end":{"line":2,"column":29543}},"735":{"start":{"line":2,"column":29567},"end":{"line":2,"column":29576}},"736":{"start":{"line":2,"column":29577},"end":{"line":2,"column":29867}},"737":{"start":{"line":2,"column":29607},"end":{"line":2,"column":29855}},"738":{"start":{"line":2,"column":29636},"end":{"line":2,"column":29666}},"739":{"start":{"line":2,"column":29667},"end":{"line":2,"column":29846}},"740":{"start":{"line":2,"column":29692},"end":{"line":2,"column":29718}},"741":{"start":{"line":2,"column":29719},"end":{"line":2,"column":29844}},"742":{"start":{"line":2,"column":29896},"end":{"line":2,"column":29897}},"743":{"start":{"line":2,"column":29918},"end":{"line":2,"column":30536}},"744":{"start":{"line":2,"column":29942},"end":{"line":2,"column":29946}},"745":{"start":{"line":2,"column":29949},"end":{"line":2,"column":29958}},"746":{"start":{"line":2,"column":29961},"end":{"line":2,"column":30290}},"747":{"start":{"line":2,"column":29980},"end":{"line":2,"column":30289}},"748":{"start":{"line":2,"column":29991},"end":{"line":2,"column":30073}},"749":{"start":{"line":2,"column":30025},"end":{"line":2,"column":30073}},"750":{"start":{"line":2,"column":30073},"end":{"line":2,"column":30288}},"751":{"start":{"line":2,"column":30293},"end":{"line":2,"column":30445}},"752":{"start":{"line":2,"column":30308},"end":{"line":2,"column":30444}},"753":{"start":{"line":2,"column":30312},"end":{"line":2,"column":30315}},"754":{"start":{"line":2,"column":30325},"end":{"line":2,"column":30443}},"755":{"start":{"line":2,"column":30446},"end":{"line":2,"column":30535}},"756":{"start":{"line":2,"column":30537},"end":{"line":2,"column":30711}},"757":{"start":{"line":2,"column":30567},"end":{"line":2,"column":30699}},"758":{"start":{"line":2,"column":30733},"end":{"line":2,"column":30763}},"759":{"start":{"line":2,"column":30768},"end":{"line":2,"column":30770}},"760":{"start":{"line":2,"column":30771},"end":{"line":2,"column":31043}},"761":{"start":{"line":2,"column":30807},"end":{"line":2,"column":30811}},"762":{"start":{"line":2,"column":30814},"end":{"line":2,"column":30818}},"763":{"start":{"line":2,"column":30819},"end":{"line":2,"column":31011}},"764":{"start":{"line":2,"column":30853},"end":{"line":2,"column":30856}},"765":{"start":{"line":2,"column":30926},"end":{"line":2,"column":30984}},"766":{"start":{"line":2,"column":31068},"end":{"line":2,"column":31084}},"767":{"start":{"line":2,"column":31087},"end":{"line":2,"column":31088}},"768":{"start":{"line":2,"column":31091},"end":{"line":2,"column":31099}},"769":{"start":{"line":2,"column":31102},"end":{"line":2,"column":31119}},"770":{"start":{"line":2,"column":31122},"end":{"line":2,"column":31134}},"771":{"start":{"line":2,"column":31137},"end":{"line":2,"column":31247}},"772":{"start":{"line":2,"column":31149},"end":{"line":2,"column":31246}},"773":{"start":{"line":2,"column":31168},"end":{"line":2,"column":31245}},"774":{"start":{"line":2,"column":31248},"end":{"line":2,"column":31366}},"775":{"start":{"line":2,"column":31350},"end":{"line":2,"column":31366}},"776":{"start":{"line":2,"column":31366},"end":{"line":2,"column":31398}},"777":{"start":{"line":2,"column":31376},"end":{"line":2,"column":31398}},"778":{"start":{"line":2,"column":31398},"end":{"line":2,"column":31416}},"779":{"start":{"line":2,"column":31426},"end":{"line":2,"column":31482}},"780":{"start":{"line":2,"column":31483},"end":{"line":2,"column":31699}},"781":{"start":{"line":2,"column":31522},"end":{"line":2,"column":31633}},"782":{"start":{"line":2,"column":31664},"end":{"line":2,"column":31697}},"783":{"start":{"line":2,"column":31688},"end":{"line":2,"column":31695}},"784":{"start":{"line":2,"column":31705},"end":{"line":2,"column":31717}},"785":{"start":{"line":2,"column":31718},"end":{"line":2,"column":31976}},"786":{"start":{"line":2,"column":31741},"end":{"line":2,"column":31805}},"787":{"start":{"line":2,"column":31779},"end":{"line":2,"column":31798}},"788":{"start":{"line":2,"column":31858},"end":{"line":2,"column":31952}},"789":{"start":{"line":2,"column":31989},"end":{"line":3,"column":41}},"790":{"start":{"line":3,"column":42},"end":{"line":3,"column":217}},"791":{"start":{"line":3,"column":223},"end":{"line":3,"column":555}},"792":{"start":{"line":3,"column":253},"end":{"line":3,"column":254}},"793":{"start":{"line":3,"column":257},"end":{"line":3,"column":265}},"794":{"start":{"line":3,"column":268},"end":{"line":3,"column":275}},"795":{"start":{"line":3,"column":276},"end":{"line":3,"column":518}},"796":{"start":{"line":3,"column":301},"end":{"line":3,"column":306}},"797":{"start":{"line":3,"column":306},"end":{"line":3,"column":337}},"798":{"start":{"line":3,"column":317},"end":{"line":3,"column":337}},"799":{"start":{"line":3,"column":343},"end":{"line":3,"column":518}},"800":{"start":{"line":3,"column":438},"end":{"line":3,"column":459}},"801":{"start":{"line":3,"column":466},"end":{"line":3,"column":518}},"802":{"start":{"line":3,"column":479},"end":{"line":3,"column":518}},"803":{"start":{"line":3,"column":518},"end":{"line":3,"column":554}},"804":{"start":{"line":3,"column":558},"end":{"line":3,"column":622}},"805":{"start":{"line":3,"column":570},"end":{"line":3,"column":621}},"806":{"start":{"line":3,"column":636},"end":{"line":3,"column":666}},"807":{"start":{"line":3,"column":667},"end":{"line":3,"column":1580}},"808":{"start":{"line":3,"column":712},"end":{"line":3,"column":727}},"809":{"start":{"line":3,"column":728},"end":{"line":3,"column":847}},"810":{"start":{"line":3,"column":877},"end":{"line":3,"column":890}},"811":{"start":{"line":3,"column":891},"end":{"line":3,"column":972}},"812":{"start":{"line":3,"column":913},"end":{"line":3,"column":933}},"813":{"start":{"line":3,"column":938},"end":{"line":3,"column":972}},"814":{"start":{"line":3,"column":949},"end":{"line":3,"column":972}},"815":{"start":{"line":3,"column":972},"end":{"line":3,"column":980}},"816":{"start":{"line":3,"column":1000},"end":{"line":3,"column":1080}},"817":{"start":{"line":3,"column":1105},"end":{"line":3,"column":1204}},"818":{"start":{"line":3,"column":1235},"end":{"line":3,"column":1250}},"819":{"start":{"line":3,"column":1251},"end":{"line":3,"column":1495}},"820":{"start":{"line":3,"column":1266},"end":{"line":3,"column":1402}},"821":{"start":{"line":3,"column":1281},"end":{"line":3,"column":1377}},"822":{"start":{"line":3,"column":1377},"end":{"line":3,"column":1401}},"823":{"start":{"line":3,"column":1387},"end":{"line":3,"column":1401}},"824":{"start":{"line":3,"column":1402},"end":{"line":3,"column":1494}},"825":{"start":{"line":3,"column":1523},"end":{"line":3,"column":1538}},"826":{"start":{"line":3,"column":1539},"end":{"line":3,"column":1577}},"827":{"start":{"line":3,"column":1586},"end":{"line":3,"column":1591}},"828":{"start":{"line":3,"column":1594},"end":{"line":3,"column":1599}},"829":{"start":{"line":3,"column":1602},"end":{"line":3,"column":1633}},"830":{"start":{"line":3,"column":1636},"end":{"line":3,"column":1644}},"831":{"start":{"line":3,"column":1659},"end":{"line":3,"column":1746}},"832":{"start":{"line":3,"column":1771},"end":{"line":3,"column":1935}},"833":{"start":{"line":3,"column":1801},"end":{"line":3,"column":1935}},"834":{"start":{"line":3,"column":1887},"end":{"line":3,"column":1908}},"835":{"start":{"line":3,"column":1891},"end":{"line":3,"column":1897}},"836":{"start":{"line":3,"column":1908},"end":{"line":3,"column":1920}},"837":{"start":{"line":3,"column":1926},"end":{"line":3,"column":1935}},"838":{"start":{"line":3,"column":1935},"end":{"line":3,"column":1943}},"839":{"start":{"line":3,"column":1944},"end":{"line":3,"column":4007}},"840":{"start":{"line":3,"column":1974},"end":{"line":3,"column":2007}},"841":{"start":{"line":3,"column":2030},"end":{"line":3,"column":2052}},"842":{"start":{"line":3,"column":2079},"end":{"line":3,"column":2092}},"843":{"start":{"line":3,"column":2116},"end":{"line":3,"column":2138}},"844":{"start":{"line":3,"column":2166},"end":{"line":3,"column":2179}},"845":{"start":{"line":3,"column":2227},"end":{"line":3,"column":2234}},"846":{"start":{"line":3,"column":2237},"end":{"line":3,"column":2252}},"847":{"start":{"line":3,"column":2253},"end":{"line":3,"column":2480}},"848":{"start":{"line":3,"column":2268},"end":{"line":3,"column":2471}},"849":{"start":{"line":3,"column":2339},"end":{"line":3,"column":2350}},"850":{"start":{"line":3,"column":2350},"end":{"line":3,"column":2444}},"851":{"start":{"line":3,"column":2360},"end":{"line":3,"column":2444}},"852":{"start":{"line":3,"column":2444},"end":{"line":3,"column":2470}},"853":{"start":{"line":3,"column":2471},"end":{"line":3,"column":2479}},"854":{"start":{"line":3,"column":2480},"end":{"line":3,"column":2732}},"855":{"start":{"line":3,"column":2526},"end":{"line":3,"column":2539}},"856":{"start":{"line":3,"column":2567},"end":{"line":3,"column":2696}},"857":{"start":{"line":3,"column":2585},"end":{"line":3,"column":2621}},"858":{"start":{"line":3,"column":2612},"end":{"line":3,"column":2621}},"859":{"start":{"line":3,"column":2621},"end":{"line":3,"column":2652}},"860":{"start":{"line":3,"column":2644},"end":{"line":3,"column":2652}},"861":{"start":{"line":3,"column":2658},"end":{"line":3,"column":2696}},"862":{"start":{"line":3,"column":2679},"end":{"line":3,"column":2694}},"863":{"start":{"line":3,"column":2757},"end":{"line":3,"column":2803}},"864":{"start":{"line":3,"column":2785},"end":{"line":3,"column":2801}},"865":{"start":{"line":3,"column":2845},"end":{"line":3,"column":2962}},"866":{"start":{"line":3,"column":2850},"end":{"line":3,"column":2962}},"867":{"start":{"line":3,"column":2986},"end":{"line":3,"column":2996}},"868":{"start":{"line":3,"column":3002},"end":{"line":3,"column":3014}},"869":{"start":{"line":3,"column":3017},"end":{"line":3,"column":3025}},"870":{"start":{"line":3,"column":3028},"end":{"line":3,"column":3037}},"871":{"start":{"line":3,"column":3040},"end":{"line":3,"column":3058}},"872":{"start":{"line":3,"column":3061},"end":{"line":3,"column":3087}},"873":{"start":{"line":3,"column":3072},"end":{"line":3,"column":3086}},"874":{"start":{"line":3,"column":3088},"end":{"line":3,"column":3212}},"875":{"start":{"line":3,"column":3246},"end":{"line":3,"column":3260}},"876":{"start":{"line":3,"column":3261},"end":{"line":3,"column":3371}},"877":{"start":{"line":3,"column":3342},"end":{"line":3,"column":3367}},"878":{"start":{"line":3,"column":3414},"end":{"line":3,"column":3415}},"879":{"start":{"line":3,"column":3416},"end":{"line":3,"column":3630}},"880":{"start":{"line":3,"column":3540},"end":{"line":3,"column":3557}},"881":{"start":{"line":3,"column":3558},"end":{"line":3,"column":3628}},"882":{"start":{"line":3,"column":3652},"end":{"line":3,"column":3699}},"883":{"start":{"line":3,"column":3680},"end":{"line":3,"column":3697}},"884":{"start":{"line":3,"column":3724},"end":{"line":3,"column":3753}},"885":{"start":{"line":3,"column":3785},"end":{"line":3,"column":3786}},"886":{"start":{"line":3,"column":3789},"end":{"line":3,"column":3801}},"887":{"start":{"line":3,"column":3804},"end":{"line":3,"column":3808}},"888":{"start":{"line":3,"column":3811},"end":{"line":3,"column":3822}},"889":{"start":{"line":3,"column":3825},"end":{"line":3,"column":3862}},"890":{"start":{"line":3,"column":3836},"end":{"line":3,"column":3861}},"891":{"start":{"line":3,"column":3863},"end":{"line":3,"column":3908}},"892":{"start":{"line":3,"column":3908},"end":{"line":3,"column":3980}},"893":{"start":{"line":3,"column":3918},"end":{"line":3,"column":3980}},"894":{"start":{"line":3,"column":3980},"end":{"line":3,"column":4003}},"895":{"start":{"line":3,"column":4014},"end":{"line":3,"column":4058}},"896":{"start":{"line":3,"column":4062},"end":{"line":3,"column":4111}},"897":{"start":{"line":3,"column":4115},"end":{"line":3,"column":4146}},"898":{"start":{"line":3,"column":4150},"end":{"line":3,"column":4285}},"899":{"start":{"line":3,"column":4164},"end":{"line":3,"column":4284}},"900":{"start":{"line":3,"column":4289},"end":{"line":3,"column":4418}},"901":{"start":{"line":3,"column":4317},"end":{"line":3,"column":4319}},"902":{"start":{"line":3,"column":4320},"end":{"line":3,"column":4363}},"903":{"start":{"line":3,"column":4331},"end":{"line":3,"column":4363}},"904":{"start":{"line":3,"column":4363},"end":{"line":3,"column":4382}},"905":{"start":{"line":3,"column":4382},"end":{"line":3,"column":4409}},"906":{"start":{"line":3,"column":4393},"end":{"line":3,"column":4409}},"907":{"start":{"line":3,"column":4409},"end":{"line":3,"column":4417}},"908":{"start":{"line":3,"column":4448},"end":{"line":3,"column":4449}},"909":{"start":{"line":3,"column":4452},"end":{"line":3,"column":4454}},"910":{"start":{"line":3,"column":4457},"end":{"line":3,"column":4518}},"911":{"start":{"line":3,"column":4470},"end":{"line":3,"column":4484}},"912":{"start":{"line":3,"column":4497},"end":{"line":3,"column":4517}},"913":{"start":{"line":3,"column":4521},"end":{"line":3,"column":4524}},"914":{"start":{"line":3,"column":4527},"end":{"line":3,"column":4560}},"915":{"start":{"line":3,"column":4563},"end":{"line":3,"column":4614}},"916":{"start":{"line":3,"column":4615},"end":{"line":3,"column":4725}},"917":{"start":{"line":3,"column":4631},"end":{"line":3,"column":4657}},"918":{"start":{"line":3,"column":4657},"end":{"line":3,"column":4724}},"919":{"start":{"line":3,"column":4660},"end":{"line":3,"column":4692}},"920":{"start":{"line":3,"column":4725},"end":{"line":3,"column":4811}},"921":{"start":{"line":3,"column":4819},"end":{"line":3,"column":4821}},"922":{"start":{"line":3,"column":4845},"end":{"line":3,"column":4860}},"923":{"start":{"line":3,"column":4863},"end":{"line":3,"column":4873}},"924":{"start":{"line":3,"column":4876},"end":{"line":3,"column":4881}},"925":{"start":{"line":3,"column":4882},"end":{"line":3,"column":5018}},"926":{"start":{"line":3,"column":5036},"end":{"line":3,"column":5276}},"927":{"start":{"line":3,"column":5076},"end":{"line":3,"column":5276}},"928":{"start":{"line":3,"column":5276},"end":{"line":3,"column":5330}},"929":{"start":{"line":3,"column":5292},"end":{"line":3,"column":5330}},"930":{"start":{"line":3,"column":5330},"end":{"line":3,"column":5338}},"931":{"start":{"line":3,"column":5339},"end":{"line":3,"column":5557}},"932":{"start":{"line":3,"column":5368},"end":{"line":3,"column":5386}},"933":{"start":{"line":3,"column":5404},"end":{"line":3,"column":5419}},"934":{"start":{"line":3,"column":5440},"end":{"line":3,"column":5553}},"935":{"start":{"line":3,"column":5513},"end":{"line":3,"column":5551}},"936":{"start":{"line":3,"column":5564},"end":{"line":3,"column":5587}},"937":{"start":{"line":3,"column":5591},"end":{"line":3,"column":5623}},"938":{"start":{"line":3,"column":5627},"end":{"line":3,"column":5654}},"939":{"start":{"line":3,"column":5658},"end":{"line":3,"column":5908}},"940":{"start":{"line":3,"column":5909},"end":{"line":3,"column":5993}},"941":{"start":{"line":3,"column":6016},"end":{"line":3,"column":6206}},"942":{"start":{"line":3,"column":6224},"end":{"line":3,"column":6308}},"943":{"start":{"line":3,"column":6255},"end":{"line":3,"column":6308}},"944":{"start":{"line":3,"column":6316},"end":{"line":3,"column":6327}},"945":{"start":{"line":3,"column":6351},"end":{"line":3,"column":6785}},"946":{"start":{"line":3,"column":6428},"end":{"line":3,"column":6785}},"947":{"start":{"line":3,"column":6447},"end":{"line":3,"column":6785}},"948":{"start":{"line":3,"column":6471},"end":{"line":3,"column":6499}},"949":{"start":{"line":3,"column":6504},"end":{"line":3,"column":6785}},"950":{"start":{"line":3,"column":6519},"end":{"line":3,"column":6672}},"951":{"start":{"line":3,"column":6672},"end":{"line":3,"column":6696}},"952":{"start":{"line":3,"column":6682},"end":{"line":3,"column":6696}},"953":{"start":{"line":3,"column":6696},"end":{"line":3,"column":6751}},"954":{"start":{"line":3,"column":6757},"end":{"line":3,"column":6785}},"955":{"start":{"line":3,"column":6785},"end":{"line":3,"column":6806}},"956":{"start":{"line":3,"column":6806},"end":{"line":3,"column":6992}},"957":{"start":{"line":3,"column":6821},"end":{"line":3,"column":6992}},"958":{"start":{"line":3,"column":6845},"end":{"line":3,"column":6858}},"959":{"start":{"line":3,"column":6863},"end":{"line":3,"column":6992}},"960":{"start":{"line":3,"column":6942},"end":{"line":3,"column":6946}},"961":{"start":{"line":3,"column":6946},"end":{"line":3,"column":6991}},"962":{"start":{"line":3,"column":6961},"end":{"line":3,"column":6991}},"963":{"start":{"line":3,"column":6992},"end":{"line":3,"column":7000}},"964":{"start":{"line":3,"column":7001},"end":{"line":3,"column":7383}},"965":{"start":{"line":3,"column":7019},"end":{"line":3,"column":7045}},"966":{"start":{"line":3,"column":7048},"end":{"line":3,"column":7085}},"967":{"start":{"line":3,"column":7088},"end":{"line":3,"column":7112}},"968":{"start":{"line":3,"column":7113},"end":{"line":3,"column":7379}},"969":{"start":{"line":3,"column":7390},"end":{"line":3,"column":7407}},"970":{"start":{"line":3,"column":7411},"end":{"line":3,"column":7417}},"971":{"start":{"line":3,"column":7421},"end":{"line":3,"column":7469}},"972":{"start":{"line":3,"column":7473},"end":{"line":3,"column":7494}},"973":{"start":{"line":3,"column":7509},"end":{"line":3,"column":7517}},"974":{"start":{"line":3,"column":7532},"end":{"line":3,"column":7540}},"975":{"start":{"line":3,"column":7555},"end":{"line":3,"column":7592}},"976":{"start":{"line":3,"column":7559},"end":{"line":3,"column":7581}},"977":{"start":{"line":3,"column":7626},"end":{"line":3,"column":7726}},"978":{"start":{"line":3,"column":7649},"end":{"line":3,"column":7687}},"979":{"start":{"line":3,"column":7687},"end":{"line":3,"column":7717}},"980":{"start":{"line":3,"column":7698},"end":{"line":3,"column":7717}},"981":{"start":{"line":3,"column":7717},"end":{"line":3,"column":7725}},"982":{"start":{"line":3,"column":7726},"end":{"line":3,"column":7859}},"983":{"start":{"line":3,"column":7834},"end":{"line":3,"column":7839}},"984":{"start":{"line":3,"column":7844},"end":{"line":3,"column":7859}},"985":{"start":{"line":3,"column":7850},"end":{"line":3,"column":7859}},"986":{"start":{"line":3,"column":7859},"end":{"line":3,"column":8014}},"987":{"start":{"line":3,"column":7892},"end":{"line":3,"column":7933}},"988":{"start":{"line":3,"column":7987},"end":{"line":3,"column":8012}},"989":{"start":{"line":3,"column":8015},"end":{"line":3,"column":14276}},"990":{"start":{"line":3,"column":8086},"end":{"line":3,"column":8094}},"991":{"start":{"line":3,"column":8095},"end":{"line":3,"column":8963}},"992":{"start":{"line":3,"column":8101},"end":{"line":3,"column":8406}},"993":{"start":{"line":3,"column":8269},"end":{"line":3,"column":8367}},"994":{"start":{"line":3,"column":8406},"end":{"line":3,"column":8962}},"995":{"start":{"line":3,"column":8416},"end":{"line":3,"column":8962}},"996":{"start":{"line":3,"column":9020},"end":{"line":3,"column":9042}},"997":{"start":{"line":3,"column":9043},"end":{"line":3,"column":9724}},"998":{"start":{"line":3,"column":9063},"end":{"line":3,"column":9099}},"999":{"start":{"line":3,"column":9099},"end":{"line":3,"column":9676}},"1000":{"start":{"line":3,"column":9109},"end":{"line":3,"column":9676}},"1001":{"start":{"line":3,"column":9175},"end":{"line":3,"column":9323}},"1002":{"start":{"line":3,"column":9323},"end":{"line":3,"column":9524}},"1003":{"start":{"line":3,"column":9333},"end":{"line":3,"column":9524}},"1004":{"start":{"line":3,"column":9524},"end":{"line":3,"column":9627}},"1005":{"start":{"line":3,"column":9633},"end":{"line":3,"column":9676}},"1006":{"start":{"line":3,"column":9644},"end":{"line":3,"column":9676}},"1007":{"start":{"line":3,"column":9676},"end":{"line":3,"column":9723}},"1008":{"start":{"line":3,"column":9753},"end":{"line":3,"column":9767}},"1009":{"start":{"line":3,"column":9782},"end":{"line":3,"column":9809}},"1010":{"start":{"line":3,"column":9812},"end":{"line":3,"column":9850}},"1011":{"start":{"line":3,"column":9853},"end":{"line":3,"column":9880}},"1012":{"start":{"line":3,"column":9881},"end":{"line":3,"column":9937}},"1013":{"start":{"line":3,"column":9919},"end":{"line":3,"column":9937}},"1014":{"start":{"line":3,"column":9937},"en
[...]
"373":0,"374":0,"375":0,"376":0,"377":0,"378":0,"379":0,"380":0,"381":0,"382":0,"383":0,"384":0,"385":0,"386":0,"387":0,"388":0,"389":0,"390":0,"391":0,"392":0,"393":0,"394":0,"395":0,"396":0,"397":0,"398":0,"399":0,"400":0,"401":0,"402":0,"403":0,"404":0,"405":0,"406":0,"407":0,"408":0,"409":0,"410":0,"411":0,"412":0,"413":0,"414":0,"415":0,"416":0,"417":0,"418":0,"419":0,"420":0,"421":0,"422":0,"423":0,"424":0,"425":0,"426":0,"427":0,"428":0,"429":0,"430":0,"431":0,"432":0,"433":0,"434":0,"435":0,"436":0,"437":0,"438":0,"439":0,"440":0,"441":0,"442":0,"443":0,"444":0,"445":0,"446":0,"447":0,"448":0,"449":0,"450":0,"451":0,"452":0,"453":0,"454":0,"455":0,"456":0,"457":0,"458":0,"459":0,"460":0,"461":0,"462":0,"463":0,"464":0,"465":0,"466":0,"467":0,"468":0,"469":0,"470":0,"471":0,"472":0,"473":0,"474":0,"475":0,"476":0,"477":0,"478":0,"479":0,"480":0,"481":0,"482":0,"483":0,"484":0,"485":0,"486":0,"487":0,"488":0,"489":0,"490":0,"491":0,"492":0,"493":0,"494":0,"495":0,"496":0,"497":0,"498":0,"499":0,"500":0,"501":0,"502":0,"503":0,"504":0,"505":0,"506":0,"507":0,"508":0,"509":0,"510":0,"511":0,"512":0,"513":0,"514":0,"515":0,"516":0,"517":0,"518":0,"519":0,"520":0,"521":0,"522":0,"523":0,"524":0,"525":0,"526":0,"527":0,"528":0,"529":0,"530":0,"531":0,"532":0,"533":0,"534":0,"535":0,"536":0,"537":0,"538":0,"539":0,"540":0,"541":0,"542":0,"543":0,"544":0,"545":0,"546":0,"547":0,"548":0,"549":0,"550":0,"551":0,"552":0,"553":0,"554":0,"555":0,"556":0,"557":0,"558":0,"559":0,"560":0,"561":0,"562":0,"563":0,"564":0,"565":0,"566":0,"567":0,"568":0,"569":0,"570":0,"571":0,"572":0,"573":0,"574":0,"575":0,"576":0,"577":0,"578":0,"579":0,"580":0,"581":0,"582":0,"583":0,"584":0,"585":0,"586":0,"587":0,"588":0},"b":{"0":[0,0],"1":[0,0],"2":[0,0],"3":[0,0],"4":[0,0],"5":[0,0],"6":[0,0],"7":[0,0],"8":[0,0],"9":[0,0],"10":[0,0],"11":[0,0],"12":[0,0],"13":[0,0],"14":[0,0],"15":[0,0,0],"16":[0,0],"17":[0,0],"18":[0,0],"19":[0,0],"20":[0,0,0,0],"21":[0,0],"22":[0,0],"23":[0,0],"24":[0,0],"25":[0,0],"26":[0,0],"27":[0,0],"28":[0,0,0],"29":[0,0,0],"30":[0,0],"31":[0,0],"32":[0,0],"33":[0,0],"34":[0,0],"35":[0,0],"36":[0,0],"37":[0,0],"38":[0,0],"39":[0,0],"40":[0,0],"41":[0,0],"42":[0,0],"43":[0,0],"44":[0,0],"45":[0,0],"46":[0,0],"47":[0,0],"48":[0,0],"49":[0,0],"50":[0,0],"51":[0,0],"52":[0,0],"53":[0,0],"54":[0,0],"55":[0,0,0],"56":[0,0,0,0,0,0,0],"57":[0,0],"58":[0,0],"59":[0,0],"60":[0,0],"61":[0,0],"62":[0,0],"63":[0,0],"64":[0,0,0],"65":[0,0],"66":[0,0],"67":[0,0],"68":[0,0],"69":[0,0],"70":[0,0,0,0,0],"71":[0,0],"72":[0,0],"73":[0,0],"74":[0,0],"75":[0,0],"76":[0,0],"77":[0,0],"78":[0,0],"79":[0,0],"80":[0,0],"81":[0,0],"82":[0,0],"83":[0,0],"84":[0,0,0,0],"85":[0,0],"86":[0,0],"87":[0,0,0],"88":[0,0],"89":[0,0,0,0],"90":[0,0],"91":[0,0],"92":[0,0],"93":[0,0,0],"94":[0,0],"95":[0,0],"96":[0,0],"97":[0,0],"98":[0,0],"99":[0,0,0,0],"100":[0,0],"101":[0,0],"102":[0,0],"103":[0,0],"104":[0,0],"105":[0,0,0],"106":[0,0],"107":[0,0],"108":[0,0],"109":[0,0],"110":[0,0],"111":[0,0,0],"112":[0,0],"113":[0,0],"114":[0,0,0],"115":[0,0],"116":[0,0],"117":[0,0],"118":[0,0],"119":[0,0],"120":[0,0],"121":[0,0,0],"122":[0,0,0,0],"123":[0,0],"124":[0,0],"125":[0,0],"126":[0,0],"127":[0,0],"128":[0,0],"129":[0,0],"130":[0,0],"131":[0,0],"132":[0,0],"133":[0,0],"134":[0,0],"135":[0,0],"136":[0,0],"137":[0,0],"138":[0,0],"139":[0,0],"140":[0,0],"141":[0,0],"142":[0,0],"143":[0,0],"144":[0,0],"145":[0,0],"146":[0,0],"147":[0,0],"148":[0,0],"149":[0,0],"150":[0,0],"151":[0,0],"152":[0,0],"153":[0,0],"154":[0,0],"155":[0,0],"156":[0,0],"157":[0,0,0,0,0],"158":[0,0],"159":[0,0],"160":[0,0],"161":[0,0],"162":[0,0],"163":[0,0],"164":[0,0],"165":[0,0,0],"166":[0,0],"167":[0,0],"168":[0,0],"169":[0,0],"170":[0,0],"171":[0,0],"172":[0,0],"173":[0,0],"174":[0,0],"175":[0,0],"176":[0,0],"177":[0,0,0],"178":[0,0],"179":[0,0,0],"180":[0,0],"181":[0,0,0],"182":[0,0],"183":[0,0],"184":[0,0],"185":[0,0],"186":[0,0],"187":[0,0],"188":[0,0],"189":[0,0],"190":[0,0],"191":[0,0],"192":[0,0],"193":[0,0],"194":[0,0],"195":[0,0],"196":[0,0],"197":[0,0],"198":[0,0],"199":[0,0,0,0,0,0,0],"200":[0,0],"201":[0,0,0,0],"202":[0,0],"203":[0,0],"204":[0,0],"205":[0,0],"206":[0,0],"207":[0,0],"208":[0,0],"209":[0,0],"210":[0,0],"211":[0,0],"212":[0,0],"213":[0,0],"214":[0,0],"215":[0,0],"216":[0,0],"217":[0,0],"218":[0,0,0],"219":[0,0],"220":[0,0],"221":[0,0],"222":[0,0,0,0],"223":[0,0],"224":[0,0],"225":[0,0],"226":[0,0],"227":[0,0],"228":[0,0],"229":[0,0],"230":[0,0],"231":[0,0],"232":[0,0],"233":[0,0],"234":[0,0,0],"235":[0,0,0,0,0],"236":[0,0],"237":[0,0],"238":[0,0,0],"239":[0,0,0,0,0],"240":[0,0],"241":[0,0],"242":[0,0],"243":[0,0],"244":[0,0],"245":[0,0],"246":[0,0],"247":[0,0],"248":[0,0],"249":[0,0],"250":[0,0],"251":[0,0,0],"252":[0,0],"253":[0,0],"254":[0,0],"255":[0,0],"256":[0,0],"257":[0,0],"258":[0,0],"259":[0,0],"260":[0,0],"261":[0,0,0],"262":[0,0],"263":[0,0],"264":[0,0],"265":[0,0],"266":[0,0],"267":[0,0],"268":[0,0],"269":[0,0],"270":[0,0],"271":[0,0,0,0,0],"272":[0,0],"273":[0,0,0],"274":[0,0],"275":[0,0],"276":[0,0],"277":[0,0],"278":[0,0],"279":[0,0],"280":[0,0,0,0,0],"281":[0,0],"282":[0,0,0],"283":[0,0],"284":[0,0],"285":[0,0],"286":[0,0],"287":[0,0,0],"288":[0,0,0],"289":[0,0],"290":[0,0],"291":[0,0],"292":[0,0],"293":[0,0],"294":[0,0,0],"295":[0,0],"296":[0,0],"297":[0,0],"298":[0,0],"299":[0,0],"300":[0,0],"301":[0,0],"302":[0,0],"303":[0,0],"304":[0,0,0,0],"305":[0,0,0],"306":[0,0,0,0],"307":[0,0],"308":[0,0],"309":[0,0,0],"310":[0,0,0,0],"311":[0,0],"312":[0,0],"313":[0,0],"314":[0,0,0],"315":[0,0],"316":[0,0],"317":[0,0],"318":[0,0,0,0],"319":[0,0],"320":[0,0],"321":[0,0],"322":[0,0],"323":[0,0],"324":[0,0],"325":[0,0],"326":[0,0],"327":[0,0],"328":[0,0],"329":[0,0,0],"330":[0,0],"331":[0,0],"332":[0,0],"333":[0,0],"334":[0,0],"335":[0,0],"336":[0,0],"337":[0,0],"338":[0,0,0],"339":[0,0],"340":[0,0],"341":[0,0],"342":[0,0,0,0],"343":[0,0],"344":[0,0,0],"345":[0,0,0],"346":[0,0],"347":[0,0],"348":[0,0],"349":[0,0],"350":[0,0,0],"351":[0,0],"352":[0,0],"353":[0,0],"354":[0,0],"355":[0,0],"356":[0,0],"357":[0,0],"358":[0,0],"359":[0,0],"360":[0,0],"361":[0,0],"362":[0,0],"363":[0,0],"364":[0,0,0],"365":[0,0],"366":[0,0],"367":[0,0],"368":[0,0],"369":[0,0],"370":[0,0],"371":[0,0],"372":[0,0],"373":[0,0],"374":[0,0],"375":[0,0],"376":[0,0],"377":[0,0],"378":[0,0,0],"379":[0,0],"380":[0,0],"381":[0,0],"382":[0,0],"383":[0,0],"384":[0,0,0],"385":[0,0],"386":[0,0],"387":[0,0],"388":[0,0],"389":[0,0],"390":[0,0],"391":[0,0],"392":[0,0],"393":[0,0],"394":[0,0],"395":[0,0],"396":[0,0,0],"397":[0,0,0,0,0],"398":[0,0],"399":[0,0],"400":[0,0],"401":[0,0],"402":[0,0],"403":[0,0],"404":[0,0],"405":[0,0],"406":[0,0],"407":[0,0],"408":[0,0],"409":[0,0,0,0,0],"410":[0,0],"411":[0,0],"412":[0,0],"413":[0,0],"414":[0,0],"415":[0,0],"416":[0,0],"417":[0,0,0],"418":[0,0],"419":[0,0],"420":[0,0],"421":[0,0,0,0],"422":[0,0],"423":[0,0],"424":[0,0],"425":[0,0,0],"426":[0,0],"427":[0,0],"428":[0,0],"429":[0,0],"430":[0,0],"431":[0,0],"432":[0,0],"433":[0,0],"434":[0,0],"435":[0,0],"436":[0,0],"437":[0,0,0],"438":[0,0],"439":[0,0],"440":[0,0],"441":[0,0],"442":[0,0],"443":[0,0],"444":[0,0],"445":[0,0],"446":[0,0],"447":[0,0],"448":[0,0],"449":[0,0],"450":[0,0],"451":[0,0],"452":[0,0],"453":[0,0],"454":[0,0],"455":[0,0],"456":[0,0],"457":[0,0],"458":[0,0],"459":[0,0],"460":[0,0],"461":[0,0,0],"462":[0,0,0],"463":[0,0],"464":[0,0],"465":[0,0],"466":[0,0],"467":[0,0],"468":[0,0],"469":[0,0],"470":[0,0],"471":[0,0],"472":[0,0],"473":[0,0],"474":[0,0],"475":[0,0],"476":[0,0],"477":[0,0],"478":[0,0],"479":[0,0],"480":[0,0],"481":[0,0],"482":[0,0],"483":[0,0],"484":[0,0],"485":[0,0],"486":[0,0],"487":[0,0],"488":[0,0],"489":[0,0],"490":[0,0],"491":[0,0],"492":[0,0],"493":[0,0],"494":[0,0],"495":[0,0],"496":[0,0],"497":[0,0],"498":[0,0],"499":[0,0],"500":[0,0],"501":[0,0,0],"502":[0,0],"503":[0,0],"504":[0,0],"505":[0,0],"506":[0,0],"507":[0,0],"508":[0,0,0],"509":[0,0],"510":[0,0],"511":[0,0],"512":[0,0],"513":[0,0,0],"514":[0,0],"515":[0,0,0],"516":[0,0,0,0],"517":[0,0,0],"518":[0,0],"519":[0,0],"520":[0,0],"521":[0,0,0],"522":[0,0],"523":[0,0],"524":[0,0],"525":[0,0],"526":[0,0],"527":[0,0],"528":[0,0],"529":[0,0],"530":[0,0],"531":[0,0],"532":[0,0],"533":[0,0],"534":[0,0],"535":[0,0],"536":[0,0],"537":[0,0,0,0],"538":[0,0],"539":[0,0],"540":[0,0],"541":[0,0],"542":[0,0],"543":[0,0],"544":[0,0],"545":[0,0],"546":[0,0],"547":[0,0],"548":[0,0],"549":[0,0],"550":[0,0],"551":[0,0],"552":[0,0],"553":[0,0],"554":[0,0],"555":[0,0],"556":[0,0],"557":[0,0],"558":[0,0],"559":[0,0],"560":[0,0],"561":[0,0,0,0,0],"562":[0,0],"563":[0,0],"564":[0,0,0],"565":[0,0],"566":[0,0,0],"567":[0,0],"568":[0,0],"569":[0,0],"570":[0,0],"571":[0,0],"572":[0,0],"573":[0,0],"574":[0,0],"575":[0,0],"576":[0,0],"577":[0,0,0],"578":[0,0],"579":[0,0],"580":[0,0],"581":[0,0],"582":[0,0],"583":[0,0],"584":[0,0],"585":[0,0,0,0],"586":[0,0],"587":[0,0],"588":[0,0],"589":[0,0],"590":[0,0],"591":[0,0],"592":[0,0,0],"593":[0,0],"594":[0,0],"595":[0,0,0],"596":[0,0],"597":[0,0],"598":[0,0],"599":[0,0],"600":[0,0],"601":[0,0],"602":[0,0],"603":[0,0],"604":[0,0],"605":[0,0],"606":[0,0],"607":[0,0],"608":[0,0],"609":[0,0],"610":[0,0],"611":[0,0],"612":[0,0],"613":[0,0],"614":[0,0],"615":[0,0],"616":[0,0],"617":[0,0],"618":[0,0],"619":[0,0],"620":[0,0],"621":[0,0],"622":[0,0],"623":[0,0],"624":[0,0],"625":[0,0,0],"626":[0,0],"627":[0,0],"628":[0,0],"629":[0,0],"630":[0,0,0],"631":[0,0],"632":[0,0],"633":[0,0],"634":[0,0],"635":[0,0,0],"636":[0,0],"637":[0,0,0,0],"638":[0,0],"639":[0,0],"640":[0,0,0],"641":[0,0],"642":[0,0,0,0],"643":[0,0],"644":[0,0],"645":[0,0],"646":[0,0],"647":[0,0],"648":[0,0,0],"649":[0,0],"650":[0,0],"651":[0,0,0],"652":[0,0],"653":[0,0],"654":[0,0],"655":[0,0],"656":[0,0],"657":[0,0],"658":[0,0],"659":[0,0],"660":[0,0],"661":[0,0,0],"662":[0,0],"663":[0,0],"664":[0,0],"665":[0,0],"666":[0,0],"667":[0,0],"668":[0,0],"669":[0,0],"670":[0,0],"671":[0,0],"672":[0,0,0],"673":[0,0],"674":[0,0],"675":[0,0],"676":[0,0],"677":[0,0],"678":[0,0],"679":[0,0],"680":[0,0],"681":[0,0],"682":[0,0],"683":[0,0],"684":[0,0],"685":[0,0],"686":[0,0],"687":[0,0],"688":[0,0],"689":[0,0],"690":[0,0],"691":[0,0],"692":[0,0],"693":[0,0],"694":[0,0],"695":[0,0],"696":[0,0],"697":[0,0],"698":[0,0],"699":[0,0],"700":[0,0],"701":[0,0],"702":[0,0],"703":[0,0],"704":[0,0],"705":[0,0],"706":[0,0],"707":[0,0],"708":[0,0],"709":[0,0],"710":[0,0],"711":[0,0],"712":[0,0],"713":[0,0],"714":[0,0],"715":[0,0],"716":[0,0],"717":[0,0],"718":[0,0],"719":[0,0,0,0],"720":[0,0],"721":[0,0],"722":[0,0],"723":[0,0],"724":[0,0],"725":[0,0],"726":[0,0],"727":[0,0],"728":[0,0],"729":[0,0],"730":[0,0],"731":[0,0],"732":[0,0],"733":[0,0],"734":[0,0],"735":[0,0],"736":[0,0,0,0,0,0,0,0,0,0,0],"737":[0,0],"738":[0,0],"739":[0,0,0],"740":[0,0,0],"741":[0,0],"742":[0,0],"743":[0,0],"744":[0,0],"745":[0,0],"746":[0,0],"747":[0,0],"748":[0,0],"749":[0,0,0],"750":[0,0],"751":[0,0],"752":[0,0,0],"753":[0,0],"754":[0,0],"755":[0,0,0],"756":[0,0],"757":[0,0],"758":[0,0],"759":[0,0,0],"760":[0,0],"761":[0,0],"762":[0,0],"763":[0,0],"764":[0,0],"765":[0,0],"766":[0,0],"767":[0,0],"768":[0,0],"769":[0,0],"770":[0,0],"771":[0,0],"772":[0,0],"773":[0,0],"774":[0,0,0],"775":[0,0,0],"776":[0,0],"777":[0,0],"778":[0,0],"779":[0,0],"780":[0,0],"781":[0,0,0],"782":[0,0],"783":[0,0],"784":[0,0],"785":[0,0,0],"786":[0,0,0],"787":[0,0,0],"788":[0,0,0],"789":[0,0],"790":[0,0],"791":[0,0],"792":[0,0],"793":[0,0,0],"794":[0,0],"795":[0,0],"796":[0,0],"797":[0,0,0,0],"798":[0,0],"799":[0,0,0],"800":[0,0],"801":[0,0],"802":[0,0,0],"803":[0,0],"804":[0,0],"805":[0,0],"806":[0,0],"807":[0,0],"808":[0,0],"809":[0,0],"810":[0,0],"811":[0,0],"812":[0,0],"813":[0,0],"814":[0,0],"815":[0,0,0],"816":[0,0],"817":[0,0,0,0,0],"818":[0,0],"819":[0,0],"820":[0,0],"821":[0,0],"822":[0,0],"823":[0,0],"824":[0,0],"825":[0,0],"826":[0,0,0,0],"827":[0,0],"828":[0,0],"829":[0,0],"830":[0,0,0],"831":[0,0],"832":[0,0,0],"833":[0,0],"834":[0,0,0,0],"835":[0,0],"836":[0,0],"837":[0,0],"838":[0,0],"839":[0,0],"840":[0,0],"841":[0,0],"842":[0,0],"843":[0,0],"844":[0,0],"845":[0,0],"846":[0,0],"847":[0,0,0,0],"848":[0,0],"849":[0,0,0],"850":[0,0],"851":[0,0,0],"852":[0,0],"853":[0,0],"854":[0,0],"855":[0,0],"856":[0,0],"857":[0,0],"858":[0,0],"859":[0,0],"860":[0,0],"861":[0,0,0],"862":[0,0],"863":[0,0],"864":[0,0],"865":[0,0],"866":[0,0],"867":[0,0],"868":[0,0],"869":[0,0,0],"870":[0,0],"871":[0,0],"872":[0,0],"873":[0,0],"874":[0,0],"875":[0,0,0],"876":[0,0,0,0],"877":[0,0],"878":[0,0],"879":[0,0],"880":[0,0],"881":[0,0],"882":[0,0],"883":[0,0],"884":[0,0],"885":[0,0],"886":[0,0],"887":[0,0],"888":[0,0],"889":[0,0],"890":[0,0],"891":[0,0],"892":[0,0],"893":[0,0],"894":[0,0],"895":[0,0,0],"896":[0,0],"897":[0,0],"898":[0,0],"899":[0,0],"900":[0,0],"901":[0,0],"902":[0,0],"903":[0,0,0,0],"904":[0,0],"905":[0,0],"906":[0,0],"907":[0,0],"908":[0,0,0],"909":[0,0,0,0],"910":[0,0,0],"911":[0,0],"912":[0,0,0],"913":[0,0],"914":[0,0,0,0],"915":[0,0,0,0],"916":[0,0],"917":[0,0],"918":[0,0],"919":[0,0,0],"920":[0,0],"921":[0,0,0],"922":[0,0],"923":[0,0],"924":[0,0],"925":[0,0],"926":[0,0],"927":[0,0],"928":[0,0],"929":[0,0,0],"930":[0,0],"931":[0,0],"932":[0,0,0,0],"933":[0,0],"934":[0,0],"935":[0,0],"936":[0,0,0],"937":[0,0],"938":[0,0],"939":[0,0],"940":[0,0],"941":[0,0],"942":[0,0],"943":[0,0],"944":[0,0],"945":[0,0],"946":[0,0],"947":[0,0],"948":[0,0],"949":[0,0],"950":[0,0,0],"951":[0,0],"952":[0,0],"953":[0,0],"954":[0,0],"955":[0,0,0],"956":[0,0,0],"957":[0,0],"958":[0,0],"959":[0,0],"960":[0,0],"961":[0,0],"962":[0,0],"963":[0,0],"964":[0,0],"965":[0,0],"966":[0,0],"967":[0,0],"968":[0,0],"969":[0,0],"970":[0,0],"971":[0,0],"972":[0,0],"973":[0,0],"974":[0,0,0],"975":[0,0,0],"976":[0,0],"977":[0,0],"978":[0,0,0],"979":[0,0],"980":[0,0],"981":[0,0],"982":[0,0],"983":[0,0],"984":[0,0,0,0,0],"985":[0,0],"986":[0,0],"987":[0,0],"988":[0,0],"989":[0,0],"990":[0,0],"991":[0,0],"992":[0,0],"993":[0,0],"994":[0,0],"995":[0,0],"996":[0,0],"997":[0,0],"998":[0,0],"999":[0,0],"1000":[0,0],"1001":[0,0],"1002":[0,0],"1003":[0,0],"1004":[0,0],"1005":[0,0],"1006":[0,0],"1007":[0,0],"1008":[0,0],"1009":[0,0],"1010":[0,0],"1011":[0,0],"1012":[0,0],"1013":[0,0],"1014":[0,0],"1015":[0,0],"1016":[0,0],"1017":[0,0],"1018":[0,0],"1019":[0,0],"1020":[0,0,0,0,0],"1021":[0,0,0,0,0],"1022":[0,0],"1023":[0,0],"1024":[0,0],"1025":[0,0,0],"1026":[0,0],"1027":[0,0],"1028":[0,0,0],"1029":[0,0],"1030":[0,0],"1031":[0,0],"1032":[0,0,0],"1033":[0,0],"1034":[0,0],"1035":[0,0],"1036":[0,0,0],"1037":[0,0,0,0],"1038":[0,0,0,0],"1039":[0,0,0],"1040":[0,0],"1041":[0,0],"1042":[0,0],"1043":[0,0,0],"1044":[0,0,0],"1045":[0,0,0],"1046":[0,0],"1047":[0,0],"1048":[0,0,0],"1049":[0,0],"1050":[0,0],"1051":[0,0],"1052":[0,0],"1053":[0,0],"1054":[0,0],"1055":[0,0,0],"1056":[0,0],"1057":[0,0,0],"1058":[0,0],"1059":[0,0],"1060":[0,0],"1061":[0,0],"1062":[0,0],"1063":[0,0,0],"1064":[0,0],"1065":[0,0,0],"1066":[0,0],"1067":[0,0],"1068":[0,0,0],"1069":[0,0],"1070":[0,0],"1071":[0,0],"1072":[0,0],"1073":[0,0],"1074":[0,0],"1075":[0,0],"1076":[0,0],"1077":[0,0],"1078":[0,0],"1079":[0,0,0],"1080":[0,0,0],"1081":[0,0],"1082":[0,0],"1083":[0,0],"1084":[0,0,0],"1085":[0,0],"1086":[0,0,0],"1087":[0,0],"1088":[0,0],"1089":[0,0,0],"1090":[0,0],"1091":[0,0,0],"1092":[0,0],"1093":[0,0],"1094":[0,0],"1095":[0,0,0],"1096":[0,0],"1097":[0,0],"1098":[0,0],"1099":[0,0],"1100":[0,0],"1101":[0,0],"1102":[0,0],"1103":[0,0],"1104":[0,0],"1105":[0,0],"1106":[0,0],"1107":[0,0],"1108":[0,0],"1109":[0,0],"1110":[0,0],"1111":[0,0],"1112":[0,0],"1113":[0,0],"1114":[0,0],"1115":[0,0],"1116":[0,0],"1117":[0,0],"1118":[0,0],"1119":[0,0,0],"1120":[0,0],"1121":[0,0],"1122":[0,0],"1123":[0,0],"1124":[0,0],"1125":[0,0],"1126":[0,0],"1127":[0,0],"1128":[0,0],"1129":[0,0],"1130":[0,0],"1131":[0,0],"1132":[0,0],"1133":[0,0],"1134":[0,0],"1135":[0,0,0,0],"1136":[0,0],"1137":[0,0],"1138":[0,0],"1139":[0,0,0],"1140":[0,0],"1141":[0,0],"1142":[0,0],"1143":[0,0],"1144":[0,0],"1145":[0,0],"1146":[0,0],"1147":[0,0],"1148":[0,0,0,0,0],"1149":[0,0],"1150":[0,0],"1151":[0,0],"1152":[0,0],"1153":[0,0],"1154":[0,0],"1155":[0,0],"1156":[0,0],"1157":[0,0],"1158":[0,0],"1159":[0,0],"1160":[0,0,0,0],"1161":[0,0],"1162":[0,0],"1163":[0,0],"1164":[0,0],"1165":[0,0],"1166":[0,0],"1167":[0,0],"1168":[0,0],"1169":[0,0],"1170":[0,0,0],"1171":[0,0],"1172":[0,0,0],"1173":[0,0],"1174":[0,0],"1175":[0,0],"1176":[0,0],"1177":[0,0,0],"1178":[0,0],"1179":[0,0],"1180":[0,0],"1181":[0,0],"1182":[0,0],"1183":[0,0],"1184":[0,0],"1185":[0,0,0,0],"1186":[0,0],"1187":[0,0,0,0,0,0,0,0,0],"1188":[0,0],"1189":[0,0],"1190":[0,0],"1191":[0,0],"1192":[0,0],"1193":[0,0],"1194":[0,0],"1195":[0,0],"1196":[0,0],"1197":[0,0],"1198":[0,0],"1199":[0,0],"1200":[0,0],"1201":[0,0,0],"1202":[0,0],"1203":[0,0],"1204":[0,0],"1205":[0,0],"1206":[0,0],"1207":[0,0],"1208":[0,0],"1209":[0,0],"1210":[0,0],"1211":[0,0],"1212":[0,0,0],"1213":[0,0],"1214":[0,0,0,0,0,0],"1215":[0,0],"1216":[0,0],"1217":[0,0],"1218":[0,0],"1219":[0,0],"1220":[0,0],"1221":[0,0],"1222":[0,0],"1223":[0,0],"1224":[0,0],"1225":[0,0],"1226":[0,0,0],"1227":[0,0],"1228":[0,0,0],"1229":[0,0],"1230":[0,0],"1231":[0,0],"1232":[0,0],"1233":[0,0],"1234":[0,0],"1235":[0,0],"1236":[0,0],"1237":[0,0],"1238":[0,0],"1239":[0,0],"1240":[0,0],"1241":[0,0],"1242":[0,0],"1243":[0,0],"1244":[0,0],"1245":[0,0],"1246":[0,0],"1247":[0,0],"1248":[0,0],"1249":[0,0,0,0],"1250":[0,0],"1251":[0,0],"1252":[0,0],"1253":[0,0],"1254":[0,0],"1255":[0,0],"1256":[0,0],"1257":[0,0],"1258":[0,0],"1259":[0,0],"1260":[0,0],"1261":[0,0],"1262":[0,0],"1263":[0,0],"1264":[0,0],"1265":[0,0],"1266":[0,0],"1267":[0,0],"1268":[0,0],"1269":[0,0,0],"1270":[0,0],"1271":[0,0],"1272":[0,0],"1273":[0,0],"1274":[0,0],"1275":[0,0],"1276":[0,0],"1277":[0,0],"1278":[0,0],"1279":[0,0],"1280":[0,0],"1281":[0,0],"1282":[0,0],"1283":[0,0,0],"1284":[0,0,0,0],"1285":[0,0],"1286":[0,0],"1287":[0,0],"1288":[0,0,0,0],"1289":[0,0],"1290":[0,0,0],"1291":[0,0],"1292":[0,0,0,0],"1293":[0,0],"1294":[0,0],"1295":[0,0],"1296":[0,0],"1297":[0,0],"1298":[0,0],"1299":[0,0],"1300":[0,0],"1301":[0,0,0,0,0],"1302":[0,0],"1303":[0,0],"1304":[0,0],"1305":[0,0],"1306":[0,0,0],"1307":[0,0],"1308":[0,0],"1309":[0,0],"1310":[0,0,0],"1311":[0,0],"1312":[0,0],"1313":[0,0],"1314":[0,0],"1315":[0,0],"1316":[0,0,0],"1317":[0,0],"1318":[0,0],"1319":[0,0],"1320":[0,0],"1321":[0,0],"1322":[0,0],"1323":[0,0],"1324":[0,0],"1325":[0,0,0],"1326":[0,0],"1327":[0,0],"1328":[0,0],"1329":[0,0],"1330":[0,0],"1331":[0,0],"1332":[0,0],"1333":[0,0],"1334":[0,0],"1335":[0,0],"1336":[0,0],"1337":[0,0],"1338":[0,0],"1339":[0,0],"1340":[0,0],"1341":[0,0],"1342":[0,0],"1343":[0,0,0],"1344":[0,0],"1345":[0,0],"1346":[0,0,0],"1347":[0,0],"1348":[0,0,0],"1349":[0,0,0],"1350":[0,0],"1351":[0,0],"1352":[0,0],"1353":[0,0],"1354":[0,0],"1355":[0,0],"1356":[0,0],"1357":[0,0],"1358":[0,0],"1359":[0,0],"1360":[0,0],"1361":[0,0,0],"1362":[0,0],"1363":[0,0],"1364":[0,0],"1365":[0,0],"1366":[0,0],"1367":[0,0],"1368":[0,0],"1369":[0,0],"1370":[0,0],"1371":[0,0],"1372":[0,0],"1373":[0,0],"1374":[0,0,0,0],"1375":[0,0],"1376":[0,0],"1377":[0,0],"1378":[0,0],"1379":[0,0],"1380":[0,0],"1381":[0,0],"1382":[0,0],"1383":[0,0],"1384":[0,0],"1385":[0,0,0],"1386":[0,0],"1387":[0,0],"1388":[0,0],"1389":[0,0],"1390":[0,0],"1391":[0,0],"1392":[0,0,0],"1393":[0,0],"1394":[0,0],"1395":[0,0,0],"1396":[0,0],"1397":[0,0],"1398":[0,0],"1399":[0,0],"1400":[0,0],"1401":[0,0],"1402":[0,0,0],"1403":[0,0],"1404":[0,0],"1405":[0,0],"1406":[0,0],"1407":[0,0],"1408":[0,0],"1409":[0,0],"1410":[0,0],"1411":[0,0],"1412":[0,0],"1413":[0,0],"1414":[0,0],"1415":[0,0],"1416":[0,0],"1417":[0,0],"1418":[0,0],"1419":[0,0],"1420":[0,0],"1421":[0,0],"1422":[0,0],"1423":[0,0],"1424":[0,0],"1425":[0,0],"1426":[0,0],"1427":[0,0],"1428":[0,0,0],"1429":[0,0],"1430":[0,0],"1431":[0,0],"1432":[0,0],"1433":[0,0],"1434":[0,0],"1435":[0,0],"1436":[0,0],"1437":[0,0],"1438":[0,0],"1439":[0,0],"1440":[0,0,0],"1441":[0,0],"1442":[0,0,0],"1443":[0,0]}}}