TN:
SF:/Users/TuzsNewMacBook/Library/Mobile Documents/com~apple~CloudDocs/Development/code/Rails/fares-you-can-use-rails/app/assets/config/manifest.js
FNF:0
FNH:0
LF:0
LH:0
BRF:0
BRH:0
end_of_record
TN:
SF:/Users/TuzsNewMacBook/Library/Mobile Documents/com~apple~CloudDocs/Development/code/Rails/fares-you-can-use-rails/app/assets/javascripts/application.js
FNF:0
FNH:0
LF:0
LH:0
BRF:0
BRH:0
end_of_record
TN:
SF:/Users/TuzsNewMacBook/Library/Mobile Documents/com~apple~CloudDocs/Development/code/Rails/fares-you-can-use-rails/app/assets/javascripts/cable.js
FN:8,(anonymous_0)
FNF:1
FNH:0
FNDA:0,(anonymous_0)
DA:8,0
DA:9,0
DA:11,0
LF:3
LH:0
BRDA:9,0,0,0
BRDA:9,0,1,0
BRF:2
BRH:0
end_of_record
TN:
SF:/Users/TuzsNewMacBook/Library/Mobile Documents/com~apple~CloudDocs/Development/code/Rails/fares-you-can-use-rails/app/assets/javascripts/deal.js
FN:2,(anonymous_0)
FN:26,(anonymous_1)
FNF:2
FNH:0
FNDA:0,(anonymous_0)
FNDA:0,(anonymous_1)
DA:13,0
DA:14,0
DA:15,0
DA:17,0
DA:18,0
DA:20,0
DA:21,0
DA:22,0
DA:23,0
DA:26,0
DA:27,0
DA:28,0
DA:29,0
DA:30,0
LF:14
LH:0
BRF:0
BRH:0
end_of_record
TN:
SF:/Users/TuzsNewMacBook/Library/Mobile Documents/com~apple~CloudDocs/Development/code/Rails/fares-you-can-use-rails/spec/javascripts/classes_spec.js
FN:1,(anonymous_0)
FN:7,(anonymous_1)
FNF:2
FNH:0
FNDA:0,(anonymous_0)
FNDA:0,(anonymous_1)
DA:1,0
DA:7,0
DA:8,0
DA:36,0
DA:37,0
DA:38,0
DA:39,0
DA:42,0
DA:43,0
DA:44,0
LF:10
LH:0
BRF:0
BRH:0
end_of_record
TN:
SF:/Users/TuzsNewMacBook/Library/Mobile Documents/com~apple~CloudDocs/Development/code/Rails/fares-you-can-use-rails/spec/javascripts/spec_helper.js
FNF:0
FNH:0
DA:40,0
LF:1
LH:0
BRF:0
BRH:0
end_of_record
TN:
SF:/Users/TuzsNewMacBook/Library/Mobile Documents/com~apple~CloudDocs/Development/code/Rails/fares-you-can-use-rails/spec/javascripts/test_spec.js
FNF:0
FNH:0
LF:0
LH:0
BRF:0
BRH:0
end_of_record
TN:
SF:/Users/TuzsNewMacBook/Library/Mobile Documents/com~apple~CloudDocs/Development/code/Rails/fares-you-can-use-rails/vendor/jquery-3.2.1.min.js
FN:2,(anonymous_0)
FN:2,(anonymous_1)
FN:2,(anonymous_2)
FN:2,p
FN:2,(anonymous_4)
FN:2,(anonymous_5)
FN:2,(anonymous_6)
FN:2,(anonymous_7)
FN:2,(anonymous_8)
FN:2,(anonymous_9)
FN:2,(anonymous_10)
FN:2,(anonymous_11)
FN:2,(anonymous_12)
FN:2,(anonymous_13)
FN:2,(anonymous_14)
FN:2,(anonymous_15)
FN:2,(anonymous_16)
FN:2,(anonymous_17)
FN:2,(anonymous_18)
FN:2,(anonymous_19)
FN:2,(anonymous_20)
FN:2,(anonymous_21)
FN:2,(anonymous_22)
FN:2,(anonymous_23)
FN:2,(anonymous_24)
FN:2,(anonymous_25)
FN:2,(anonymous_26)
FN:2,(anonymous_27)
FN:2,(anonymous_28)
FN:2,(anonymous_29)
FN:2,(anonymous_30)
FN:2,(anonymous_31)
FN:2,(anonymous_32)
FN:2,(anonymous_33)
FN:2,(anonymous_34)
FN:2,(anonymous_35)
FN:2,(anonymous_36)
FN:2,(anonymous_37)
FN:2,w
FN:2,(anonymous_39)
FN:2,(anonymous_40)
FN:2,(anonymous_41)
FN:2,(anonymous_42)
FN:2,(anonymous_43)
FN:2,(anonymous_44)
FN:2,(anonymous_45)
FN:2,(anonymous_46)
FN:2,(anonymous_47)
FN:2,ga
FN:2,ha
FN:2,b
FN:2,ia
FN:2,ja
FN:2,ka
FN:2,la
FN:2,ma
FN:2,(anonymous_56)
FN:2,na
FN:2,(anonymous_58)
FN:2,oa
FN:2,(anonymous_60)
FN:2,pa
FN:2,(anonymous_62)
FN:2,(anonymous_63)
FN:2,qa
FN:2,(anonymous_65)
FN:2,(anonymous_66)
FN:2,(anonymous_67)
FN:2,(anonymous_68)
FN:2,(anonymous_69)
FN:2,(anonymous_70)
FN:2,(anonymous_71)
FN:2,(anonymous_72)
FN:2,(anonymous_73)
FN:2,(anonymous_74)
FN:2,(anonymous_75)
FN:2,(anonymous_76)
FN:2,(anonymous_77)
FN:2,(anonymous_78)
FN:2,(anonymous_79)
FN:2,(anonymous_80)
FN:2,(anonymous_81)
FN:2,(anonymous_82)
FN:2,(anonymous_83)
FN:2,(anonymous_84)
FN:2,(anonymous_85)
FN:2,(anonymous_86)
FN:2,(anonymous_87)
FN:2,(anonymous_88)
FN:2,(anonymous_89)
FN:2,(anonymous_90)
FN:2,(anonymous_91)
FN:2,(anonymous_92)
FN:2,(anonymous_93)
FN:2,(anonymous_94)
FN:2,(anonymous_95)
FN:2,(anonymous_96)
FN:2,(anonymous_97)
FN:2,(anonymous_98)
FN:2,(anonymous_99)
FN:2,(anonymous_100)
FN:2,(anonymous_101)
FN:2,(anonymous_102)
FN:2,(anonymous_103)
FN:2,(anonymous_104)
FN:2,(anonymous_105)
FN:2,(anonymous_106)
FN:2,(anonymous_107)
FN:2,(anonymous_108)
FN:2,(anonymous_109)
FN:2,(anonymous_110)
FN:2,(anonymous_111)
FN:2,(anonymous_112)
FN:2,(anonymous_113)
FN:2,(anonymous_114)
FN:2,(anonymous_115)
FN:2,(anonymous_116)
FN:2,(anonymous_117)
FN:2,(anonymous_118)
FN:2,(anonymous_119)
FN:2,(anonymous_120)
FN:2,(anonymous_121)
FN:2,(anonymous_122)
FN:2,(anonymous_123)
FN:2,(anonymous_124)
FN:2,(anonymous_125)
FN:2,(anonymous_126)
FN:2,(anonymous_127)
FN:2,(anonymous_128)
FN:2,(anonymous_129)
FN:2,(anonymous_130)
FN:2,(anonymous_131)
FN:2,(anonymous_132)
FN:2,(anonymous_133)
FN:2,(anonymous_134)
FN:2,(anonymous_135)
FN:2,(anonymous_136)
FN:2,ra
FN:2,(anonymous_138)
FN:2,sa
FN:2,ta
FN:2,(anonymous_141)
FN:2,(anonymous_142)
FN:2,ua
FN:2,(anonymous_144)
FN:2,va
FN:2,wa
FN:2,xa
FN:2,(anonymous_148)
FN:2,ya
FN:2,za
FN:2,(anonymous_151)
FN:2,(anonymous_152)
FN:2,(anonymous_153)
FN:2,(anonymous_154)
FN:2,(anonymous_155)
FN:2,(anonymous_156)
FN:2,(anonymous_157)
FN:2,(anonymous_158)
FN:2,(anonymous_159)
FN:2,(anonymous_160)
FN:2,(anonymous_161)
FN:2,(anonymous_162)
FN:2,B
FN:2,E
FN:2,(anonymous_165)
FN:2,(anonymous_166)
FN:2,(anonymous_167)
FN:2,(anonymous_168)
FN:2,(anonymous_169)
FN:2,(anonymous_170)
FN:2,(anonymous_171)
FN:2,(anonymous_172)
FN:2,(anonymous_173)
FN:2,(anonymous_174)
FN:2,(anonymous_175)
FN:2,(anonymous_176)
FN:2,(anonymous_177)
FN:2,(anonymous_178)
FN:2,(anonymous_179)
FN:2,(anonymous_180)
FN:2,(anonymous_181)
FN:2,(anonymous_182)
FN:2,K
FN:2,(anonymous_184)
FN:2,(anonymous_185)
FN:2,(anonymous_186)
FN:2,(anonymous_187)
FN:2,(anonymous_188)
FN:2,(anonymous_189)
FN:2,(anonymous_190)
FN:2,(anonymous_191)
FN:2,(anonymous_192)
FN:2,(anonymous_193)
FN:2,(anonymous_194)
FN:2,(anonymous_195)
FN:2,(anonymous_196)
FN:2,(anonymous_197)
FN:2,M
FN:2,(anonymous_199)
FN:2,(anonymous_200)
FN:2,(anonymous_201)
FN:2,(anonymous_202)
FN:2,d
FN:2,(anonymous_204)
FN:2,(anonymous_205)
FN:2,(anonymous_206)
FN:2,(anonymous_207)
FN:2,(anonymous_208)
FN:2,(anonymous_209)
FN:2,(anonymous_210)
FN:2,(anonymous_211)
FN:2,(anonymous_212)
FN:2,(anonymous_213)
FN:2,(anonymous_214)
FN:2,(anonymous_215)
FN:2,N
FN:2,O
FN:2,P
FN:2,(anonymous_219)
FN:2,(anonymous_220)
FN:2,(anonymous_221)
FN:2,(anonymous_222)
FN:2,(anonymous_223)
FN:2,(anonymous_224)
FN:2,(anonymous_225)
FN:2,(anonymous_226)
FN:2,(anonymous_227)
FN:2,g
FN:2,(anonymous_229)
FN:2,(anonymous_230)
FN:2,(anonymous_231)
FN:2,(anonymous_232)
FN:2,(anonymous_233)
FN:2,(anonymous_234)
FN:2,(anonymous_235)
FN:2,(anonymous_236)
FN:2,(anonymous_237)
FN:2,(anonymous_238)
FN:2,(anonymous_239)
FN:2,(anonymous_240)
FN:2,(anonymous_241)
FN:2,(anonymous_242)
FN:2,(anonymous_243)
FN:2,(anonymous_244)
FN:2,(anonymous_245)
FN:2,S
FN:3,(anonymous_247)
FN:3,(anonymous_248)
FN:3,(anonymous_249)
FN:3,V
FN:3,(anonymous_251)
FN:3,(anonymous_252)
FN:3,(anonymous_253)
FN:3,(anonymous_254)
FN:3,(anonymous_255)
FN:3,(anonymous_256)
FN:3,$
FN:3,_
FN:3,(anonymous_259)
FN:3,(anonymous_260)
FN:3,(anonymous_261)
FN:3,(anonymous_262)
FN:3,(anonymous_263)
FN:3,(anonymous_264)
FN:3,(anonymous_265)
FN:3,(anonymous_266)
FN:3,(anonymous_267)
FN:3,(anonymous_268)
FN:3,(anonymous_269)
FN:3,(anonymous_270)
FN:3,(anonymous_271)
FN:3,(anonymous_272)
FN:3,(anonymous_273)
FN:3,(anonymous_274)
FN:3,(anonymous_275)
FN:3,(anonymous_276)
FN:3,(anonymous_277)
FN:3,(anonymous_278)
FN:3,(anonymous_279)
FN:3,(anonymous_280)
FN:3,(anonymous_281)
FN:3,(anonymous_282)
FN:3,(anonymous_283)
FN:3,fa
FN:3,(anonymous_285)
FN:3,(anonymous_286)
FN:3,ha
FN:3,ia
FN:3,(anonymous_289)
FN:3,(anonymous_290)
FN:3,(anonymous_291)
FN:3,(anonymous_292)
FN:3,na
FN:3,oa
FN:3,qa
FN:3,(anonymous_296)
FN:3,va
FN:3,wa
FN:3,xa
FN:3,ya
FN:3,(anonymous_301)
FN:3,(anonymous_302)
FN:3,(anonymous_303)
FN:3,(anonymous_304)
FN:3,(anonymous_305)
FN:3,(anonymous_306)
FN:3,(anonymous_307)
FN:3,(anonymous_308)
FN:3,(anonymous_309)
FN:3,(anonymous_310)
FN:3,(anonymous_311)
FN:3,(anonymous_312)
FN:3,(anonymous_313)
FN:3,(anonymous_314)
FN:3,(anonymous_315)
FN:3,(anonymous_316)
FN:3,(anonymous_317)
FN:3,(anonymous_318)
FN:3,(anonymous_319)
FN:3,(anonymous_320)
FN:3,(anonymous_321)
FN:3,(anonymous_322)
FN:3,(anonymous_323)
FN:3,(anonymous_324)
FN:3,(anonymous_325)
FN:3,(anonymous_326)
FN:3,(anonymous_327)
FN:3,(anonymous_328)
FN:3,(anonymous_329)
FN:3,Ea
FN:3,Fa
FN:3,Ga
FN:3,Ha
FN:3,Ia
FN:3,Ja
FN:3,(anonymous_336)
FN:3,Ka
FN:3,(anonymous_338)
FN:3,(anonymous_339)
FN:3,(anonymous_340)
FN:3,(anonymous_341)
FN:3,(anonymous_342)
FN:3,(anonymous_343)
FN:3,(anonymous_344)
FN:3,(anonymous_345)
FN:3,(anonymous_346)
FN:3,(anonymous_347)
FN:3,(anonymous_348)
FN:3,(anonymous_349)
FN:3,(anonymous_350)
FN:3,(anonymous_351)
FN:3,(anonymous_352)
FN:3,(anonymous_353)
FN:3,(anonymous_354)
FN:3,(anonymous_355)
FN:3,(anonymous_356)
FN:3,(anonymous_357)
FN:3,(anonymous_358)
FN:3,(anonymous_359)
FN:3,(anonymous_360)
FN:3,(anonymous_361)
FN:3,(anonymous_362)
FN:3,(anonymous_363)
FN:3,(anonymous_364)
FN:3,b
FN:3,(anonymous_366)
FN:3,(anonymous_367)
FN:3,(anonymous_368)
FN:3,(anonymous_369)
FN:3,Oa
FN:3,Pa
FN:3,(anonymous_372)
FN:3,Wa
FN:3,Xa
FN:3,Ya
FN:3,Za
FN:3,$a
FN:3,(anonymous_378)
FN:3,(anonymous_379)
FN:3,(anonymous_380)
FN:3,(anonymous_381)
FN:3,(anonymous_382)
FN:3,(anonymous_383)
FN:3,(anonymous_384)
FN:3,(anonymous_385)
FN:3,(anonymous_386)
FN:3,(anonymous_387)
FN:3,(anonymous_388)
FN:3,(anonymous_389)
FN:3,(anonymous_390)
FN:3,_a
FN:3,(anonymous_392)
FN:3,(anonymous_393)
FN:3,(anonymous_394)
FN:3,(anonymous_395)
FN:3,(anonymous_396)
FN:3,(anonymous_397)
FN:3,(anonymous_398)
FN:3,(anonymous_399)
FN:3,eb
FN:3,fb
FN:3,(anonymous_402)
FN:3,gb
FN:3,hb
FN:3,ib
FN:3,(anonymous_406)
FN:3,(anonymous_407)
FN:3,(anonymous_408)
FN:3,(anonymous_409)
FN:3,(anonymous_410)
FN:3,(anonymous_411)
FN:3,jb
FN:3,kb
FN:3,(anonymous_414)
FN:3,(anonymous_415)
FN:3,(anonymous_416)
FN:3,(anonymous_417)
FN:3,(anonymous_418)
FN:3,(anonymous_419)
FN:3,(anonymous_420)
FN:3,(anonymous_421)
FN:3,(anonymous_422)
FN:3,(anonymous_423)
FN:3,(anonymous_424)
FN:3,(anonymous_425)
FN:3,(anonymous_426)
FN:3,(anonymous_427)
FN:3,(anonymous_428)
FN:3,(anonymous_429)
FN:3,(anonymous_430)
FN:3,(anonymous_431)
FN:3,(anonymous_432)
FN:3,(anonymous_433)
FN:3,(anonymous_434)
FN:3,(anonymous_435)
FN:3,(anonymous_436)
FN:3,(anonymous_437)
FN:3,(anonymous_438)
FN:3,(anonymous_439)
FN:3,(anonymous_440)
FN:3,(anonymous_441)
FN:3,(anonymous_442)
FN:3,(anonymous_443)
FN:3,(anonymous_444)
FN:3,(anonymous_445)
FN:3,(anonymous_446)
FN:4,(anonymous_447)
FN:4,(anonymous_448)
FN:4,(anonymous_449)
FN:4,(anonymous_450)
FN:4,(anonymous_451)
FN:4,(anonymous_452)
FN:4,(anonymous_453)
FN:4,(anonymous_454)
FN:4,(anonymous_455)
FN:4,(anonymous_456)
FN:4,(anonymous_457)
FN:4,(anonymous_458)
FN:4,(anonymous_459)
FN:4,pb
FN:4,qb
FN:4,(anonymous_462)
FN:4,(anonymous_463)
FN:4,(anonymous_464)
FN:4,(anonymous_465)
FN:4,(anonymous_466)
FN:4,(anonymous_467)
FN:4,(anonymous_468)
FN:4,(anonymous_469)
FN:4,(anonymous_470)
FN:4,(anonymous_471)
FN:4,(anonymous_472)
FN:4,(anonymous_473)
FN:4,(anonymous_474)
FN:4,(anonymous_475)
FN:4,(anonymous_476)
FN:4,(anonymous_477)
FN:4,(anonymous_478)
FN:4,(anonymous_479)
FN:4,(anonymous_480)
FN:4,(anonymous_481)
FN:4,(anonymous_482)
FN:4,(anonymous_483)
FN:4,(anonymous_484)
FN:4,(anonymous_485)
FN:4,(anonymous_486)
FN:4,(anonymous_487)
FN:4,(anonymous_488)
FN:4,(anonymous_489)
FN:4,(anonymous_490)
FN:4,(anonymous_491)
FN:4,Ab
FN:4,(anonymous_493)
FN:4,(anonymous_494)
FN:4,(anonymous_495)
FN:4,(anonymous_496)
FN:4,(anonymous_497)
FN:4,(anonymous_498)
FN:4,(anonymous_499)
FN:4,(anonymous_500)
FN:4,(anonymous_501)
FN:4,(anonymous_502)
FN:4,Mb
FN:4,(anonymous_504)
FN:4,Nb
FN:4,g
FN:4,(anonymous_507)
FN:4,Ob
FN:4,Pb
FN:4,Qb
FN:4,(anonymous_511)
FN:4,(anonymous_512)
FN:4,(anonymous_513)
FN:4,(anonymous_514)
FN:4,(anonymous_515)
FN:4,(anonymous_516)
FN:4,(anonymous_517)
FN:4,(anonymous_518)
FN:4,(anonymous_519)
FN:4,A
FN:4,(anonymous_521)
FN:4,(anonymous_522)
FN:4,(anonymous_523)
FN:4,(anonymous_524)
FN:4,(anonymous_525)
FN:4,(anonymous_526)
FN:4,(anonymous_527)
FN:4,(anonymous_528)
FN:4,(anonymous_529)
FN:4,(anonymous_530)
FN:4,(anonymous_531)
FN:4,(anonymous_532)
FN:4,(anonymous_533)
FN:4,(anonymous_534)
FN:4,(anonymous_535)
FN:4,(anonymous_536)
FN:4,(anonymous_537)
FN:4,(anonymous_538)
FN:4,(anonymous_539)
FN:4,(anonymous_540)
FN:4,(anonymous_541)
FN:4,(anonymous_542)
FN:4,(anonymous_543)
FN:4,(anonymous_544)
FN:4,(anonymous_545)
FN:4,(anonymous_546)
FN:4,(anonymous_547)
FN:4,(anonymous_548)
FN:4,(anonymous_549)
FN:4,(anonymous_550)
FN:4,(anonymous_551)
FN:4,(anonymous_552)
FN:4,(anonymous_553)
FN:4,(anonymous_554)
FN:4,(anonymous_555)
FN:4,(anonymous_556)
FN:4,(anonymous_557)
FN:4,(anonymous_558)
FN:4,(anonymous_559)
FN:4,(anonymous_560)
FN:4,(anonymous_561)
FN:4,(anonymous_562)
FN:4,(anonymous_563)
FN:4,(anonymous_564)
FN:4,(anonymous_565)
FN:4,(anonymous_566)
FN:4,(anonymous_567)
FN:4,(anonymous_568)
FN:4,(anonymous_569)
FN:4,(anonymous_570)
FN:4,(anonymous_571)
FN:4,(anonymous_572)
FN:4,(anonymous_573)
FN:4,(anonymous_574)
FN:4,(anonymous_575)
FN:4,(anonymous_576)
FN:4,(anonymous_577)
FN:4,(anonymous_578)
FN:4,(anonymous_579)
FN:4,(anonymous_580)
FN:4,(anonymous_581)
FN:4,(anonymous_582)
FN:4,(anonymous_583)
FN:4,(anonymous_584)
FN:4,(anonymous_585)
FN:4,(anonymous_586)
FN:4,(anonymous_587)
FN:4,(anonymous_588)
FNF:589
FNH:0
FNDA:0,(anonymous_0)
FNDA:0,(anonymous_1)
FNDA:0,(anonymous_2)
FNDA:0,p
FNDA:0,(anonymous_4)
FNDA:0,(anonymous_5)
FNDA:0,(anonymous_6)
FNDA:0,(anonymous_7)
FNDA:0,(anonymous_8)
FNDA:0,(anonymous_9)
FNDA:0,(anonymous_10)
FNDA:0,(anonymous_11)
FNDA:0,(anonymous_12)
FNDA:0,(anonymous_13)
FNDA:0,(anonymous_14)
FNDA:0,(anonymous_15)
FNDA:0,(anonymous_16)
FNDA:0,(anonymous_17)
FNDA:0,(anonymous_18)
FNDA:0,(anonymous_19)
FNDA:0,(anonymous_20)
FNDA:0,(anonymous_21)
FNDA:0,(anonymous_22)
FNDA:0,(anonymous_23)
FNDA:0,(anonymous_24)
FNDA:0,(anonymous_25)
FNDA:0,(anonymous_26)
FNDA:0,(anonymous_27)
FNDA:0,(anonymous_28)
FNDA:0,(anonymous_29)
FNDA:0,(anonymous_30)
FNDA:0,(anonymous_31)
FNDA:0,(anonymous_32)
FNDA:0,(anonymous_33)
FNDA:0,(anonymous_34)
FNDA:0,(anonymous_35)
FNDA:0,(anonymous_36)
FNDA:0,(anonymous_37)
FNDA:0,w
FNDA:0,(anonymous_39)
FNDA:0,(anonymous_40)
FNDA:0,(anonymous_41)
FNDA:0,(anonymous_42)
FNDA:0,(anonymous_43)
FNDA:0,(anonymous_44)
FNDA:0,(anonymous_45)
FNDA:0,(anonymous_46)
FNDA:0,(anonymous_47)
FNDA:0,ga
FNDA:0,ha
FNDA:0,b
FNDA:0,ia
FNDA:0,ja
FNDA:0,ka
FNDA:0,la
FNDA:0,ma
FNDA:0,(anonymous_56)
FNDA:0,na
FNDA:0,(anonymous_58)
FNDA:0,oa
FNDA:0,(anonymous_60)
FNDA:0,pa
FNDA:0,(anonymous_62)
FNDA:0,(anonymous_63)
FNDA:0,qa
FNDA:0,(anonymous_65)
FNDA:0,(anonymous_66)
FNDA:0,(anonymous_67)
FNDA:0,(anonymous_68)
FNDA:0,(anonymous_69)
FNDA:0,(anonymous_70)
FNDA:0,(anonymous_71)
FNDA:0,(anonymous_72)
FNDA:0,(anonymous_73)
FNDA:0,(anonymous_74)
FNDA:0,(anonymous_75)
FNDA:0,(anonymous_76)
FNDA:0,(anonymous_77)
FNDA:0,(anonymous_78)
FNDA:0,(anonymous_79)
FNDA:0,(anonymous_80)
FNDA:0,(anonymous_81)
FNDA:0,(anonymous_82)
FNDA:0,(anonymous_83)
FNDA:0,(anonymous_84)
FNDA:0,(anonymous_85)
FNDA:0,(anonymous_86)
FNDA:0,(anonymous_87)
FNDA:0,(anonymous_88)
FNDA:0,(anonymous_89)
FNDA:0,(anonymous_90)
FNDA:0,(anonymous_91)
FNDA:0,(anonymous_92)
FNDA:0,(anonymous_93)
FNDA:0,(anonymous_94)
FNDA:0,(anonymous_95)
FNDA:0,(anonymous_96)
FNDA:0,(anonymous_97)
FNDA:0,(anonymous_98)
FNDA:0,(anonymous_99)
FNDA:0,(anonymous_100)
FNDA:0,(anonymous_101)
FNDA:0,(anonymous_102)
FNDA:0,(anonymous_103)
FNDA:0,(anonymous_104)
FNDA:0,(anonymous_105)
FNDA:0,(anonymous_106)
FNDA:0,(anonymous_107)
FNDA:0,(anonymous_108)
FNDA:0,(anonymous_109)
FNDA:0,(anonymous_110)
FNDA:0,(anonymous_111)
FNDA:0,(anonymous_112)
FNDA:0,(anonymous_113)
FNDA:0,(anonymous_114)
FNDA:0,(anonymous_115)
FNDA:0,(anonymous_116)
FNDA:0,(anonymous_117)
FNDA:0,(anonymous_118)
FNDA:0,(anonymous_119)
FNDA:0,(anonymous_120)
FNDA:0,(anonymous_121)
FNDA:0,(anonymous_122)
FNDA:0,(anonymous_123)
FNDA:0,(anonymous_124)
FNDA:0,(anonymous_125)
FNDA:0,(anonymous_126)
FNDA:0,(anonymous_127)
FNDA:0,(anonymous_128)
FNDA:0,(anonymous_129)
FNDA:0,(anonymous_130)
FNDA:0,(anonymous_131)
FNDA:0,(anonymous_132)
FNDA:0,(anonymous_133)
FNDA:0,(anonymous_134)
FNDA:0,(anonymous_135)
FNDA:0,(anonymous_136)
FNDA:0,ra
FNDA:0,(anonymous_138)
FNDA:0,sa
FNDA:0,ta
FNDA:0,(anonymous_141)
FNDA:0,(anonymous_142)
FNDA:0,ua
FNDA:0,(anonymous_144)
FNDA:0,va
FNDA:0,wa
FNDA:0,xa
FNDA:0,(anonymous_148)
FNDA:0,ya
FNDA:0,za
FNDA:0,(anonymous_151)
FNDA:0,(anonymous_152)
FNDA:0,(anonymous_153)
FNDA:0,(anonymous_154)
FNDA:0,(anonymous_155)
FNDA:0,(anonymous_156)
FNDA:0,(anonymous_157)
FNDA:0,(anonymous_158)
FNDA:0,(anonymous_159)
FNDA:0,(anonymous_160)
FNDA:0,(anonymous_161)
FNDA:0,(anonymous_162)
FNDA:0,B
FNDA:0,E
FNDA:0,(anonymous_165)
FNDA:0,(anonymous_166)
FNDA:0,(anonymous_167)
FNDA:0,(anonymous_168)
FNDA:0,(anonymous_169)
FNDA:0,(anonymous_170)
FNDA:0,(anonymous_171)
FNDA:0,(anonymous_172)
FNDA:0,(anonymous_173)
FNDA:0,(anonymous_174)
FNDA:0,(anonymous_175)
FNDA:0,(anonymous_176)
FNDA:0,(anonymous_177)
FNDA:0,(anonymous_178)
FNDA:0,(anonymous_179)
FNDA:0,(anonymous_180)
FNDA:0,(anonymous_181)
FNDA:0,(anonymous_182)
FNDA:0,K
FNDA:0,(anonymous_184)
FNDA:0,(anonymous_185)
FNDA:0,(anonymous_186)
FNDA:0,(anonymous_187)
FNDA:0,(anonymous_188)
FNDA:0,(anonymous_189)
FNDA:0,(anonymous_190)
FNDA:0,(anonymous_191)
FNDA:0,(anonymous_192)
FNDA:0,(anonymous_193)
FNDA:0,(anonymous_194)
FNDA:0,(anonymous_195)
FNDA:0,(anonymous_196)
FNDA:0,(anonymous_197)
FNDA:0,M
FNDA:0,(anonymous_199)
FNDA:0,(anonymous_200)
FNDA:0,(anonymous_201)
FNDA:0,(anonymous_202)
FNDA:0,d
FNDA:0,(anonymous_204)
FNDA:0,(anonymous_205)
FNDA:0,(anonymous_206)
FNDA:0,(anonymous_207)
FNDA:0,(anonymous_208)
FNDA:0,(anonymous_209)
FNDA:0,(anonymous_210)
FNDA:0,(anonymous_211)
FNDA:0,(anonymous_212)
FNDA:0,(anonymous_213)
FNDA:0,(anonymous_214)
FNDA:0,(anonymous_215)
FNDA:0,N
FNDA:0,O
FNDA:0,P
FNDA:0,(anonymous_219)
FNDA:0,(anonymous_220)
FNDA:0,(anonymous_221)
FNDA:0,(anonymous_222)
FNDA:0,(anonymous_223)
FNDA:0,(anonymous_224)
FNDA:0,(anonymous_225)
FNDA:0,(anonymous_226)
FNDA:0,(anonymous_227)
FNDA:0,g
FNDA:0,(anonymous_229)
FNDA:0,(anonymous_230)
FNDA:0,(anonymous_231)
FNDA:0,(anonymous_232)
FNDA:0,(anonymous_233)
FNDA:0,(anonymous_234)
FNDA:0,(anonymous_235)
FNDA:0,(anonymous_236)
FNDA:0,(anonymous_237)
FNDA:0,(anonymous_238)
FNDA:0,(anonymous_239)
FNDA:0,(anonymous_240)
FNDA:0,(anonymous_241)
FNDA:0,(anonymous_242)
FNDA:0,(anonymous_243)
FNDA:0,(anonymous_244)
FNDA:0,(anonymous_245)
FNDA:0,S
FNDA:0,(anonymous_247)
FNDA:0,(anonymous_248)
FNDA:0,(anonymous_249)
FNDA:0,V
FNDA:0,(anonymous_251)
FNDA:0,(anonymous_252)
FNDA:0,(anonymous_253)
FNDA:0,(anonymous_254)
FNDA:0,(anonymous_255)
FNDA:0,(anonymous_256)
FNDA:0,$
FNDA:0,_
FNDA:0,(anonymous_259)
FNDA:0,(anonymous_260)
FNDA:0,(anonymous_261)
FNDA:0,(anonymous_262)
FNDA:0,(anonymous_263)
FNDA:0,(anonymous_264)
FNDA:0,(anonymous_265)
FNDA:0,(anonymous_266)
FNDA:0,(anonymous_267)
FNDA:0,(anonymous_268)
FNDA:0,(anonymous_269)
FNDA:0,(anonymous_270)
FNDA:0,(anonymous_271)
FNDA:0,(anonymous_272)
FNDA:0,(anonymous_273)
FNDA:0,(anonymous_274)
FNDA:0,(anonymous_275)
FNDA:0,(anonymous_276)
FNDA:0,(anonymous_277)
FNDA:0,(anonymous_278)
FNDA:0,(anonymous_279)
FNDA:0,(anonymous_280)
FNDA:0,(anonymous_281)
FNDA:0,(anonymous_282)
FNDA:0,(anonymous_283)
FNDA:0,fa
FNDA:0,(anonymous_285)
FNDA:0,(anonymous_286)
FNDA:0,ha
FNDA:0,ia
FNDA:0,(anonymous_289)
FNDA:0,(anonymous_290)
FNDA:0,(anonymous_291)
FNDA:0,(anonymous_292)
FNDA:0,na
FNDA:0,oa
FNDA:0,qa
FNDA:0,(anonymous_296)
FNDA:0,va
FNDA:0,wa
FNDA:0,xa
FNDA:0,ya
FNDA:0,(anonymous_301)
FNDA:0,(anonymous_302)
FNDA:0,(anonymous_303)
FNDA:0,(anonymous_304)
FNDA:0,(anonymous_305)
FNDA:0,(anonymous_306)
FNDA:0,(anonymous_307)
FNDA:0,(anonymous_308)
FNDA:0,(anonymous_309)
FNDA:0,(anonymous_310)
FNDA:0,(anonymous_311)
FNDA:0,(anonymous_312)
FNDA:0,(anonymous_313)
FNDA:0,(anonymous_314)
FNDA:0,(anonymous_315)
FNDA:0,(anonymous_316)
FNDA:0,(anonymous_317)
FNDA:0,(anonymous_318)
FNDA:0,(anonymous_319)
FNDA:0,(anonymous_320)
FNDA:0,(anonymous_321)
FNDA:0,(anonymous_322)
FNDA:0,(anonymous_323)
FNDA:0,(anonymous_324)
FNDA:0,(anonymous_325)
FNDA:0,(anonymous_326)
FNDA:0,(anonymous_327)
FNDA:0,(anonymous_328)
FNDA:0,(anonymous_329)
FNDA:0,Ea
FNDA:0,Fa
FNDA:0,Ga
FNDA:0,Ha
FNDA:0,Ia
FNDA:0,Ja
FNDA:0,(anonymous_336)
FNDA:0,Ka
FNDA:0,(anonymous_338)
FNDA:0,(anonymous_339)
FNDA:0,(anonymous_340)
FNDA:0,(anonymous_341)
FNDA:0,(anonymous_342)
FNDA:0,(anonymous_343)
FNDA:0,(anonymous_344)
FNDA:0,(anonymous_345)
FNDA:0,(anonymous_346)
FNDA:0,(anonymous_347)
FNDA:0,(anonymous_348)
FNDA:0,(anonymous_349)
FNDA:0,(anonymous_350)
FNDA:0,(anonymous_351)
FNDA:0,(anonymous_352)
FNDA:0,(anonymous_353)
FNDA:0,(anonymous_354)
FNDA:0,(anonymous_355)
FNDA:0,(anonymous_356)
FNDA:0,(anonymous_357)
FNDA:0,(anonymous_358)
FNDA:0,(anonymous_359)
FNDA:0,(anonymous_360)
FNDA:0,(anonymous_361)
FNDA:0,(anonymous_362)
FNDA:0,(anonymous_363)
FNDA:0,(anonymous_364)
FNDA:0,b
FNDA:0,(anonymous_366)
FNDA:0,(anonymous_367)
FNDA:0,(anonymous_368)
FNDA:0,(anonymous_369)
FNDA:0,Oa
FNDA:0,Pa
FNDA:0,(anonymous_372)
FNDA:0,Wa
FNDA:0,Xa
FNDA:0,Ya
FNDA:0,Za
FNDA:0,$a
FNDA:0,(anonymous_378)
FNDA:0,(anonymous_379)
FNDA:0,(anonymous_380)
FNDA:0,(anonymous_381)
FNDA:0,(anonymous_382)
FNDA:0,(anonymous_383)
FNDA:0,(anonymous_384)
FNDA:0,(anonymous_385)
FNDA:0,(anonymous_386)
FNDA:0,(anonymous_387)
FNDA:0,(anonymous_388)
FNDA:0,(anonymous_389)
FNDA:0,(anonymous_390)
FNDA:0,_a
FNDA:0,(anonymous_392)
FNDA:0,(anonymous_393)
FNDA:0,(anonymous_394)
FNDA:0,(anonymous_395)
FNDA:0,(anonymous_396)
FNDA:0,(anonymous_397)
FNDA:0,(anonymous_398)
FNDA:0,(anonymous_399)
FNDA:0,eb
FNDA:0,fb
FNDA:0,(anonymous_402)
FNDA:0,gb
FNDA:0,hb
FNDA:0,ib
FNDA:0,(anonymous_406)
FNDA:0,(anonymous_407)
FNDA:0,(anonymous_408)
FNDA:0,(anonymous_409)
FNDA:0,(anonymous_410)
FNDA:0,(anonymous_411)
FNDA:0,jb
FNDA:0,kb
FNDA:0,(anonymous_414)
FNDA:0,(anonymous_415)
FNDA:0,(anonymous_416)
FNDA:0,(anonymous_417)
FNDA:0,(anonymous_418)
FNDA:0,(anonymous_419)
FNDA:0,(anonymous_420)
FNDA:0,(anonymous_421)
FNDA:0,(anonymous_422)
FNDA:0,(anonymous_423)
FNDA:0,(anonymous_424)
FNDA:0,(anonymous_425)
FNDA:0,(anonymous_426)
FNDA:0,(anonymous_427)
FNDA:0,(anonymous_428)
FNDA:0,(anonymous_429)
FNDA:0,(anonymous_430)
FNDA:0,(anonymous_431)
FNDA:0,(anonymous_432)
FNDA:0,(anonymous_433)
FNDA:0,(anonymous_434)
FNDA:0,(anonymous_435)
FNDA:0,(anonymous_436)
FNDA:0,(anonymous_437)
FNDA:0,(anonymous_438)
FNDA:0,(anonymous_439)
FNDA:0,(anonymous_440)
FNDA:0,(anonymous_441)
FNDA:0,(anonymous_442)
FNDA:0,(anonymous_443)
FNDA:0,(anonymous_444)
FNDA:0,(anonymous_445)
FNDA:0,(anonymous_446)
FNDA:0,(anonymous_447)
FNDA:0,(anonymous_448)
FNDA:0,(anonymous_449)
FNDA:0,(anonymous_450)
FNDA:0,(anonymous_451)
FNDA:0,(anonymous_452)
FNDA:0,(anonymous_453)
FNDA:0,(anonymous_454)
FNDA:0,(anonymous_455)
FNDA:0,(anonymous_456)
FNDA:0,(anonymous_457)
FNDA:0,(anonymous_458)
FNDA:0,(anonymous_459)
FNDA:0,pb
FNDA:0,qb
FNDA:0,(anonymous_462)
FNDA:0,(anonymous_463)
FNDA:0,(anonymous_464)
FNDA:0,(anonymous_465)
FNDA:0,(anonymous_466)
FNDA:0,(anonymous_467)
FNDA:0,(anonymous_468)
FNDA:0,(anonymous_469)
FNDA:0,(anonymous_470)
FNDA:0,(anonymous_471)
FNDA:0,(anonymous_472)
FNDA:0,(anonymous_473)
FNDA:0,(anonymous_474)
FNDA:0,(anonymous_475)
FNDA:0,(anonymous_476)
FNDA:0,(anonymous_477)
FNDA:0,(anonymous_478)
FNDA:0,(anonymous_479)
FNDA:0,(anonymous_480)
FNDA:0,(anonymous_481)
FNDA:0,(anonymous_482)
FNDA:0,(anonymous_483)
FNDA:0,(anonymous_484)
FNDA:0,(anonymous_485)
FNDA:0,(anonymous_486)
FNDA:0,(anonymous_487)
FNDA:0,(anonymous_488)
FNDA:0,(anonymous_489)
FNDA:0,(anonymous_490)
FNDA:0,(anonymous_491)
FNDA:0,Ab
FNDA:0,(anonymous_493)
FNDA:0,(anonymous_494)
FNDA:0,(anonymous_495)
FNDA:0,(anonymous_496)
FNDA:0,(anonymous_497)
FNDA:0,(anonymous_498)
FNDA:0,(anonymous_499)
FNDA:0,(anonymous_500)
FNDA:0,(anonymous_501)
FNDA:0,(anonymous_502)
FNDA:0,Mb
FNDA:0,(anonymous_504)
FNDA:0,Nb
FNDA:0,g
FNDA:0,(anonymous_507)
FNDA:0,Ob
FNDA:0,Pb
FNDA:0,Qb
FNDA:0,(anonymous_511)
FNDA:0,(anonymous_512)
FNDA:0,(anonymous_513)
FNDA:0,(anonymous_514)
FNDA:0,(anonymous_515)
FNDA:0,(anonymous_516)
FNDA:0,(anonymous_517)
FNDA:0,(anonymous_518)
FNDA:0,(anonymous_519)
FNDA:0,A
FNDA:0,(anonymous_521)
FNDA:0,(anonymous_522)
FNDA:0,(anonymous_523)
FNDA:0,(anonymous_524)
FNDA:0,(anonymous_525)
FNDA:0,(anonymous_526)
FNDA:0,(anonymous_527)
FNDA:0,(anonymous_528)
FNDA:0,(anonymous_529)
FNDA:0,(anonymous_530)
FNDA:0,(anonymous_531)
FNDA:0,(anonymous_532)
FNDA:0,(anonymous_533)
FNDA:0,(anonymous_534)
FNDA:0,(anonymous_535)
FNDA:0,(anonymous_536)
FNDA:0,(anonymous_537)
FNDA:0,(anonymous_538)
FNDA:0,(anonymous_539)
FNDA:0,(anonymous_540)
FNDA:0,(anonymous_541)
FNDA:0,(anonymous_542)
FNDA:0,(anonymous_543)
FNDA:0,(anonymous_544)
FNDA:0,(anonymous_545)
FNDA:0,(anonymous_546)
FNDA:0,(anonymous_547)
FNDA:0,(anonymous_548)
FNDA:0,(anonymous_549)
FNDA:0,(anonymous_550)
FNDA:0,(anonymous_551)
FNDA:0,(anonymous_552)
FNDA:0,(anonymous_553)
FNDA:0,(anonymous_554)
FNDA:0,(anonymous_555)
FNDA:0,(anonymous_556)
FNDA:0,(anonymous_557)
FNDA:0,(anonymous_558)
FNDA:0,(anonymous_559)
FNDA:0,(anonymous_560)
FNDA:0,(anonymous_561)
FNDA:0,(anonymous_562)
FNDA:0,(anonymous_563)
FNDA:0,(anonymous_564)
FNDA:0,(anonymous_565)
FNDA:0,(anonymous_566)
FNDA:0,(anonymous_567)
FNDA:0,(anonymous_568)
FNDA:0,(anonymous_569)
FNDA:0,(anonymous_570)
FNDA:0,(anonymous_571)
FNDA:0,(anonymous_572)
FNDA:0,(anonymous_573)
FNDA:0,(anonymous_574)
FNDA:0,(anonymous_575)
FNDA:0,(anonymous_576)
FNDA:0,(anonymous_577)
FNDA:0,(anonymous_578)
FNDA:0,(anonymous_579)
FNDA:0,(anonymous_580)
FNDA:0,(anonymous_581)
FNDA:0,(anonymous_582)
FNDA:0,(anonymous_583)
FNDA:0,(anonymous_584)
FNDA:0,(anonymous_585)
FNDA:0,(anonymous_586)
FNDA:0,(anonymous_587)
FNDA:0,(anonymous_588)
DA:2,0
DA:3,0
DA:4,0
LF:3
LH:0
BRDA:2,0,0,0
BRDA:2,0,1,0
BRDA:2,1,0,0
BRDA:2,1,1,0
BRDA:2,2,0,0
BRDA:2,2,1,0
BRDA:2,3,0,0
BRDA:2,3,1,0
BRDA:2,4,0,0
BRDA:2,4,1,0
BRDA:2,5,0,0
BRDA:2,5,1,0
BRDA:2,6,0,0
BRDA:2,6,1,0
BRDA:2,7,0,0
BRDA:2,7,1,0
BRDA:2,8,0,0
BRDA:2,8,1,0
BRDA:2,9,0,0
BRDA:2,9,1,0
BRDA:2,10,0,0
BRDA:2,10,1,0
BRDA:2,11,0,0
BRDA:2,11,1,0
BRDA:2,12,0,0
BRDA:2,12,1,0
BRDA:2,13,0,0
BRDA:2,13,1,0
BRDA:2,14,0,0
BRDA:2,14,1,0
BRDA:2,15,0,0
BRDA:2,15,1,0
BRDA:2,15,2,0
BRDA:2,16,0,0
BRDA:2,16,1,0
BRDA:2,17,0,0
BRDA:2,17,1,0
BRDA:2,18,0,0
BRDA:2,18,1,0
BRDA:2,19,0,0
BRDA:2,19,1,0
BRDA:2,20,0,0
BRDA:2,20,1,0
BRDA:2,20,2,0
BRDA:2,20,3,0
BRDA:2,21,0,0
BRDA:2,21,1,0
BRDA:2,22,0,0
BRDA:2,22,1,0
BRDA:2,23,0,0
BRDA:2,23,1,0
BRDA:2,24,0,0
BRDA:2,24,1,0
BRDA:2,25,0,0
BRDA:2,25,1,0
BRDA:2,26,0,0
BRDA:2,26,1,0
BRDA:2,27,0,0
BRDA:2,27,1,0
BRDA:2,28,0,0
BRDA:2,28,1,0
BRDA:2,28,2,0
BRDA:2,29,0,0
BRDA:2,29,1,0
BRDA:2,29,2,0
BRDA:2,30,0,0
BRDA:2,30,1,0
BRDA:2,31,0,0
BRDA:2,31,1,0
BRDA:2,32,0,0
BRDA:2,32,1,0
BRDA:2,33,0,0
BRDA:2,33,1,0
BRDA:2,34,0,0
BRDA:2,34,1,0
BRDA:2,35,0,0
BRDA:2,35,1,0
BRDA:2,36,0,0
BRDA:2,36,1,0
BRDA:2,37,0,0
BRDA:2,37,1,0
BRDA:2,38,0,0
BRDA:2,38,1,0
BRDA:2,39,0,0
BRDA:2,39,1,0
BRDA:2,40,0,0
BRDA:2,40,1,0
BRDA:2,41,0,0
BRDA:2,41,1,0
BRDA:2,42,0,0
BRDA:2,42,1,0
BRDA:2,43,0,0
BRDA:2,43,1,0
BRDA:2,44,0,0
BRDA:2,44,1,0
BRDA:2,45,0,0
BRDA:2,45,1,0
BRDA:2,46,0,0
BRDA:2,46,1,0
BRDA:2,47,0,0
BRDA:2,47,1,0
BRDA:2,48,0,0
BRDA:2,48,1,0
BRDA:2,49,0,0
BRDA:2,49,1,0
BRDA:2,50,0,0
BRDA:2,50,1,0
BRDA:2,51,0,0
BRDA:2,51,1,0
BRDA:2,52,0,0
BRDA:2,52,1,0
BRDA:2,53,0,0
BRDA:2,53,1,0
BRDA:2,54,0,0
BRDA:2,54,1,0
BRDA:2,55,0,0
BRDA:2,55,1,0
BRDA:2,55,2,0
BRDA:2,56,0,0
BRDA:2,56,1,0
BRDA:2,56,2,0
BRDA:2,56,3,0
BRDA:2,56,4,0
BRDA:2,56,5,0
BRDA:2,56,6,0
BRDA:2,57,0,0
BRDA:2,57,1,0
BRDA:2,58,0,0
BRDA:2,58,1,0
BRDA:2,59,0,0
BRDA:2,59,1,0
BRDA:2,60,0,0
BRDA:2,60,1,0
BRDA:2,61,0,0
BRDA:2,61,1,0
BRDA:2,62,0,0
BRDA:2,62,1,0
BRDA:2,63,0,0
BRDA:2,63,1,0
BRDA:2,64,0,0
BRDA:2,64,1,0
BRDA:2,64,2,0
BRDA:2,65,0,0
BRDA:2,65,1,0
BRDA:2,66,0,0
BRDA:2,66,1,0
BRDA:2,67,0,0
BRDA:2,67,1,0
BRDA:2,68,0,0
BRDA:2,68,1,0
BRDA:2,69,0,0
BRDA:2,69,1,0
BRDA:2,70,0,0
BRDA:2,70,1,0
BRDA:2,70,2,0
BRDA:2,70,3,0
BRDA:2,70,4,0
BRDA:2,71,0,0
BRDA:2,71,1,0
BRDA:2,72,0,0
BRDA:2,72,1,0
BRDA:2,73,0,0
BRDA:2,73,1,0
BRDA:2,74,0,0
BRDA:2,74,1,0
BRDA:2,75,0,0
BRDA:2,75,1,0
BRDA:2,76,0,0
BRDA:2,76,1,0
BRDA:2,77,0,0
BRDA:2,77,1,0
BRDA:2,78,0,0
BRDA:2,78,1,0
BRDA:2,79,0,0
BRDA:2,79,1,0
BRDA:2,80,0,0
BRDA:2,80,1,0
BRDA:2,81,0,0
BRDA:2,81,1,0
BRDA:2,82,0,0
BRDA:2,82,1,0
BRDA:2,83,0,0
BRDA:2,83,1,0
BRDA:2,84,0,0
BRDA:2,84,1,0
BRDA:2,84,2,0
BRDA:2,84,3,0
BRDA:2,85,0,0
BRDA:2,85,1,0
BRDA:2,86,0,0
BRDA:2,86,1,0
BRDA:2,87,0,0
BRDA:2,87,1,0
BRDA:2,87,2,0
BRDA:2,88,0,0
BRDA:2,88,1,0
BRDA:2,89,0,0
BRDA:2,89,1,0
BRDA:2,89,2,0
BRDA:2,89,3,0
BRDA:2,90,0,0
BRDA:2,90,1,0
BRDA:2,91,0,0
BRDA:2,91,1,0
BRDA:2,92,0,0
BRDA:2,92,1,0
BRDA:2,93,0,0
BRDA:2,93,1,0
BRDA:2,93,2,0
BRDA:2,94,0,0
BRDA:2,94,1,0
BRDA:2,95,0,0
BRDA:2,95,1,0
BRDA:2,96,0,0
BRDA:2,96,1,0
BRDA:2,97,0,0
BRDA:2,97,1,0
BRDA:2,98,0,0
BRDA:2,98,1,0
BRDA:2,99,0,0
BRDA:2,99,1,0
BRDA:2,99,2,0
BRDA:2,99,3,0
BRDA:2,100,0,0
BRDA:2,100,1,0
BRDA:2,101,0,0
BRDA:2,101,1,0
BRDA:2,102,0,0
BRDA:2,102,1,0
BRDA:2,103,0,0
BRDA:2,103,1,0
BRDA:2,104,0,0
BRDA:2,104,1,0
BRDA:2,105,0,0
BRDA:2,105,1,0
BRDA:2,105,2,0
BRDA:2,106,0,0
BRDA:2,106,1,0
BRDA:2,107,0,0
BRDA:2,107,1,0
BRDA:2,108,0,0
BRDA:2,108,1,0
BRDA:2,109,0,0
BRDA:2,109,1,0
BRDA:2,110,0,0
BRDA:2,110,1,0
BRDA:2,111,0,0
BRDA:2,111,1,0
BRDA:2,111,2,0
BRDA:2,112,0,0
BRDA:2,112,1,0
BRDA:2,113,0,0
BRDA:2,113,1,0
BRDA:2,114,0,0
BRDA:2,114,1,0
BRDA:2,114,2,0
BRDA:2,115,0,0
BRDA:2,115,1,0
BRDA:2,116,0,0
BRDA:2,116,1,0
BRDA:2,117,0,0
BRDA:2,117,1,0
BRDA:2,118,0,0
BRDA:2,118,1,0
BRDA:2,119,0,0
BRDA:2,119,1,0
BRDA:2,120,0,0
BRDA:2,120,1,0
BRDA:2,121,0,0
BRDA:2,121,1,0
BRDA:2,121,2,0
BRDA:2,122,0,0
BRDA:2,122,1,0
BRDA:2,122,2,0
BRDA:2,122,3,0
BRDA:2,123,0,0
BRDA:2,123,1,0
BRDA:2,124,0,0
BRDA:2,124,1,0
BRDA:2,125,0,0
BRDA:2,125,1,0
BRDA:2,126,0,0
BRDA:2,126,1,0
BRDA:2,127,0,0
BRDA:2,127,1,0
BRDA:2,128,0,0
BRDA:2,128,1,0
BRDA:2,129,0,0
BRDA:2,129,1,0
BRDA:2,130,0,0
BRDA:2,130,1,0
BRDA:2,131,0,0
BRDA:2,131,1,0
BRDA:2,132,0,0
BRDA:2,132,1,0
BRDA:2,133,0,0
BRDA:2,133,1,0
BRDA:2,134,0,0
BRDA:2,134,1,0
BRDA:2,135,0,0
BRDA:2,135,1,0
BRDA:2,136,0,0
BRDA:2,136,1,0
BRDA:2,137,0,0
BRDA:2,137,1,0
BRDA:2,138,0,0
BRDA:2,138,1,0
BRDA:2,139,0,0
BRDA:2,139,1,0
BRDA:2,140,0,0
BRDA:2,140,1,0
BRDA:2,141,0,0
BRDA:2,141,1,0
BRDA:2,142,0,0
BRDA:2,142,1,0
BRDA:2,143,0,0
BRDA:2,143,1,0
BRDA:2,144,0,0
BRDA:2,144,1,0
BRDA:2,145,0,0
BRDA:2,145,1,0
BRDA:2,146,0,0
BRDA:2,146,1,0
BRDA:2,147,0,0
BRDA:2,147,1,0
BRDA:2,148,0,0
BRDA:2,148,1,0
BRDA:2,149,0,0
BRDA:2,149,1,0
BRDA:2,150,0,0
BRDA:2,150,1,0
BRDA:2,151,0,0
BRDA:2,151,1,0
BRDA:2,152,0,0
BRDA:2,152,1,0
BRDA:2,153,0,0
BRDA:2,153,1,0
BRDA:2,154,0,0
BRDA:2,154,1,0
BRDA:2,155,0,0
BRDA:2,155,1,0
BRDA:2,156,0,0
BRDA:2,156,1,0
BRDA:2,157,0,0
BRDA:2,157,1,0
BRDA:2,157,2,0
BRDA:2,157,3,0
BRDA:2,157,4,0
BRDA:2,158,0,0
BRDA:2,158,1,0
BRDA:2,159,0,0
BRDA:2,159,1,0
BRDA:2,160,0,0
BRDA:2,160,1,0
BRDA:2,161,0,0
BRDA:2,161,1,0
BRDA:2,162,0,0
BRDA:2,162,1,0
BRDA:2,163,0,0
BRDA:2,163,1,0
BRDA:2,164,0,0
BRDA:2,164,1,0
BRDA:2,165,0,0
BRDA:2,165,1,0
BRDA:2,165,2,0
BRDA:2,166,0,0
BRDA:2,166,1,0
BRDA:2,167,0,0
BRDA:2,167,1,0
BRDA:2,168,0,0
BRDA:2,168,1,0
BRDA:2,169,0,0
BRDA:2,169,1,0
BRDA:2,170,0,0
BRDA:2,170,1,0
BRDA:2,171,0,0
BRDA:2,171,1,0
BRDA:2,172,0,0
BRDA:2,172,1,0
BRDA:2,173,0,0
BRDA:2,173,1,0
BRDA:2,174,0,0
BRDA:2,174,1,0
BRDA:2,175,0,0
BRDA:2,175,1,0
BRDA:2,176,0,0
BRDA:2,176,1,0
BRDA:2,177,0,0
BRDA:2,177,1,0
BRDA:2,177,2,0
BRDA:2,178,0,0
BRDA:2,178,1,0
BRDA:2,179,0,0
BRDA:2,179,1,0
BRDA:2,179,2,0
BRDA:2,180,0,0
BRDA:2,180,1,0
BRDA:2,181,0,0
BRDA:2,181,1,0
BRDA:2,181,2,0
BRDA:2,182,0,0
BRDA:2,182,1,0
BRDA:2,183,0,0
BRDA:2,183,1,0
BRDA:2,184,0,0
BRDA:2,184,1,0
BRDA:2,185,0,0
BRDA:2,185,1,0
BRDA:2,186,0,0
BRDA:2,186,1,0
BRDA:2,187,0,0
BRDA:2,187,1,0
BRDA:2,188,0,0
BRDA:2,188,1,0
BRDA:2,189,0,0
BRDA:2,189,1,0
BRDA:2,190,0,0
BRDA:2,190,1,0
BRDA:2,191,0,0
BRDA:2,191,1,0
BRDA:2,192,0,0
BRDA:2,192,1,0
BRDA:2,193,0,0
BRDA:2,193,1,0
BRDA:2,194,0,0
BRDA:2,194,1,0
BRDA:2,195,0,0
BRDA:2,195,1,0
BRDA:2,196,0,0
BRDA:2,196,1,0
BRDA:2,197,0,0
BRDA:2,197,1,0
BRDA:2,198,0,0
BRDA:2,198,1,0
BRDA:2,199,0,0
BRDA:2,199,1,0
BRDA:2,199,2,0
BRDA:2,199,3,0
BRDA:2,199,4,0
BRDA:2,199,5,0
BRDA:2,199,6,0
BRDA:2,200,0,0
BRDA:2,200,1,0
BRDA:2,201,0,0
BRDA:2,201,1,0
BRDA:2,201,2,0
BRDA:2,201,3,0
BRDA:2,202,0,0
BRDA:2,202,1,0
BRDA:2,203,0,0
BRDA:2,203,1,0
BRDA:2,204,0,0
BRDA:2,204,1,0
BRDA:2,205,0,0
BRDA:2,205,1,0
BRDA:2,206,0,0
BRDA:2,206,1,0
BRDA:2,207,0,0
BRDA:2,207,1,0
BRDA:2,208,0,0
BRDA:2,208,1,0
BRDA:2,209,0,0
BRDA:2,209,1,0
BRDA:2,210,0,0
BRDA:2,210,1,0
BRDA:2,211,0,0
BRDA:2,211,1,0
BRDA:2,212,0,0
BRDA:2,212,1,0
BRDA:2,213,0,0
BRDA:2,213,1,0
BRDA:2,214,0,0
BRDA:2,214,1,0
BRDA:2,215,0,0
BRDA:2,215,1,0
BRDA:2,216,0,0
BRDA:2,216,1,0
BRDA:2,217,0,0
BRDA:2,217,1,0
BRDA:2,218,0,0
BRDA:2,218,1,0
BRDA:2,218,2,0
BRDA:2,219,0,0
BRDA:2,219,1,0
BRDA:2,220,0,0
BRDA:2,220,1,0
BRDA:2,221,0,0
BRDA:2,221,1,0
BRDA:2,222,0,0
BRDA:2,222,1,0
BRDA:2,222,2,0
BRDA:2,222,3,0
BRDA:2,223,0,0
BRDA:2,223,1,0
BRDA:2,224,0,0
BRDA:2,224,1,0
BRDA:2,225,0,0
BRDA:2,225,1,0
BRDA:2,226,0,0
BRDA:2,226,1,0
BRDA:2,227,0,0
BRDA:2,227,1,0
BRDA:2,228,0,0
BRDA:2,228,1,0
BRDA:2,229,0,0
BRDA:2,229,1,0
BRDA:2,230,0,0
BRDA:2,230,1,0
BRDA:2,231,0,0
BRDA:2,231,1,0
BRDA:2,232,0,0
BRDA:2,232,1,0
BRDA:2,233,0,0
BRDA:2,233,1,0
BRDA:2,234,0,0
BRDA:2,234,1,0
BRDA:2,234,2,0
BRDA:2,235,0,0
BRDA:2,235,1,0
BRDA:2,235,2,0
BRDA:2,235,3,0
BRDA:2,235,4,0
BRDA:2,236,0,0
BRDA:2,236,1,0
BRDA:2,237,0,0
BRDA:2,237,1,0
BRDA:2,238,0,0
BRDA:2,238,1,0
BRDA:2,238,2,0
BRDA:2,239,0,0
BRDA:2,239,1,0
BRDA:2,239,2,0
BRDA:2,239,3,0
BRDA:2,239,4,0
BRDA:2,240,0,0
BRDA:2,240,1,0
BRDA:2,241,0,0
BRDA:2,241,1,0
BRDA:2,242,0,0
BRDA:2,242,1,0
BRDA:2,243,0,0
BRDA:2,243,1,0
BRDA:2,244,0,0
BRDA:2,244,1,0
BRDA:2,245,0,0
BRDA:2,245,1,0
BRDA:2,246,0,0
BRDA:2,246,1,0
BRDA:2,247,0,0
BRDA:2,247,1,0
BRDA:2,248,0,0
BRDA:2,248,1,0
BRDA:2,249,0,0
BRDA:2,249,1,0
BRDA:2,250,0,0
BRDA:2,250,1,0
BRDA:2,251,0,0
BRDA:2,251,1,0
BRDA:2,251,2,0
BRDA:2,252,0,0
BRDA:2,252,1,0
BRDA:2,253,0,0
BRDA:2,253,1,0
BRDA:2,254,0,0
BRDA:2,254,1,0
BRDA:2,255,0,0
BRDA:2,255,1,0
BRDA:2,256,0,0
BRDA:2,256,1,0
BRDA:2,257,0,0
BRDA:2,257,1,0
BRDA:2,258,0,0
BRDA:2,258,1,0
BRDA:2,259,0,0
BRDA:2,259,1,0
BRDA:2,260,0,0
BRDA:2,260,1,0
BRDA:2,261,0,0
BRDA:2,261,1,0
BRDA:2,261,2,0
BRDA:2,262,0,0
BRDA:2,262,1,0
BRDA:2,263,0,0
BRDA:2,263,1,0
BRDA:2,264,0,0
BRDA:2,264,1,0
BRDA:2,265,0,0
BRDA:2,265,1,0
BRDA:2,266,0,0
BRDA:2,266,1,0
BRDA:2,267,0,0
BRDA:2,267,1,0
BRDA:2,268,0,0
BRDA:2,268,1,0
BRDA:2,269,0,0
BRDA:2,269,1,0
BRDA:2,270,0,0
BRDA:2,270,1,0
BRDA:2,271,0,0
BRDA:2,271,1,0
BRDA:2,271,2,0
BRDA:2,271,3,0
BRDA:2,271,4,0
BRDA:2,272,0,0
BRDA:2,272,1,0
BRDA:2,273,0,0
BRDA:2,273,1,0
BRDA:2,273,2,0
BRDA:2,274,0,0
BRDA:2,274,1,0
BRDA:2,275,0,0
BRDA:2,275,1,0
BRDA:2,276,0,0
BRDA:2,276,1,0
BRDA:2,277,0,0
BRDA:2,277,1,0
BRDA:2,278,0,0
BRDA:2,278,1,0
BRDA:2,279,0,0
BRDA:2,279,1,0
BRDA:2,280,0,0
BRDA:2,280,1,0
BRDA:2,280,2,0
BRDA:2,280,3,0
BRDA:2,280,4,0
BRDA:2,281,0,0
BRDA:2,281,1,0
BRDA:2,282,0,0
BRDA:2,282,1,0
BRDA:2,282,2,0
BRDA:2,283,0,0
BRDA:2,283,1,0
BRDA:2,284,0,0
BRDA:2,284,1,0
BRDA:2,285,0,0
BRDA:2,285,1,0
BRDA:2,286,0,0
BRDA:2,286,1,0
BRDA:2,287,0,0
BRDA:2,287,1,0
BRDA:2,287,2,0
BRDA:2,288,0,0
BRDA:2,288,1,0
BRDA:2,288,2,0
BRDA:2,289,0,0
BRDA:2,289,1,0
BRDA:2,290,0,0
BRDA:2,290,1,0
BRDA:2,291,0,0
BRDA:2,291,1,0
BRDA:2,292,0,0
BRDA:2,292,1,0
BRDA:2,293,0,0
BRDA:2,293,1,0
BRDA:2,294,0,0
BRDA:2,294,1,0
BRDA:2,294,2,0
BRDA:2,295,0,0
BRDA:2,295,1,0
BRDA:2,296,0,0
BRDA:2,296,1,0
BRDA:2,297,0,0
BRDA:2,297,1,0
BRDA:2,298,0,0
BRDA:2,298,1,0
BRDA:2,299,0,0
BRDA:2,299,1,0
BRDA:2,300,0,0
BRDA:2,300,1,0
BRDA:2,301,0,0
BRDA:2,301,1,0
BRDA:2,302,0,0
BRDA:2,302,1,0
BRDA:2,303,0,0
BRDA:2,303,1,0
BRDA:2,304,0,0
BRDA:2,304,1,0
BRDA:2,304,2,0
BRDA:2,304,3,0
BRDA:2,305,0,0
BRDA:2,305,1,0
BRDA:2,305,2,0
BRDA:2,306,0,0
BRDA:2,306,1,0
BRDA:2,306,2,0
BRDA:2,306,3,0
BRDA:2,307,0,0
BRDA:2,307,1,0
BRDA:2,308,0,0
BRDA:2,308,1,0
BRDA:2,309,0,0
BRDA:2,309,1,0
BRDA:2,309,2,0
BRDA:2,310,0,0
BRDA:2,310,1,0
BRDA:2,310,2,0
BRDA:2,310,3,0
BRDA:2,311,0,0
BRDA:2,311,1,0
BRDA:2,312,0,0
BRDA:2,312,1,0
BRDA:2,313,0,0
BRDA:2,313,1,0
BRDA:2,314,0,0
BRDA:2,314,1,0
BRDA:2,314,2,0
BRDA:2,315,0,0
BRDA:2,315,1,0
BRDA:2,316,0,0
BRDA:2,316,1,0
BRDA:2,317,0,0
BRDA:2,317,1,0
BRDA:2,318,0,0
BRDA:2,318,1,0
BRDA:2,318,2,0
BRDA:2,318,3,0
BRDA:2,319,0,0
BRDA:2,319,1,0
BRDA:2,320,0,0
BRDA:2,320,1,0
BRDA:2,321,0,0
BRDA:2,321,1,0
BRDA:2,322,0,0
BRDA:2,322,1,0
BRDA:2,323,0,0
BRDA:2,323,1,0
BRDA:2,324,0,0
BRDA:2,324,1,0
BRDA:2,325,0,0
BRDA:2,325,1,0
BRDA:2,326,0,0
BRDA:2,326,1,0
BRDA:2,327,0,0
BRDA:2,327,1,0
BRDA:2,328,0,0
BRDA:2,328,1,0
BRDA:2,329,0,0
BRDA:2,329,1,0
BRDA:2,329,2,0
BRDA:2,330,0,0
BRDA:2,330,1,0
BRDA:2,331,0,0
BRDA:2,331,1,0
BRDA:2,332,0,0
BRDA:2,332,1,0
BRDA:2,333,0,0
BRDA:2,333,1,0
BRDA:2,334,0,0
BRDA:2,334,1,0
BRDA:2,335,0,0
BRDA:2,335,1,0
BRDA:2,336,0,0
BRDA:2,336,1,0
BRDA:2,337,0,0
BRDA:2,337,1,0
BRDA:2,338,0,0
BRDA:2,338,1,0
BRDA:2,338,2,0
BRDA:2,339,0,0
BRDA:2,339,1,0
BRDA:2,340,0,0
BRDA:2,340,1,0
BRDA:2,341,0,0
BRDA:2,341,1,0
BRDA:2,342,0,0
BRDA:2,342,1,0
BRDA:2,342,2,0
BRDA:2,342,3,0
BRDA:2,343,0,0
BRDA:2,343,1,0
BRDA:2,344,0,0
BRDA:2,344,1,0
BRDA:2,344,2,0
BRDA:2,345,0,0
BRDA:2,345,1,0
BRDA:2,345,2,0
BRDA:2,346,0,0
BRDA:2,346,1,0
BRDA:2,347,0,0
BRDA:2,347,1,0
BRDA:2,348,0,0
BRDA:2,348,1,0
BRDA:2,349,0,0
BRDA:2,349,1,0
BRDA:2,350,0,0
BRDA:2,350,1,0
BRDA:2,350,2,0
BRDA:2,351,0,0
BRDA:2,351,1,0
BRDA:2,352,0,0
BRDA:2,352,1,0
BRDA:2,353,0,0
BRDA:2,353,1,0
BRDA:2,354,0,0
BRDA:2,354,1,0
BRDA:2,355,0,0
BRDA:2,355,1,0
BRDA:2,356,0,0
BRDA:2,356,1,0
BRDA:2,357,0,0
BRDA:2,357,1,0
BRDA:2,358,0,0
BRDA:2,358,1,0
BRDA:2,359,0,0
BRDA:2,359,1,0
BRDA:2,360,0,0
BRDA:2,360,1,0
BRDA:2,361,0,0
BRDA:2,361,1,0
BRDA:2,362,0,0
BRDA:2,362,1,0
BRDA:2,363,0,0
BRDA:2,363,1,0
BRDA:2,364,0,0
BRDA:2,364,1,0
BRDA:2,364,2,0
BRDA:2,365,0,0
BRDA:2,365,1,0
BRDA:2,366,0,0
BRDA:2,366,1,0
BRDA:2,367,0,0
BRDA:2,367,1,0
BRDA:2,368,0,0
BRDA:2,368,1,0
BRDA:2,369,0,0
BRDA:2,369,1,0
BRDA:2,370,0,0
BRDA:2,370,1,0
BRDA:2,371,0,0
BRDA:2,371,1,0
BRDA:2,372,0,0
BRDA:2,372,1,0
BRDA:2,373,0,0
BRDA:2,373,1,0
BRDA:2,374,0,0
BRDA:2,374,1,0
BRDA:2,375,0,0
BRDA:2,375,1,0
BRDA:2,376,0,0
BRDA:2,376,1,0
BRDA:2,377,0,0
BRDA:2,377,1,0
BRDA:2,378,0,0
BRDA:2,378,1,0
BRDA:2,378,2,0
BRDA:2,379,0,0
BRDA:2,379,1,0
BRDA:2,380,0,0
BRDA:2,380,1,0
BRDA:2,381,0,0
BRDA:2,381,1,0
BRDA:2,382,0,0
BRDA:2,382,1,0
BRDA:2,383,0,0
BRDA:2,383,1,0
BRDA:2,384,0,0
BRDA:2,384,1,0
BRDA:2,384,2,0
BRDA:2,385,0,0
BRDA:2,385,1,0
BRDA:2,386,0,0
BRDA:2,386,1,0
BRDA:2,387,0,0
BRDA:2,387,1,0
BRDA:2,388,0,0
BRDA:2,388,1,0
BRDA:2,389,0,0
BRDA:2,389,1,0
BRDA:2,390,0,0
BRDA:2,390,1,0
BRDA:2,391,0,0
BRDA:2,391,1,0
BRDA:2,392,0,0
BRDA:2,392,1,0
BRDA:2,393,0,0
BRDA:2,393,1,0
BRDA:2,394,0,0
BRDA:2,394,1,0
BRDA:2,395,0,0
BRDA:2,395,1,0
BRDA:2,396,0,0
BRDA:2,396,1,0
BRDA:2,396,2,0
BRDA:2,397,0,0
BRDA:2,397,1,0
BRDA:2,397,2,0
BRDA:2,397,3,0
BRDA:2,397,4,0
BRDA:2,398,0,0
BRDA:2,398,1,0
BRDA:2,399,0,0
BRDA:2,399,1,0
BRDA:2,400,0,0
BRDA:2,400,1,0
BRDA:2,401,0,0
BRDA:2,401,1,0
BRDA:2,402,0,0
BRDA:2,402,1,0
BRDA:2,403,0,0
BRDA:2,403,1,0
BRDA:2,404,0,0
BRDA:2,404,1,0
BRDA:2,405,0,0
BRDA:2,405,1,0
BRDA:2,406,0,0
BRDA:2,406,1,0
BRDA:2,407,0,0
BRDA:2,407,1,0
BRDA:2,408,0,0
BRDA:2,408,1,0
BRDA:2,409,0,0
BRDA:2,409,1,0
BRDA:2,409,2,0
BRDA:2,409,3,0
BRDA:2,409,4,0
BRDA:2,410,0,0
BRDA:2,410,1,0
BRDA:2,411,0,0
BRDA:2,411,1,0
BRDA:2,412,0,0
BRDA:2,412,1,0
BRDA:2,413,0,0
BRDA:2,413,1,0
BRDA:2,414,0,0
BRDA:2,414,1,0
BRDA:2,415,0,0
BRDA:2,415,1,0
BRDA:2,416,0,0
BRDA:2,416,1,0
BRDA:2,417,0,0
BRDA:2,417,1,0
BRDA:2,417,2,0
BRDA:2,418,0,0
BRDA:2,418,1,0
BRDA:2,419,0,0
BRDA:2,419,1,0
BRDA:2,420,0,0
BRDA:2,420,1,0
BRDA:2,421,0,0
BRDA:2,421,1,0
BRDA:2,421,2,0
BRDA:2,421,3,0
BRDA:2,422,0,0
BRDA:2,422,1,0
BRDA:2,423,0,0
BRDA:2,423,1,0
BRDA:2,424,0,0
BRDA:2,424,1,0
BRDA:2,425,0,0
BRDA:2,425,1,0
BRDA:2,425,2,0
BRDA:2,426,0,0
BRDA:2,426,1,0
BRDA:2,427,0,0
BRDA:2,427,1,0
BRDA:2,428,0,0
BRDA:2,428,1,0
BRDA:2,429,0,0
BRDA:2,429,1,0
BRDA:2,430,0,0
BRDA:2,430,1,0
BRDA:2,431,0,0
BRDA:2,431,1,0
BRDA:2,432,0,0
BRDA:2,432,1,0
BRDA:2,433,0,0
BRDA:2,433,1,0
BRDA:2,434,0,0
BRDA:2,434,1,0
BRDA:2,435,0,0
BRDA:2,435,1,0
BRDA:2,436,0,0
BRDA:2,436,1,0
BRDA:2,437,0,0
BRDA:2,437,1,0
BRDA:2,437,2,0
BRDA:2,438,0,0
BRDA:2,438,1,0
BRDA:2,439,0,0
BRDA:2,439,1,0
BRDA:2,440,0,0
BRDA:2,440,1,0
BRDA:2,441,0,0
BRDA:2,441,1,0
BRDA:2,442,0,0
BRDA:2,442,1,0
BRDA:2,443,0,0
BRDA:2,443,1,0
BRDA:2,444,0,0
BRDA:2,444,1,0
BRDA:2,445,0,0
BRDA:2,445,1,0
BRDA:2,446,0,0
BRDA:2,446,1,0
BRDA:2,447,0,0
BRDA:2,447,1,0
BRDA:2,448,0,0
BRDA:2,448,1,0
BRDA:2,449,0,0
BRDA:2,449,1,0
BRDA:2,450,0,0
BRDA:2,450,1,0
BRDA:2,451,0,0
BRDA:2,451,1,0
BRDA:2,452,0,0
BRDA:2,452,1,0
BRDA:2,453,0,0
BRDA:2,453,1,0
BRDA:2,454,0,0
BRDA:2,454,1,0
BRDA:2,455,0,0
BRDA:2,455,1,0
BRDA:2,456,0,0
BRDA:2,456,1,0
BRDA:2,457,0,0
BRDA:2,457,1,0
BRDA:2,458,0,0
BRDA:2,458,1,0
BRDA:2,459,0,0
BRDA:2,459,1,0
BRDA:2,460,0,0
BRDA:2,460,1,0
BRDA:2,461,0,0
BRDA:2,461,1,0
BRDA:2,461,2,0
BRDA:2,462,0,0
BRDA:2,462,1,0
BRDA:2,462,2,0
BRDA:2,463,0,0
BRDA:2,463,1,0
BRDA:2,464,0,0
BRDA:2,464,1,0
BRDA:2,465,0,0
BRDA:2,465,1,0
BRDA:2,466,0,0
BRDA:2,466,1,0
BRDA:2,467,0,0
BRDA:2,467,1,0
BRDA:2,468,0,0
BRDA:2,468,1,0
BRDA:2,469,0,0
BRDA:2,469,1,0
BRDA:2,470,0,0
BRDA:2,470,1,0
BRDA:2,471,0,0
BRDA:2,471,1,0
BRDA:2,472,0,0
BRDA:2,472,1,0
BRDA:2,473,0,0
BRDA:2,473,1,0
BRDA:2,474,0,0
BRDA:2,474,1,0
BRDA:2,475,0,0
BRDA:2,475,1,0
BRDA:2,476,0,0
BRDA:2,476,1,0
BRDA:2,477,0,0
BRDA:2,477,1,0
BRDA:2,478,0,0
BRDA:2,478,1,0
BRDA:2,479,0,0
BRDA:2,479,1,0
BRDA:2,480,0,0
BRDA:2,480,1,0
BRDA:2,481,0,0
BRDA:2,481,1,0
BRDA:2,482,0,0
BRDA:2,482,1,0
BRDA:2,483,0,0
BRDA:2,483,1,0
BRDA:2,484,0,0
BRDA:2,484,1,0
BRDA:2,485,0,0
BRDA:2,485,1,0
BRDA:2,486,0,0
BRDA:2,486,1,0
BRDA:2,487,0,0
BRDA:2,487,1,0
BRDA:2,488,0,0
BRDA:2,488,1,0
BRDA:2,489,0,0
BRDA:2,489,1,0
BRDA:2,490,0,0
BRDA:2,490,1,0
BRDA:2,491,0,0
BRDA:2,491,1,0
BRDA:2,492,0,0
BRDA:2,492,1,0
BRDA:2,493,0,0
BRDA:2,493,1,0
BRDA:2,494,0,0
BRDA:2,494,1,0
BRDA:2,495,0,0
BRDA:2,495,1,0
BRDA:2,496,0,0
BRDA:2,496,1,0
BRDA:2,497,0,0
BRDA:2,497,1,0
BRDA:2,498,0,0
BRDA:2,498,1,0
BRDA:2,499,0,0
BRDA:2,499,1,0
BRDA:2,500,0,0
BRDA:2,500,1,0
BRDA:2,501,0,0
BRDA:2,501,1,0
BRDA:2,501,2,0
BRDA:2,502,0,0
BRDA:2,502,1,0
BRDA:2,503,0,0
BRDA:2,503,1,0
BRDA:2,504,0,0
BRDA:2,504,1,0
BRDA:2,505,0,0
BRDA:2,505,1,0
BRDA:2,506,0,0
BRDA:2,506,1,0
BRDA:2,507,0,0
BRDA:2,507,1,0
BRDA:2,508,0,0
BRDA:2,508,1,0
BRDA:2,508,2,0
BRDA:2,509,0,0
BRDA:2,509,1,0
BRDA:2,510,0,0
BRDA:2,510,1,0
BRDA:2,511,0,0
BRDA:2,511,1,0
BRDA:2,512,0,0
BRDA:2,512,1,0
BRDA:2,513,0,0
BRDA:2,513,1,0
BRDA:2,513,2,0
BRDA:2,514,0,0
BRDA:2,514,1,0
BRDA:2,515,0,0
BRDA:2,515,1,0
BRDA:2,515,2,0
BRDA:2,516,0,0
BRDA:2,516,1,0
BRDA:2,516,2,0
BRDA:2,516,3,0
BRDA:2,517,0,0
BRDA:2,517,1,0
BRDA:2,517,2,0
BRDA:2,518,0,0
BRDA:2,518,1,0
BRDA:2,519,0,0
BRDA:2,519,1,0
BRDA:2,520,0,0
BRDA:2,520,1,0
BRDA:2,521,0,0
BRDA:2,521,1,0
BRDA:2,521,2,0
BRDA:2,522,0,0
BRDA:2,522,1,0
BRDA:2,523,0,0
BRDA:2,523,1,0
BRDA:2,524,0,0
BRDA:2,524,1,0
BRDA:2,525,0,0
BRDA:2,525,1,0
BRDA:2,526,0,0
BRDA:2,526,1,0
BRDA:2,527,0,0
BRDA:2,527,1,0
BRDA:2,528,0,0
BRDA:2,528,1,0
BRDA:2,529,0,0
BRDA:2,529,1,0
BRDA:2,530,0,0
BRDA:2,530,1,0
BRDA:2,531,0,0
BRDA:2,531,1,0
BRDA:2,532,0,0
BRDA:2,532,1,0
BRDA:2,533,0,0
BRDA:2,533,1,0
BRDA:2,534,0,0
BRDA:2,534,1,0
BRDA:2,535,0,0
BRDA:2,535,1,0
BRDA:2,536,0,0
BRDA:2,536,1,0
BRDA:2,537,0,0
BRDA:2,537,1,0
BRDA:2,537,2,0
BRDA:2,537,3,0
BRDA:2,538,0,0
BRDA:2,538,1,0
BRDA:2,539,0,0
BRDA:2,539,1,0
BRDA:2,540,0,0
BRDA:2,540,1,0
BRDA:2,541,0,0
BRDA:2,541,1,0
BRDA:2,542,0,0
BRDA:2,542,1,0
BRDA:2,543,0,0
BRDA:2,543,1,0
BRDA:2,544,0,0
BRDA:2,544,1,0
BRDA:2,545,0,0
BRDA:2,545,1,0
BRDA:2,546,0,0
BRDA:2,546,1,0
BRDA:2,547,0,0
BRDA:2,547,1,0
BRDA:2,548,0,0
BRDA:2,548,1,0
BRDA:2,549,0,0
BRDA:2,549,1,0
BRDA:2,550,0,0
BRDA:2,550,1,0
BRDA:2,551,0,0
BRDA:2,551,1,0
BRDA:2,552,0,0
BRDA:2,552,1,0
BRDA:2,553,0,0
BRDA:2,553,1,0
BRDA:2,554,0,0
BRDA:2,554,1,0
BRDA:2,555,0,0
BRDA:2,555,1,0
BRDA:2,556,0,0
BRDA:2,556,1,0
BRDA:2,557,0,0
BRDA:2,557,1,0
BRDA:2,558,0,0
BRDA:2,558,1,0
BRDA:2,559,0,0
BRDA:2,559,1,0
BRDA:2,560,0,0
BRDA:2,560,1,0
BRDA:2,561,0,0
BRDA:2,561,1,0
BRDA:2,561,2,0
BRDA:2,561,3,0
BRDA:2,561,4,0
BRDA:2,562,0,0
BRDA:2,562,1,0
BRDA:2,563,0,0
BRDA:2,563,1,0
BRDA:2,564,0,0
BRDA:2,564,1,0
BRDA:2,564,2,0
BRDA:3,565,0,0
BRDA:3,565,1,0
BRDA:3,566,0,0
BRDA:3,566,1,0
BRDA:3,566,2,0
BRDA:3,567,0,0
BRDA:3,567,1,0
BRDA:3,568,0,0
BRDA:3,568,1,0
BRDA:3,569,0,0
BRDA:3,569,1,0
BRDA:3,570,0,0
BRDA:3,570,1,0
BRDA:3,571,0,0
BRDA:3,571,1,0
BRDA:3,572,0,0
BRDA:3,572,1,0
BRDA:3,573,0,0
BRDA:3,573,1,0
BRDA:3,574,0,0
BRDA:3,574,1,0
BRDA:3,575,0,0
BRDA:3,575,1,0
BRDA:3,576,0,0
BRDA:3,576,1,0
BRDA:3,577,0,0
BRDA:3,577,1,0
BRDA:3,577,2,0
BRDA:3,578,0,0
BRDA:3,578,1,0
BRDA:3,579,0,0
BRDA:3,579,1,0
BRDA:3,580,0,0
BRDA:3,580,1,0
BRDA:3,581,0,0
BRDA:3,581,1,0
BRDA:3,582,0,0
BRDA:3,582,1,0
BRDA:3,583,0,0
BRDA:3,583,1,0
BRDA:3,584,0,0
BRDA:3,584,1,0
BRDA:3,585,0,0
BRDA:3,585,1,0
BRDA:3,585,2,0
BRDA:3,585,3,0
BRDA:3,586,0,0
BRDA:3,586,1,0
BRDA:3,587,0,0
BRDA:3,587,1,0
BRDA:3,588,0,0
BRDA:3,588,1,0
BRDA:3,589,0,0
BRDA:3,589,1,0
BRDA:3,590,0,0
BRDA:3,590,1,0
BRDA:3,591,0,0
BRDA:3,591,1,0
BRDA:3,592,0,0
BRDA:3,592,1,0
BRDA:3,592,2,0
BRDA:3,593,0,0
BRDA:3,593,1,0
BRDA:3,594,0,0
BRDA:3,594,1,0
BRDA:3,595,0,0
BRDA:3,595,1,0
BRDA:3,595,2,0
BRDA:3,596,0,0
BRDA:3,596,1,0
BRDA:3,597,0,0
BRDA:3,597,1,0
BRDA:3,598,0,0
BRDA:3,598,1,0
BRDA:3,599,0,0
BRDA:3,599,1,0
BRDA:3,600,0,0
BRDA:3,600,1,0
BRDA:3,601,0,0
BRDA:3,601,1,0
BRDA:3,602,0,0
BRDA:3,602,1,0
BRDA:3,603,0,0
BRDA:3,603,1,0
BRDA:3,604,0,0
BRDA:3,604,1,0
BRDA:3,605,0,0
BRDA:3,605,1,0
BRDA:3,606,0,0
BRDA:3,606,1,0
BRDA:3,607,0,0
BRDA:3,607,1,0
BRDA:3,608,0,0
BRDA:3,608,1,0
BRDA:3,609,0,0
BRDA:3,609,1,0
BRDA:3,610,0,0
BRDA:3,610,1,0
BRDA:3,611,0,0
BRDA:3,611,1,0
BRDA:3,612,0,0
BRDA:3,612,1,0
BRDA:3,613,0,0
BRDA:3,613,1,0
BRDA:3,614,0,0
BRDA:3,614,1,0
BRDA:3,615,0,0
BRDA:3,615,1,0
BRDA:3,616,0,0
BRDA:3,616,1,0
BRDA:3,617,0,0
BRDA:3,617,1,0
BRDA:3,618,0,0
BRDA:3,618,1,0
BRDA:3,619,0,0
BRDA:3,619,1,0
BRDA:3,620,0,0
BRDA:3,620,1,0
BRDA:3,621,0,0
BRDA:3,621,1,0
BRDA:3,622,0,0
BRDA:3,622,1,0
BRDA:3,623,0,0
BRDA:3,623,1,0
BRDA:3,624,0,0
BRDA:3,624,1,0
BRDA:3,625,0,0
BRDA:3,625,1,0
BRDA:3,625,2,0
BRDA:3,626,0,0
BRDA:3,626,1,0
BRDA:3,627,0,0
BRDA:3,627,1,0
BRDA:3,628,0,0
BRDA:3,628,1,0
BRDA:3,629,0,0
BRDA:3,629,1,0
BRDA:3,630,0,0
BRDA:3,630,1,0
BRDA:3,630,2,0
BRDA:3,631,0,0
BRDA:3,631,1,0
BRDA:3,632,0,0
BRDA:3,632,1,0
BRDA:3,633,0,0
BRDA:3,633,1,0
BRDA:3,634,0,0
BRDA:3,634,1,0
BRDA:3,635,0,0
BRDA:3,635,1,0
BRDA:3,635,2,0
BRDA:3,636,0,0
BRDA:3,636,1,0
BRDA:3,637,0,0
BRDA:3,637,1,0
BRDA:3,637,2,0
BRDA:3,637,3,0
BRDA:3,638,0,0
BRDA:3,638,1,0
BRDA:3,639,0,0
BRDA:3,639,1,0
BRDA:3,640,0,0
BRDA:3,640,1,0
BRDA:3,640,2,0
BRDA:3,641,0,0
BRDA:3,641,1,0
BRDA:3,642,0,0
BRDA:3,642,1,0
BRDA:3,642,2,0
BRDA:3,642,3,0
BRDA:3,643,0,0
BRDA:3,643,1,0
BRDA:3,644,0,0
BRDA:3,644,1,0
BRDA:3,645,0,0
BRDA:3,645,1,0
BRDA:3,646,0,0
BRDA:3,646,1,0
BRDA:3,647,0,0
BRDA:3,647,1,0
BRDA:3,648,0,0
BRDA:3,648,1,0
BRDA:3,648,2,0
BRDA:3,649,0,0
BRDA:3,649,1,0
BRDA:3,650,0,0
BRDA:3,650,1,0
BRDA:3,651,0,0
BRDA:3,651,1,0
BRDA:3,651,2,0
BRDA:3,652,0,0
BRDA:3,652,1,0
BRDA:3,653,0,0
BRDA:3,653,1,0
BRDA:3,654,0,0
BRDA:3,654,1,0
BRDA:3,655,0,0
BRDA:3,655,1,0
BRDA:3,656,0,0
BRDA:3,656,1,0
BRDA:3,657,0,0
BRDA:3,657,1,0
BRDA:3,658,0,0
BRDA:3,658,1,0
BRDA:3,659,0,0
BRDA:3,659,1,0
BRDA:3,660,0,0
BRDA:3,660,1,0
BRDA:3,661,0,0
BRDA:3,661,1,0
BRDA:3,661,2,0
BRDA:3,662,0,0
BRDA:3,662,1,0
BRDA:3,663,0,0
BRDA:3,663,1,0
BRDA:3,664,0,0
BRDA:3,664,1,0
BRDA:3,665,0,0
BRDA:3,665,1,0
BRDA:3,666,0,0
BRDA:3,666,1,0
BRDA:3,667,0,0
BRDA:3,667,1,0
BRDA:3,668,0,0
BRDA:3,668,1,0
BRDA:3,669,0,0
BRDA:3,669,1,0
BRDA:3,670,0,0
BRDA:3,670,1,0
BRDA:3,671,0,0
BRDA:3,671,1,0
BRDA:3,672,0,0
BRDA:3,672,1,0
BRDA:3,672,2,0
BRDA:3,673,0,0
BRDA:3,673,1,0
BRDA:3,674,0,0
BRDA:3,674,1,0
BRDA:3,675,0,0
BRDA:3,675,1,0
BRDA:3,676,0,0
BRDA:3,676,1,0
BRDA:3,677,0,0
BRDA:3,677,1,0
BRDA:3,678,0,0
BRDA:3,678,1,0
BRDA:3,679,0,0
BRDA:3,679,1,0
BRDA:3,680,0,0
BRDA:3,680,1,0
BRDA:3,681,0,0
BRDA:3,681,1,0
BRDA:3,682,0,0
BRDA:3,682,1,0
BRDA:3,683,0,0
BRDA:3,683,1,0
BRDA:3,684,0,0
BRDA:3,684,1,0
BRDA:3,685,0,0
BRDA:3,685,1,0
BRDA:3,686,0,0
BRDA:3,686,1,0
BRDA:3,687,0,0
BRDA:3,687,1,0
BRDA:3,688,0,0
BRDA:3,688,1,0
BRDA:3,689,0,0
BRDA:3,689,1,0
BRDA:3,690,0,0
BRDA:3,690,1,0
BRDA:3,691,0,0
BRDA:3,691,1,0
BRDA:3,692,0,0
BRDA:3,692,1,0
BRDA:3,693,0,0
BRDA:3,693,1,0
BRDA:3,694,0,0
BRDA:3,694,1,0
BRDA:3,695,0,0
BRDA:3,695,1,0
BRDA:3,696,0,0
BRDA:3,696,1,0
BRDA:3,697,0,0
BRDA:3,697,1,0
BRDA:3,698,0,0
BRDA:3,698,1,0
BRDA:3,699,0,0
BRDA:3,699,1,0
BRDA:3,700,0,0
BRDA:3,700,1,0
BRDA:3,701,0,0
BRDA:3,701,1,0
BRDA:3,702,0,0
BRDA:3,702,1,0
BRDA:3,703,0,0
BRDA:3,703,1,0
BRDA:3,704,0,0
BRDA:3,704,1,0
BRDA:3,705,0,0
BRDA:3,705,1,0
BRDA:3,706,0,0
BRDA:3,706,1,0
BRDA:3,707,0,0
BRDA:3,707,1,0
BRDA:3,708,0,0
BRDA:3,708,1,0
BRDA:3,709,0,0
BRDA:3,709,1,0
BRDA:3,710,0,0
BRDA:3,710,1,0
BRDA:3,711,0,0
BRDA:3,711,1,0
BRDA:3,712,0,0
BRDA:3,712,1,0
BRDA:3,713,0,0
BRDA:3,713,1,0
BRDA:3,714,0,0
BRDA:3,714,1,0
BRDA:3,715,0,0
BRDA:3,715,1,0
BRDA:3,716,0,0
BRDA:3,716,1,0
BRDA:3,717,0,0
BRDA:3,717,1,0
BRDA:3,718,0,0
BRDA:3,718,1,0
BRDA:3,719,0,0
BRDA:3,719,1,0
BRDA:3,719,2,0
BRDA:3,719,3,0
BRDA:3,720,0,0
BRDA:3,720,1,0
BRDA:3,721,0,0
BRDA:3,721,1,0
BRDA:3,722,0,0
BRDA:3,722,1,0
BRDA:3,723,0,0
BRDA:3,723,1,0
BRDA:3,724,0,0
BRDA:3,724,1,0
BRDA:3,725,0,0
BRDA:3,725,1,0
BRDA:3,726,0,0
BRDA:3,726,1,0
BRDA:3,727,0,0
BRDA:3,727,1,0
BRDA:3,728,0,0
BRDA:3,728,1,0
BRDA:3,729,0,0
BRDA:3,729,1,0
BRDA:3,730,0,0
BRDA:3,730,1,0
BRDA:3,731,0,0
BRDA:3,731,1,0
BRDA:3,732,0,0
BRDA:3,732,1,0
BRDA:3,733,0,0
BRDA:3,733,1,0
BRDA:3,734,0,0
BRDA:3,734,1,0
BRDA:3,735,0,0
BRDA:3,735,1,0
BRDA:3,736,0,0
BRDA:3,736,1,0
BRDA:3,736,2,0
BRDA:3,736,3,0
BRDA:3,736,4,0
BRDA:3,736,5,0
BRDA:3,736,6,0
BRDA:3,736,7,0
BRDA:3,736,8,0
BRDA:3,736,9,0
BRDA:3,736,10,0
BRDA:3,737,0,0
BRDA:3,737,1,0
BRDA:3,738,0,0
BRDA:3,738,1,0
BRDA:3,739,0,0
BRDA:3,739,1,0
BRDA:3,739,2,0
BRDA:3,740,0,0
BRDA:3,740,1,0
BRDA:3,740,2,0
BRDA:3,741,0,0
BRDA:3,741,1,0
BRDA:3,742,0,0
BRDA:3,742,1,0
BRDA:3,743,0,0
BRDA:3,743,1,0
BRDA:3,744,0,0
BRDA:3,744,1,0
BRDA:3,745,0,0
BRDA:3,745,1,0
BRDA:3,746,0,0
BRDA:3,746,1,0
BRDA:3,747,0,0
BRDA:3,747,1,0
BRDA:3,748,0,0
BRDA:3,748,1,0
BRDA:3,749,0,0
BRDA:3,749,1,0
BRDA:3,749,2,0
BRDA:3,750,0,0
BRDA:3,750,1,0
BRDA:3,751,0,0
BRDA:3,751,1,0
BRDA:3,752,0,0
BRDA:3,752,1,0
BRDA:3,752,2,0
BRDA:3,753,0,0
BRDA:3,753,1,0
BRDA:3,754,0,0
BRDA:3,754,1,0
BRDA:3,755,0,0
BRDA:3,755,1,0
BRDA:3,755,2,0
BRDA:3,756,0,0
BRDA:3,756,1,0
BRDA:3,757,0,0
BRDA:3,757,1,0
BRDA:3,758,0,0
BRDA:3,758,1,0
BRDA:3,759,0,0
BRDA:3,759,1,0
BRDA:3,759,2,0
BRDA:3,760,0,0
BRDA:3,760,1,0
BRDA:3,761,0,0
BRDA:3,761,1,0
BRDA:3,762,0,0
BRDA:3,762,1,0
BRDA:3,763,0,0
BRDA:3,763,1,0
BRDA:3,764,0,0
BRDA:3,764,1,0
BRDA:3,765,0,0
BRDA:3,765,1,0
BRDA:3,766,0,0
BRDA:3,766,1,0
BRDA:3,767,0,0
BRDA:3,767,1,0
BRDA:3,768,0,0
BRDA:3,768,1,0
BRDA:3,769,0,0
BRDA:3,769,1,0
BRDA:3,770,0,0
BRDA:3,770,1,0
BRDA:3,771,0,0
BRDA:3,771,1,0
BRDA:3,772,0,0
BRDA:3,772,1,0
BRDA:3,773,0,0
BRDA:3,773,1,0
BRDA:3,774,0,0
BRDA:3,774,1,0
BRDA:3,774,2,0
BRDA:3,775,0,0
BRDA:3,775,1,0
BRDA:3,775,2,0
BRDA:3,776,0,0
BRDA:3,776,1,0
BRDA:3,777,0,0
BRDA:3,777,1,0
BRDA:3,778,0,0
BRDA:3,778,1,0
BRDA:3,779,0,0
BRDA:3,779,1,0
BRDA:3,780,0,0
BRDA:3,780,1,0
BRDA:3,781,0,0
BRDA:3,781,1,0
BRDA:3,781,2,0
BRDA:3,782,0,0
BRDA:3,782,1,0
BRDA:3,783,0,0
BRDA:3,783,1,0
BRDA:3,784,0,0
BRDA:3,784,1,0
BRDA:3,785,0,0
BRDA:3,785,1,0
BRDA:3,785,2,0
BRDA:3,786,0,0
BRDA:3,786,1,0
BRDA:3,786,2,0
BRDA:3,787,0,0
BRDA:3,787,1,0
BRDA:3,787,2,0
BRDA:3,788,0,0
BRDA:3,788,1,0
BRDA:3,788,2,0
BRDA:3,789,0,0
BRDA:3,789,1,0
BRDA:3,790,0,0
BRDA:3,790,1,0
BRDA:3,791,0,0
BRDA:3,791,1,0
BRDA:3,792,0,0
BRDA:3,792,1,0
BRDA:3,793,0,0
BRDA:3,793,1,0
BRDA:3,793,2,0
BRDA:3,794,0,0
BRDA:3,794,1,0
BRDA:3,795,0,0
BRDA:3,795,1,0
BRDA:3,796,0,0
BRDA:3,796,1,0
BRDA:3,797,0,0
BRDA:3,797,1,0
BRDA:3,797,2,0
BRDA:3,797,3,0
BRDA:3,798,0,0
BRDA:3,798,1,0
BRDA:3,799,0,0
BRDA:3,799,1,0
BRDA:3,799,2,0
BRDA:3,800,0,0
BRDA:3,800,1,0
BRDA:3,801,0,0
BRDA:3,801,1,0
BRDA:3,802,0,0
BRDA:3,802,1,0
BRDA:3,802,2,0
BRDA:3,803,0,0
BRDA:3,803,1,0
BRDA:3,804,0,0
BRDA:3,804,1,0
BRDA:3,805,0,0
BRDA:3,805,1,0
BRDA:3,806,0,0
BRDA:3,806,1,0
BRDA:3,807,0,0
BRDA:3,807,1,0
BRDA:3,808,0,0
BRDA:3,808,1,0
BRDA:3,809,0,0
BRDA:3,809,1,0
BRDA:3,810,0,0
BRDA:3,810,1,0
BRDA:3,811,0,0
BRDA:3,811,1,0
BRDA:3,812,0,0
BRDA:3,812,1,0
BRDA:3,813,0,0
BRDA:3,813,1,0
BRDA:3,814,0,0
BRDA:3,814,1,0
BRDA:3,815,0,0
BRDA:3,815,1,0
BRDA:3,815,2,0
BRDA:3,816,0,0
BRDA:3,816,1,0
BRDA:3,817,0,0
BRDA:3,817,1,0
BRDA:3,817,2,0
BRDA:3,817,3,0
BRDA:3,817,4,0
BRDA:3,818,0,0
BRDA:3,818,1,0
BRDA:3,819,0,0
BRDA:3,819,1,0
BRDA:3,820,0,0
BRDA:3,820,1,0
BRDA:3,821,0,0
BRDA:3,821,1,0
BRDA:3,822,0,0
BRDA:3,822,1,0
BRDA:3,823,0,0
BRDA:3,823,1,0
BRDA:3,824,0,0
BRDA:3,824,1,0
BRDA:3,825,0,0
BRDA:3,825,1,0
BRDA:3,826,0,0
BRDA:3,826,1,0
BRDA:3,826,2,0
BRDA:3,826,3,0
BRDA:3,827,0,0
BRDA:3,827,1,0
BRDA:3,828,0,0
BRDA:3,828,1,0
BRDA:3,829,0,0
BRDA:3,829,1,0
BRDA:3,830,0,0
BRDA:3,830,1,0
BRDA:3,830,2,0
BRDA:3,831,0,0
BRDA:3,831,1,0
BRDA:3,832,0,0
BRDA:3,832,1,0
BRDA:3,832,2,0
BRDA:3,833,0,0
BRDA:3,833,1,0
BRDA:3,834,0,0
BRDA:3,834,1,0
BRDA:3,834,2,0
BRDA:3,834,3,0
BRDA:3,835,0,0
BRDA:3,835,1,0
BRDA:3,836,0,0
BRDA:3,836,1,0
BRDA:3,837,0,0
BRDA:3,837,1,0
BRDA:3,838,0,0
BRDA:3,838,1,0
BRDA:3,839,0,0
BRDA:3,839,1,0
BRDA:3,840,0,0
BRDA:3,840,1,0
BRDA:3,841,0,0
BRDA:3,841,1,0
BRDA:3,842,0,0
BRDA:3,842,1,0
BRDA:3,843,0,0
BRDA:3,843,1,0
BRDA:3,844,0,0
BRDA:3,844,1,0
BRDA:3,845,0,0
BRDA:3,845,1,0
BRDA:3,846,0,0
BRDA:3,846,1,0
BRDA:3,847,0,0
BRDA:3,847,1,0
BRDA:3,847,2,0
BRDA:3,847,3,0
BRDA:3,848,0,0
BRDA:3,848,1,0
BRDA:3,849,0,0
BRDA:3,849,1,0
BRDA:3,849,2,0
BRDA:3,850,0,0
BRDA:3,850,1,0
BRDA:3,851,0,0
BRDA:3,851,1,0
BRDA:3,851,2,0
BRDA:3,852,0,0
BRDA:3,852,1,0
BRDA:3,853,0,0
BRDA:3,853,1,0
BRDA:3,854,0,0
BRDA:3,854,1,0
BRDA:3,855,0,0
BRDA:3,855,1,0
BRDA:3,856,0,0
BRDA:3,856,1,0
BRDA:3,857,0,0
BRDA:3,857,1,0
BRDA:3,858,0,0
BRDA:3,858,1,0
BRDA:3,859,0,0
BRDA:3,859,1,0
BRDA:3,860,0,0
BRDA:3,860,1,0
BRDA:3,861,0,0
BRDA:3,861,1,0
BRDA:3,861,2,0
BRDA:3,862,0,0
BRDA:3,862,1,0
BRDA:3,863,0,0
BRDA:3,863,1,0
BRDA:3,864,0,0
BRDA:3,864,1,0
BRDA:3,865,0,0
BRDA:3,865,1,0
BRDA:3,866,0,0
BRDA:3,866,1,0
BRDA:3,867,0,0
BRDA:3,867,1,0
BRDA:3,868,0,0
BRDA:3,868,1,0
BRDA:3,869,0,0
BRDA:3,869,1,0
BRDA:3,869,2,0
BRDA:3,870,0,0
BRDA:3,870,1,0
BRDA:3,871,0,0
BRDA:3,871,1,0
BRDA:3,872,0,0
BRDA:3,872,1,0
BRDA:3,873,0,0
BRDA:3,873,1,0
BRDA:3,874,0,0
BRDA:3,874,1,0
BRDA:3,875,0,0
BRDA:3,875,1,0
BRDA:3,875,2,0
BRDA:3,876,0,0
BRDA:3,876,1,0
BRDA:3,876,2,0
BRDA:3,876,3,0
BRDA:3,877,0,0
BRDA:3,877,1,0
BRDA:3,878,0,0
BRDA:3,878,1,0
BRDA:3,879,0,0
BRDA:3,879,1,0
BRDA:3,880,0,0
BRDA:3,880,1,0
BRDA:3,881,0,0
BRDA:3,881,1,0
BRDA:3,882,0,0
BRDA:3,882,1,0
BRDA:3,883,0,0
BRDA:3,883,1,0
BRDA:3,884,0,0
BRDA:3,884,1,0
BRDA:3,885,0,0
BRDA:3,885,1,0
BRDA:3,886,0,0
BRDA:3,886,1,0
BRDA:3,887,0,0
BRDA:3,887,1,0
BRDA:3,888,0,0
BRDA:3,888,1,0
BRDA:3,889,0,0
BRDA:3,889,1,0
BRDA:3,890,0,0
BRDA:3,890,1,0
BRDA:3,891,0,0
BRDA:3,891,1,0
BRDA:3,892,0,0
BRDA:3,892,1,0
BRDA:3,893,0,0
BRDA:3,893,1,0
BRDA:3,894,0,0
BRDA:3,894,1,0
BRDA:3,895,0,0
BRDA:3,895,1,0
BRDA:3,895,2,0
BRDA:3,896,0,0
BRDA:3,896,1,0
BRDA:3,897,0,0
BRDA:3,897,1,0
BRDA:3,898,0,0
BRDA:3,898,1,0
BRDA:3,899,0,0
BRDA:3,899,1,0
BRDA:3,900,0,0
BRDA:3,900,1,0
BRDA:3,901,0,0
BRDA:3,901,1,0
BRDA:3,902,0,0
BRDA:3,902,1,0
BRDA:3,903,0,0
BRDA:3,903,1,0
BRDA:3,903,2,0
BRDA:3,903,3,0
BRDA:3,904,0,0
BRDA:3,904,1,0
BRDA:3,905,0,0
BRDA:3,905,1,0
BRDA:3,906,0,0
BRDA:3,906,1,0
BRDA:3,907,0,0
BRDA:3,907,1,0
BRDA:3,908,0,0
BRDA:3,908,1,0
BRDA:3,908,2,0
BRDA:3,909,0,0
BRDA:3,909,1,0
BRDA:3,909,2,0
BRDA:3,909,3,0
BRDA:3,910,0,0
BRDA:3,910,1,0
BRDA:3,910,2,0
BRDA:3,911,0,0
BRDA:3,911,1,0
BRDA:3,912,0,0
BRDA:3,912,1,0
BRDA:3,912,2,0
BRDA:3,913,0,0
BRDA:3,913,1,0
BRDA:3,914,0,0
BRDA:3,914,1,0
BRDA:3,914,2,0
BRDA:3,914,3,0
BRDA:3,915,0,0
BRDA:3,915,1,0
BRDA:3,915,2,0
BRDA:3,915,3,0
BRDA:3,916,0,0
BRDA:3,916,1,0
BRDA:3,917,0,0
BRDA:3,917,1,0
BRDA:3,918,0,0
BRDA:3,918,1,0
BRDA:3,919,0,0
BRDA:3,919,1,0
BRDA:3,919,2,0
BRDA:3,920,0,0
BRDA:3,920,1,0
BRDA:3,921,0,0
BRDA:3,921,1,0
BRDA:3,921,2,0
BRDA:3,922,0,0
BRDA:3,922,1,0
BRDA:3,923,0,0
BRDA:3,923,1,0
BRDA:3,924,0,0
BRDA:3,924,1,0
BRDA:3,925,0,0
BRDA:3,925,1,0
BRDA:3,926,0,0
BRDA:3,926,1,0
BRDA:3,927,0,0
BRDA:3,927,1,0
BRDA:3,928,0,0
BRDA:3,928,1,0
BRDA:3,929,0,0
BRDA:3,929,1,0
BRDA:3,929,2,0
BRDA:3,930,0,0
BRDA:3,930,1,0
BRDA:3,931,0,0
BRDA:3,931,1,0
BRDA:3,932,0,0
BRDA:3,932,1,0
BRDA:3,932,2,0
BRDA:3,932,3,0
BRDA:3,933,0,0
BRDA:3,933,1,0
BRDA:3,934,0,0
BRDA:3,934,1,0
BRDA:3,935,0,0
BRDA:3,935,1,0
BRDA:3,936,0,0
BRDA:3,936,1,0
BRDA:3,936,2,0
BRDA:3,937,0,0
BRDA:3,937,1,0
BRDA:3,938,0,0
BRDA:3,938,1,0
BRDA:3,939,0,0
BRDA:3,939,1,0
BRDA:3,940,0,0
BRDA:3,940,1,0
BRDA:3,941,0,0
BRDA:3,941,1,0
BRDA:3,942,0,0
BRDA:3,942,1,0
BRDA:3,943,0,0
BRDA:3,943,1,0
BRDA:3,944,0,0
BRDA:3,944,1,0
BRDA:3,945,0,0
BRDA:3,945,1,0
BRDA:3,946,0,0
BRDA:3,946,1,0
BRDA:3,947,0,0
BRDA:3,947,1,0
BRDA:3,948,0,0
BRDA:3,948,1,0
BRDA:3,949,0,0
BRDA:3,949,1,0
BRDA:3,950,0,0
BRDA:3,950,1,0
BRDA:3,950,2,0
BRDA:3,951,0,0
BRDA:3,951,1,0
BRDA:3,952,0,0
BRDA:3,952,1,0
BRDA:3,953,0,0
BRDA:3,953,1,0
BRDA:3,954,0,0
BRDA:3,954,1,0
BRDA:3,955,0,0
BRDA:3,955,1,0
BRDA:3,955,2,0
BRDA:3,956,0,0
BRDA:3,956,1,0
BRDA:3,956,2,0
BRDA:3,957,0,0
BRDA:3,957,1,0
BRDA:3,958,0,0
BRDA:3,958,1,0
BRDA:3,959,0,0
BRDA:3,959,1,0
BRDA:3,960,0,0
BRDA:3,960,1,0
BRDA:3,961,0,0
BRDA:3,961,1,0
BRDA:3,962,0,0
BRDA:3,962,1,0
BRDA:3,963,0,0
BRDA:3,963,1,0
BRDA:3,964,0,0
BRDA:3,964,1,0
BRDA:3,965,0,0
BRDA:3,965,1,0
BRDA:3,966,0,0
BRDA:3,966,1,0
BRDA:3,967,0,0
BRDA:3,967,1,0
BRDA:3,968,0,0
BRDA:3,968,1,0
BRDA:3,969,0,0
BRDA:3,969,1,0
BRDA:3,970,0,0
BRDA:3,970,1,0
BRDA:3,971,0,0
BRDA:3,971,1,0
BRDA:3,972,0,0
BRDA:3,972,1,0
BRDA:3,973,0,0
BRDA:3,973,1,0
BRDA:3,974,0,0
BRDA:3,974,1,0
BRDA:3,974,2,0
BRDA:3,975,0,0
BRDA:3,975,1,0
BRDA:3,975,2,0
BRDA:3,976,0,0
BRDA:3,976,1,0
BRDA:3,977,0,0
BRDA:3,977,1,0
BRDA:3,978,0,0
BRDA:3,978,1,0
BRDA:3,978,2,0
BRDA:3,979,0,0
BRDA:3,979,1,0
BRDA:3,980,0,0
BRDA:3,980,1,0
BRDA:3,981,0,0
BRDA:3,981,1,0
BRDA:3,982,0,0
BRDA:3,982,1,0
BRDA:3,983,0,0
BRDA:3,983,1,0
BRDA:3,984,0,0
BRDA:3,984,1,0
BRDA:3,984,2,0
BRDA:3,984,3,0
BRDA:3,984,4,0
BRDA:3,985,0,0
BRDA:3,985,1,0
BRDA:3,986,0,0
BRDA:3,986,1,0
BRDA:3,987,0,0
BRDA:3,987,1,0
BRDA:3,988,0,0
BRDA:3,988,1,0
BRDA:3,989,0,0
BRDA:3,989,1,0
BRDA:3,990,0,0
BRDA:3,990,1,0
BRDA:3,991,0,0
BRDA:3,991,1,0
BRDA:3,992,0,0
BRDA:3,992,1,0
BRDA:3,993,0,0
BRDA:3,993,1,0
BRDA:3,994,0,0
BRDA:3,994,1,0
BRDA:3,995,0,0
BRDA:3,995,1,0
BRDA:3,996,0,0
BRDA:3,996,1,0
BRDA:3,997,0,0
BRDA:3,997,1,0
BRDA:3,998,0,0
BRDA:3,998,1,0
BRDA:3,999,0,0
BRDA:3,999,1,0
BRDA:3,1000,0,0
BRDA:3,1000,1,0
BRDA:3,1001,0,0
BRDA:3,1001,1,0
BRDA:3,1002,0,0
BRDA:3,1002,1,0
BRDA:3,1003,0,0
BRDA:3,1003,1,0
BRDA:3,1004,0,0
BRDA:3,1004,1,0
BRDA:3,1005,0,0
BRDA:3,1005,1,0
BRDA:3,1006,0,0
BRDA:3,1006,1,0
BRDA:3,1007,0,0
BRDA:3,1007,1,0
BRDA:3,1008,0,0
BRDA:3,1008,1,0
BRDA:3,1009,0,0
BRDA:3,1009,1,0
BRDA:3,1010,0,0
BRDA:3,1010,1,0
BRDA:3,1011,0,0
BRDA:3,1011,1,0
BRDA:3,1012,0,0
BRDA:3,1012,1,0
BRDA:3,1013,0,0
BRDA:3,1013,1,0
BRDA:3,1014,0,0
BRDA:3,1014,1,0
BRDA:3,1015,0,0
BRDA:3,1015,1,0
BRDA:3,1016,0,0
BRDA:3,1016,1,0
BRDA:3,1017,0,0
BRDA:3,1017,1,0
BRDA:3,1018,0,0
BRDA:3,1018,1,0
BRDA:3,1019,0,0
BRDA:3,1019,1,0
BRDA:3,1020,0,0
BRDA:3,1020,1,0
BRDA:3,1020,2,0
BRDA:3,1020,3,0
BRDA:3,1020,4,0
BRDA:3,1021,0,0
BRDA:3,1021,1,0
BRDA:3,1021,2,0
BRDA:3,1021,3,0
BRDA:3,1021,4,0
BRDA:3,1022,0,0
BRDA:3,1022,1,0
BRDA:3,1023,0,0
BRDA:3,1023,1,0
BRDA:3,1024,0,0
BRDA:3,1024,1,0
BRDA:3,1025,0,0
BRDA:3,1025,1,0
BRDA:3,1025,2,0
BRDA:3,1026,0,0
BRDA:3,1026,1,0
BRDA:3,1027,0,0
BRDA:3,1027,1,0
BRDA:3,1028,0,0
BRDA:3,1028,1,0
BRDA:3,1028,2,0
BRDA:3,1029,0,0
BRDA:3,1029,1,0
BRDA:3,1030,0,0
BRDA:3,1030,1,0
BRDA:3,1031,0,0
BRDA:3,1031,1,0
BRDA:3,1032,0,0
BRDA:3,1032,1,0
BRDA:3,1032,2,0
BRDA:3,1033,0,0
BRDA:3,1033,1,0
BRDA:3,1034,0,0
BRDA:3,1034,1,0
BRDA:3,1035,0,0
BRDA:3,1035,1,0
BRDA:3,1036,0,0
BRDA:3,1036,1,0
BRDA:3,1036,2,0
BRDA:3,1037,0,0
BRDA:3,1037,1,0
BRDA:3,1037,2,0
BRDA:3,1037,3,0
BRDA:3,1038,0,0
BRDA:3,1038,1,0
BRDA:3,1038,2,0
BRDA:3,1038,3,0
BRDA:3,1039,0,0
BRDA:3,1039,1,0
BRDA:3,1039,2,0
BRDA:3,1040,0,0
BRDA:3,1040,1,0
BRDA:3,1041,0,0
BRDA:3,1041,1,0
BRDA:3,1042,0,0
BRDA:3,1042,1,0
BRDA:3,1043,0,0
BRDA:3,1043,1,0
BRDA:3,1043,2,0
BRDA:3,1044,0,0
BRDA:3,1044,1,0
BRDA:3,1044,2,0
BRDA:3,1045,0,0
BRDA:3,1045,1,0
BRDA:3,1045,2,0
BRDA:3,1046,0,0
BRDA:3,1046,1,0
BRDA:3,1047,0,0
BRDA:3,1047,1,0
BRDA:3,1048,0,0
BRDA:3,1048,1,0
BRDA:3,1048,2,0
BRDA:3,1049,0,0
BRDA:3,1049,1,0
BRDA:3,1050,0,0
BRDA:3,1050,1,0
BRDA:3,1051,0,0
BRDA:3,1051,1,0
BRDA:3,1052,0,0
BRDA:3,1052,1,0
BRDA:3,1053,0,0
BRDA:3,1053,1,0
BRDA:3,1054,0,0
BRDA:3,1054,1,0
BRDA:3,1055,0,0
BRDA:3,1055,1,0
BRDA:3,1055,2,0
BRDA:3,1056,0,0
BRDA:3,1056,1,0
BRDA:3,1057,0,0
BRDA:3,1057,1,0
BRDA:3,1057,2,0
BRDA:3,1058,0,0
BRDA:3,1058,1,0
BRDA:3,1059,0,0
BRDA:3,1059,1,0
BRDA:3,1060,0,0
BRDA:3,1060,1,0
BRDA:3,1061,0,0
BRDA:3,1061,1,0
BRDA:3,1062,0,0
BRDA:3,1062,1,0
BRDA:3,1063,0,0
BRDA:3,1063,1,0
BRDA:3,1063,2,0
BRDA:3,1064,0,0
BRDA:3,1064,1,0
BRDA:3,1065,0,0
BRDA:3,1065,1,0
BRDA:3,1065,2,0
BRDA:4,1066,0,0
BRDA:4,1066,1,0
BRDA:4,1067,0,0
BRDA:4,1067,1,0
BRDA:4,1068,0,0
BRDA:4,1068,1,0
BRDA:4,1068,2,0
BRDA:4,1069,0,0
BRDA:4,1069,1,0
BRDA:4,1070,0,0
BRDA:4,1070,1,0
BRDA:4,1071,0,0
BRDA:4,1071,1,0
BRDA:4,1072,0,0
BRDA:4,1072,1,0
BRDA:4,1073,0,0
BRDA:4,1073,1,0
BRDA:4,1074,0,0
BRDA:4,1074,1,0
BRDA:4,1075,0,0
BRDA:4,1075,1,0
BRDA:4,1076,0,0
BRDA:4,1076,1,0
BRDA:4,1077,0,0
BRDA:4,1077,1,0
BRDA:4,1078,0,0
BRDA:4,1078,1,0
BRDA:4,1079,0,0
BRDA:4,1079,1,0
BRDA:4,1079,2,0
BRDA:4,1080,0,0
BRDA:4,1080,1,0
BRDA:4,1080,2,0
BRDA:4,1081,0,0
BRDA:4,1081,1,0
BRDA:4,1082,0,0
BRDA:4,1082,1,0
BRDA:4,1083,0,0
BRDA:4,1083,1,0
BRDA:4,1084,0,0
BRDA:4,1084,1,0
BRDA:4,1084,2,0
BRDA:4,1085,0,0
BRDA:4,1085,1,0
BRDA:4,1086,0,0
BRDA:4,1086,1,0
BRDA:4,1086,2,0
BRDA:4,1087,0,0
BRDA:4,1087,1,0
BRDA:4,1088,0,0
BRDA:4,1088,1,0
BRDA:4,1089,0,0
BRDA:4,1089,1,0
BRDA:4,1089,2,0
BRDA:4,1090,0,0
BRDA:4,1090,1,0
BRDA:4,1091,0,0
BRDA:4,1091,1,0
BRDA:4,1091,2,0
BRDA:4,1092,0,0
BRDA:4,1092,1,0
BRDA:4,1093,0,0
BRDA:4,1093,1,0
BRDA:4,1094,0,0
BRDA:4,1094,1,0
BRDA:4,1095,0,0
BRDA:4,1095,1,0
BRDA:4,1095,2,0
BRDA:4,1096,0,0
BRDA:4,1096,1,0
BRDA:4,1097,0,0
BRDA:4,1097,1,0
BRDA:4,1098,0,0
BRDA:4,1098,1,0
BRDA:4,1099,0,0
BRDA:4,1099,1,0
BRDA:4,1100,0,0
BRDA:4,1100,1,0
BRDA:4,1101,0,0
BRDA:4,1101,1,0
BRDA:4,1102,0,0
BRDA:4,1102,1,0
BRDA:4,1103,0,0
BRDA:4,1103,1,0
BRDA:4,1104,0,0
BRDA:4,1104,1,0
BRDA:4,1105,0,0
BRDA:4,1105,1,0
BRDA:4,1106,0,0
BRDA:4,1106,1,0
BRDA:4,1107,0,0
BRDA:4,1107,1,0
BRDA:4,1108,0,0
BRDA:4,1108,1,0
BRDA:4,1109,0,0
BRDA:4,1109,1,0
BRDA:4,1110,0,0
BRDA:4,1110,1,0
BRDA:4,1111,0,0
BRDA:4,1111,1,0
BRDA:4,1112,0,0
BRDA:4,1112,1,0
BRDA:4,1113,0,0
BRDA:4,1113,1,0
BRDA:4,1114,0,0
BRDA:4,1114,1,0
BRDA:4,1115,0,0
BRDA:4,1115,1,0
BRDA:4,1116,0,0
BRDA:4,1116,1,0
BRDA:4,1117,0,0
BRDA:4,1117,1,0
BRDA:4,1118,0,0
BRDA:4,1118,1,0
BRDA:4,1119,0,0
BRDA:4,1119,1,0
BRDA:4,1119,2,0
BRDA:4,1120,0,0
BRDA:4,1120,1,0
BRDA:4,1121,0,0
BRDA:4,1121,1,0
BRDA:4,1122,0,0
BRDA:4,1122,1,0
BRDA:4,1123,0,0
BRDA:4,1123,1,0
BRDA:4,1124,0,0
BRDA:4,1124,1,0
BRDA:4,1125,0,0
BRDA:4,1125,1,0
BRDA:4,1126,0,0
BRDA:4,1126,1,0
BRDA:4,1127,0,0
BRDA:4,1127,1,0
BRDA:4,1128,0,0
BRDA:4,1128,1,0
BRDA:4,1129,0,0
BRDA:4,1129,1,0
BRDA:4,1130,0,0
BRDA:4,1130,1,0
BRDA:4,1131,0,0
BRDA:4,1131,1,0
BRDA:4,1132,0,0
BRDA:4,1132,1,0
BRDA:4,1133,0,0
BRDA:4,1133,1,0
BRDA:4,1134,0,0
BRDA:4,1134,1,0
BRDA:4,1135,0,0
BRDA:4,1135,1,0
BRDA:4,1135,2,0
BRDA:4,1135,3,0
BRDA:4,1136,0,0
BRDA:4,1136,1,0
BRDA:4,1137,0,0
BRDA:4,1137,1,0
BRDA:4,1138,0,0
BRDA:4,1138,1,0
BRDA:4,1139,0,0
BRDA:4,1139,1,0
BRDA:4,1139,2,0
BRDA:4,1140,0,0
BRDA:4,1140,1,0
BRDA:4,1141,0,0
BRDA:4,1141,1,0
BRDA:4,1142,0,0
BRDA:4,1142,1,0
BRDA:4,1143,0,0
BRDA:4,1143,1,0
BRDA:4,1144,0,0
BRDA:4,1144,1,0
BRDA:4,1145,0,0
BRDA:4,1145,1,0
BRDA:4,1146,0,0
BRDA:4,1146,1,0
BRDA:4,1147,0,0
BRDA:4,1147,1,0
BRDA:4,1148,0,0
BRDA:4,1148,1,0
BRDA:4,1148,2,0
BRDA:4,1148,3,0
BRDA:4,1148,4,0
BRDA:4,1149,0,0
BRDA:4,1149,1,0
BRDA:4,1150,0,0
BRDA:4,1150,1,0
BRDA:4,1151,0,0
BRDA:4,1151,1,0
BRDA:4,1152,0,0
BRDA:4,1152,1,0
BRDA:4,1153,0,0
BRDA:4,1153,1,0
BRDA:4,1154,0,0
BRDA:4,1154,1,0
BRDA:4,1155,0,0
BRDA:4,1155,1,0
BRDA:4,1156,0,0
BRDA:4,1156,1,0
BRDA:4,1157,0,0
BRDA:4,1157,1,0
BRDA:4,1158,0,0
BRDA:4,1158,1,0
BRDA:4,1159,0,0
BRDA:4,1159,1,0
BRDA:4,1160,0,0
BRDA:4,1160,1,0
BRDA:4,1160,2,0
BRDA:4,1160,3,0
BRDA:4,1161,0,0
BRDA:4,1161,1,0
BRDA:4,1162,0,0
BRDA:4,1162,1,0
BRDA:4,1163,0,0
BRDA:4,1163,1,0
BRDA:4,1164,0,0
BRDA:4,1164,1,0
BRDA:4,1165,0,0
BRDA:4,1165,1,0
BRDA:4,1166,0,0
BRDA:4,1166,1,0
BRDA:4,1167,0,0
BRDA:4,1167,1,0
BRDA:4,1168,0,0
BRDA:4,1168,1,0
BRDA:4,1169,0,0
BRDA:4,1169,1,0
BRDA:4,1170,0,0
BRDA:4,1170,1,0
BRDA:4,1170,2,0
BRDA:4,1171,0,0
BRDA:4,1171,1,0
BRDA:4,1172,0,0
BRDA:4,1172,1,0
BRDA:4,1172,2,0
BRDA:4,1173,0,0
BRDA:4,1173,1,0
BRDA:4,1174,0,0
BRDA:4,1174,1,0
BRDA:4,1175,0,0
BRDA:4,1175,1,0
BRDA:4,1176,0,0
BRDA:4,1176,1,0
BRDA:4,1177,0,0
BRDA:4,1177,1,0
BRDA:4,1177,2,0
BRDA:4,1178,0,0
BRDA:4,1178,1,0
BRDA:4,1179,0,0
BRDA:4,1179,1,0
BRDA:4,1180,0,0
BRDA:4,1180,1,0
BRDA:4,1181,0,0
BRDA:4,1181,1,0
BRDA:4,1182,0,0
BRDA:4,1182,1,0
BRDA:4,1183,0,0
BRDA:4,1183,1,0
BRDA:4,1184,0,0
BRDA:4,1184,1,0
BRDA:4,1185,0,0
BRDA:4,1185,1,0
BRDA:4,1185,2,0
BRDA:4,1185,3,0
BRDA:4,1186,0,0
BRDA:4,1186,1,0
BRDA:4,1187,0,0
BRDA:4,1187,1,0
BRDA:4,1187,2,0
BRDA:4,1187,3,0
BRDA:4,1187,4,0
BRDA:4,1187,5,0
BRDA:4,1187,6,0
BRDA:4,1187,7,0
BRDA:4,1187,8,0
BRDA:4,1188,0,0
BRDA:4,1188,1,0
BRDA:4,1189,0,0
BRDA:4,1189,1,0
BRDA:4,1190,0,0
BRDA:4,1190,1,0
BRDA:4,1191,0,0
BRDA:4,1191,1,0
BRDA:4,1192,0,0
BRDA:4,1192,1,0
BRDA:4,1193,0,0
BRDA:4,1193,1,0
BRDA:4,1194,0,0
BRDA:4,1194,1,0
BRDA:4,1195,0,0
BRDA:4,1195,1,0
BRDA:4,1196,0,0
BRDA:4,1196,1,0
BRDA:4,1197,0,0
BRDA:4,1197,1,0
BRDA:4,1198,0,0
BRDA:4,1198,1,0
BRDA:4,1199,0,0
BRDA:4,1199,1,0
BRDA:4,1200,0,0
BRDA:4,1200,1,0
BRDA:4,1201,0,0
BRDA:4,1201,1,0
BRDA:4,1201,2,0
BRDA:4,1202,0,0
BRDA:4,1202,1,0
BRDA:4,1203,0,0
BRDA:4,1203,1,0
BRDA:4,1204,0,0
BRDA:4,1204,1,0
BRDA:4,1205,0,0
BRDA:4,1205,1,0
BRDA:4,1206,0,0
BRDA:4,1206,1,0
BRDA:4,1207,0,0
BRDA:4,1207,1,0
BRDA:4,1208,0,0
BRDA:4,1208,1,0
BRDA:4,1209,0,0
BRDA:4,1209,1,0
BRDA:4,1210,0,0
BRDA:4,1210,1,0
BRDA:4,1211,0,0
BRDA:4,1211,1,0
BRDA:4,1212,0,0
BRDA:4,1212,1,0
BRDA:4,1212,2,0
BRDA:4,1213,0,0
BRDA:4,1213,1,0
BRDA:4,1214,0,0
BRDA:4,1214,1,0
BRDA:4,1214,2,0
BRDA:4,1214,3,0
BRDA:4,1214,4,0
BRDA:4,1214,5,0
BRDA:4,1215,0,0
BRDA:4,1215,1,0
BRDA:4,1216,0,0
BRDA:4,1216,1,0
BRDA:4,1217,0,0
BRDA:4,1217,1,0
BRDA:4,1218,0,0
BRDA:4,1218,1,0
BRDA:4,1219,0,0
BRDA:4,1219,1,0
BRDA:4,1220,0,0
BRDA:4,1220,1,0
BRDA:4,1221,0,0
BRDA:4,1221,1,0
BRDA:4,1222,0,0
BRDA:4,1222,1,0
BRDA:4,1223,0,0
BRDA:4,1223,1,0
BRDA:4,1224,0,0
BRDA:4,1224,1,0
BRDA:4,1225,0,0
BRDA:4,1225,1,0
BRDA:4,1226,0,0
BRDA:4,1226,1,0
BRDA:4,1226,2,0
BRDA:4,1227,0,0
BRDA:4,1227,1,0
BRDA:4,1228,0,0
BRDA:4,1228,1,0
BRDA:4,1228,2,0
BRDA:4,1229,0,0
BRDA:4,1229,1,0
BRDA:4,1230,0,0
BRDA:4,1230,1,0
BRDA:4,1231,0,0
BRDA:4,1231,1,0
BRDA:4,1232,0,0
BRDA:4,1232,1,0
BRDA:4,1233,0,0
BRDA:4,1233,1,0
BRDA:4,1234,0,0
BRDA:4,1234,1,0
BRDA:4,1235,0,0
BRDA:4,1235,1,0
BRDA:4,1236,0,0
BRDA:4,1236,1,0
BRDA:4,1237,0,0
BRDA:4,1237,1,0
BRDA:4,1238,0,0
BRDA:4,1238,1,0
BRDA:4,1239,0,0
BRDA:4,1239,1,0
BRDA:4,1240,0,0
BRDA:4,1240,1,0
BRDA:4,1241,0,0
BRDA:4,1241,1,0
BRDA:4,1242,0,0
BRDA:4,1242,1,0
BRDA:4,1243,0,0
BRDA:4,1243,1,0
BRDA:4,1244,0,0
BRDA:4,1244,1,0
BRDA:4,1245,0,0
BRDA:4,1245,1,0
BRDA:4,1246,0,0
BRDA:4,1246,1,0
BRDA:4,1247,0,0
BRDA:4,1247,1,0
BRDA:4,1248,0,0
BRDA:4,1248,1,0
BRDA:4,1249,0,0
BRDA:4,1249,1,0
BRDA:4,1249,2,0
BRDA:4,1249,3,0
BRDA:4,1250,0,0
BRDA:4,1250,1,0
BRDA:4,1251,0,0
BRDA:4,1251,1,0
BRDA:4,1252,0,0
BRDA:4,1252,1,0
BRDA:4,1253,0,0
BRDA:4,1253,1,0
BRDA:4,1254,0,0
BRDA:4,1254,1,0
BRDA:4,1255,0,0
BRDA:4,1255,1,0
BRDA:4,1256,0,0
BRDA:4,1256,1,0
BRDA:4,1257,0,0
BRDA:4,1257,1,0
BRDA:4,1258,0,0
BRDA:4,1258,1,0
BRDA:4,1259,0,0
BRDA:4,1259,1,0
BRDA:4,1260,0,0
BRDA:4,1260,1,0
BRDA:4,1261,0,0
BRDA:4,1261,1,0
BRDA:4,1262,0,0
BRDA:4,1262,1,0
BRDA:4,1263,0,0
BRDA:4,1263,1,0
BRDA:4,1264,0,0
BRDA:4,1264,1,0
BRDA:4,1265,0,0
BRDA:4,1265,1,0
BRDA:4,1266,0,0
BRDA:4,1266,1,0
BRDA:4,1267,0,0
BRDA:4,1267,1,0
BRDA:4,1268,0,0
BRDA:4,1268,1,0
BRDA:4,1269,0,0
BRDA:4,1269,1,0
BRDA:4,1269,2,0
BRDA:4,1270,0,0
BRDA:4,1270,1,0
BRDA:4,1271,0,0
BRDA:4,1271,1,0
BRDA:4,1272,0,0
BRDA:4,1272,1,0
BRDA:4,1273,0,0
BRDA:4,1273,1,0
BRDA:4,1274,0,0
BRDA:4,1274,1,0
BRDA:4,1275,0,0
BRDA:4,1275,1,0
BRDA:4,1276,0,0
BRDA:4,1276,1,0
BRDA:4,1277,0,0
BRDA:4,1277,1,0
BRDA:4,1278,0,0
BRDA:4,1278,1,0
BRDA:4,1279,0,0
BRDA:4,1279,1,0
BRDA:4,1280,0,0
BRDA:4,1280,1,0
BRDA:4,1281,0,0
BRDA:4,1281,1,0
BRDA:4,1282,0,0
BRDA:4,1282,1,0
BRDA:4,1283,0,0
BRDA:4,1283,1,0
BRDA:4,1283,2,0
BRDA:4,1284,0,0
BRDA:4,1284,1,0
BRDA:4,1284,2,0
BRDA:4,1284,3,0
BRDA:4,1285,0,0
BRDA:4,1285,1,0
BRDA:4,1286,0,0
BRDA:4,1286,1,0
BRDA:4,1287,0,0
BRDA:4,1287,1,0
BRDA:4,1288,0,0
BRDA:4,1288,1,0
BRDA:4,1288,2,0
BRDA:4,1288,3,0
BRDA:4,1289,0,0
BRDA:4,1289,1,0
BRDA:4,1290,0,0
BRDA:4,1290,1,0
BRDA:4,1290,2,0
BRDA:4,1291,0,0
BRDA:4,1291,1,0
BRDA:4,1292,0,0
BRDA:4,1292,1,0
BRDA:4,1292,2,0
BRDA:4,1292,3,0
BRDA:4,1293,0,0
BRDA:4,1293,1,0
BRDA:4,1294,0,0
BRDA:4,1294,1,0
BRDA:4,1295,0,0
BRDA:4,1295,1,0
BRDA:4,1296,0,0
BRDA:4,1296,1,0
BRDA:4,1297,0,0
BRDA:4,1297,1,0
BRDA:4,1298,0,0
BRDA:4,1298,1,0
BRDA:4,1299,0,0
BRDA:4,1299,1,0
BRDA:4,1300,0,0
BRDA:4,1300,1,0
BRDA:4,1301,0,0
BRDA:4,1301,1,0
BRDA:4,1301,2,0
BRDA:4,1301,3,0
BRDA:4,1301,4,0
BRDA:4,1302,0,0
BRDA:4,1302,1,0
BRDA:4,1303,0,0
BRDA:4,1303,1,0
BRDA:4,1304,0,0
BRDA:4,1304,1,0
BRDA:4,1305,0,0
BRDA:4,1305,1,0
BRDA:4,1306,0,0
BRDA:4,1306,1,0
BRDA:4,1306,2,0
BRDA:4,1307,0,0
BRDA:4,1307,1,0
BRDA:4,1308,0,0
BRDA:4,1308,1,0
BRDA:4,1309,0,0
BRDA:4,1309,1,0
BRDA:4,1310,0,0
BRDA:4,1310,1,0
BRDA:4,1310,2,0
BRDA:4,1311,0,0
BRDA:4,1311,1,0
BRDA:4,1312,0,0
BRDA:4,1312,1,0
BRDA:4,1313,0,0
BRDA:4,1313,1,0
BRDA:4,1314,0,0
BRDA:4,1314,1,0
BRDA:4,1315,0,0
BRDA:4,1315,1,0
BRDA:4,1316,0,0
BRDA:4,1316,1,0
BRDA:4,1316,2,0
BRDA:4,1317,0,0
BRDA:4,1317,1,0
BRDA:4,1318,0,0
BRDA:4,1318,1,0
BRDA:4,1319,0,0
BRDA:4,1319,1,0
BRDA:4,1320,0,0
BRDA:4,1320,1,0
BRDA:4,1321,0,0
BRDA:4,1321,1,0
BRDA:4,1322,0,0
BRDA:4,1322,1,0
BRDA:4,1323,0,0
BRDA:4,1323,1,0
BRDA:4,1324,0,0
BRDA:4,1324,1,0
BRDA:4,1325,0,0
BRDA:4,1325,1,0
BRDA:4,1325,2,0
BRDA:4,1326,0,0
BRDA:4,1326,1,0
BRDA:4,1327,0,0
BRDA:4,1327,1,0
BRDA:4,1328,0,0
BRDA:4,1328,1,0
BRDA:4,1329,0,0
BRDA:4,1329,1,0
BRDA:4,1330,0,0
BRDA:4,1330,1,0
BRDA:4,1331,0,0
BRDA:4,1331,1,0
BRDA:4,1332,0,0
BRDA:4,1332,1,0
BRDA:4,1333,0,0
BRDA:4,1333,1,0
BRDA:4,1334,0,0
BRDA:4,1334,1,0
BRDA:4,1335,0,0
BRDA:4,1335,1,0
BRDA:4,1336,0,0
BRDA:4,1336,1,0
BRDA:4,1337,0,0
BRDA:4,1337,1,0
BRDA:4,1338,0,0
BRDA:4,1338,1,0
BRDA:4,1339,0,0
BRDA:4,1339,1,0
BRDA:4,1340,0,0
BRDA:4,1340,1,0
BRDA:4,1341,0,0
BRDA:4,1341,1,0
BRDA:4,1342,0,0
BRDA:4,1342,1,0
BRDA:4,1343,0,0
BRDA:4,1343,1,0
BRDA:4,1343,2,0
BRDA:4,1344,0,0
BRDA:4,1344,1,0
BRDA:4,1345,0,0
BRDA:4,1345,1,0
BRDA:4,1346,0,0
BRDA:4,1346,1,0
BRDA:4,1346,2,0
BRDA:4,1347,0,0
BRDA:4,1347,1,0
BRDA:4,1348,0,0
BRDA:4,1348,1,0
BRDA:4,1348,2,0
BRDA:4,1349,0,0
BRDA:4,1349,1,0
BRDA:4,1349,2,0
BRDA:4,1350,0,0
BRDA:4,1350,1,0
BRDA:4,1351,0,0
BRDA:4,1351,1,0
BRDA:4,1352,0,0
BRDA:4,1352,1,0
BRDA:4,1353,0,0
BRDA:4,1353,1,0
BRDA:4,1354,0,0
BRDA:4,1354,1,0
BRDA:4,1355,0,0
BRDA:4,1355,1,0
BRDA:4,1356,0,0
BRDA:4,1356,1,0
BRDA:4,1357,0,0
BRDA:4,1357,1,0
BRDA:4,1358,0,0
BRDA:4,1358,1,0
BRDA:4,1359,0,0
BRDA:4,1359,1,0
BRDA:4,1360,0,0
BRDA:4,1360,1,0
BRDA:4,1361,0,0
BRDA:4,1361,1,0
BRDA:4,1361,2,0
BRDA:4,1362,0,0
BRDA:4,1362,1,0
BRDA:4,1363,0,0
BRDA:4,1363,1,0
BRDA:4,1364,0,0
BRDA:4,1364,1,0
BRDA:4,1365,0,0
BRDA:4,1365,1,0
BRDA:4,1366,0,0
BRDA:4,1366,1,0
BRDA:4,1367,0,0
BRDA:4,1367,1,0
BRDA:4,1368,0,0
BRDA:4,1368,1,0
BRDA:4,1369,0,0
BRDA:4,1369,1,0
BRDA:4,1370,0,0
BRDA:4,1370,1,0
BRDA:4,1371,0,0
BRDA:4,1371,1,0
BRDA:4,1372,0,0
BRDA:4,1372,1,0
BRDA:4,1373,0,0
BRDA:4,1373,1,0
BRDA:4,1374,0,0
BRDA:4,1374,1,0
BRDA:4,1374,2,0
BRDA:4,1374,3,0
BRDA:4,1375,0,0
BRDA:4,1375,1,0
BRDA:4,1376,0,0
BRDA:4,1376,1,0
BRDA:4,1377,0,0
BRDA:4,1377,1,0
BRDA:4,1378,0,0
BRDA:4,1378,1,0
BRDA:4,1379,0,0
BRDA:4,1379,1,0
BRDA:4,1380,0,0
BRDA:4,1380,1,0
BRDA:4,1381,0,0
BRDA:4,1381,1,0
BRDA:4,1382,0,0
BRDA:4,1382,1,0
BRDA:4,1383,0,0
BRDA:4,1383,1,0
BRDA:4,1384,0,0
BRDA:4,1384,1,0
BRDA:4,1385,0,0
BRDA:4,1385,1,0
BRDA:4,1385,2,0
BRDA:4,1386,0,0
BRDA:4,1386,1,0
BRDA:4,1387,0,0
BRDA:4,1387,1,0
BRDA:4,1388,0,0
BRDA:4,1388,1,0
BRDA:4,1389,0,0
BRDA:4,1389,1,0
BRDA:4,1390,0,0
BRDA:4,1390,1,0
BRDA:4,1391,0,0
BRDA:4,1391,1,0
BRDA:4,1392,0,0
BRDA:4,1392,1,0
BRDA:4,1392,2,0
BRDA:4,1393,0,0
BRDA:4,1393,1,0
BRDA:4,1394,0,0
BRDA:4,1394,1,0
BRDA:4,1395,0,0
BRDA:4,1395,1,0
BRDA:4,1395,2,0
BRDA:4,1396,0,0
BRDA:4,1396,1,0
BRDA:4,1397,0,0
BRDA:4,1397,1,0
BRDA:4,1398,0,0
BRDA:4,1398,1,0
BRDA:4,1399,0,0
BRDA:4,1399,1,0
BRDA:4,1400,0,0
BRDA:4,1400,1,0
BRDA:4,1401,0,0
BRDA:4,1401,1,0
BRDA:4,1402,0,0
BRDA:4,1402,1,0
BRDA:4,1402,2,0
BRDA:4,1403,0,0
BRDA:4,1403,1,0
BRDA:4,1404,0,0
BRDA:4,1404,1,0
BRDA:4,1405,0,0
BRDA:4,1405,1,0
BRDA:4,1406,0,0
BRDA:4,1406,1,0
BRDA:4,1407,0,0
BRDA:4,1407,1,0
BRDA:4,1408,0,0
BRDA:4,1408,1,0
BRDA:4,1409,0,0
BRDA:4,1409,1,0
BRDA:4,1410,0,0
BRDA:4,1410,1,0
BRDA:4,1411,0,0
BRDA:4,1411,1,0
BRDA:4,1412,0,0
BRDA:4,1412,1,0
BRDA:4,1413,0,0
BRDA:4,1413,1,0
BRDA:4,1414,0,0
BRDA:4,1414,1,0
BRDA:4,1415,0,0
BRDA:4,1415,1,0
BRDA:4,1416,0,0
BRDA:4,1416,1,0
BRDA:4,1417,0,0
BRDA:4,1417,1,0
BRDA:4,1418,0,0
BRDA:4,1418,1,0
BRDA:4,1419,0,0
BRDA:4,1419,1,0
BRDA:4,1420,0,0
BRDA:4,1420,1,0
BRDA:4,1421,0,0
BRDA:4,1421,1,0
BRDA:4,1422,0,0
BRDA:4,1422,1,0
BRDA:4,1423,0,0
BRDA:4,1423,1,0
BRDA:4,1424,0,0
BRDA:4,1424,1,0
BRDA:4,1425,0,0
BRDA:4,1425,1,0
BRDA:4,1426,0,0
BRDA:4,1426,1,0
BRDA:4,1427,0,0
BRDA:4,1427,1,0
BRDA:4,1428,0,0
BRDA:4,1428,1,0
BRDA:4,1428,2,0
BRDA:4,1429,0,0
BRDA:4,1429,1,0
BRDA:4,1430,0,0
BRDA:4,1430,1,0
BRDA:4,1431,0,0
BRDA:4,1431,1,0
BRDA:4,1432,0,0
BRDA:4,1432,1,0
BRDA:4,1433,0,0
BRDA:4,1433,1,0
BRDA:4,1434,0,0
BRDA:4,1434,1,0
BRDA:4,1435,0,0
BRDA:4,1435,1,0
BRDA:4,1436,0,0
BRDA:4,1436,1,0
BRDA:4,1437,0,0
BRDA:4,1437,1,0
BRDA:4,1438,0,0
BRDA:4,1438,1,0
BRDA:4,1439,0,0
BRDA:4,1439,1,0
BRDA:4,1440,0,0
BRDA:4,1440,1,0
BRDA:4,1440,2,0
BRDA:4,1441,0,0
BRDA:4,1441,1,0
BRDA:4,1442,0,0
BRDA:4,1442,1,0
BRDA:4,1442,2,0
BRDA:4,1443,0,0
BRDA:4,1443,1,0
BRF:3189
BRH:0
end_of_record
